/COM,ANSYS RELEASE 2025 R2           BUILD 25.2      UP20250519       13:22:06

 *** WARNING ***                         CP =       1.438   TIME= 13:22:07
 The data for *GET entity NODE item CPS and NODE= 17606 is not defined.  
                                                                         
  The *GET command is ignored.                                           

 *** WARNING ***                         CP =       1.438   TIME= 13:22:07
 The data for *GET entity NODE item CPS and NODE= 16271 is not defined.  
                                                                         
  The *GET command is ignored.                                           

 *** WARNING ***                         CP =       1.438   TIME= 13:22:07
 The data for *GET entity NODE item CPS and NODE= 16267 is not defined.  
                                                                         
  The *GET command is ignored.                                           

 *** WARNING ***                         CP =       2.859   TIME= 13:22:08
 Element shape checking is currently inactive.  Issue SHPP,ON or         
 SHPP,WARN to reactivate, if desired.                                    

 *** WARNING ***                         CP =       2.984   TIME= 13:22:08
 Contact element 6115 is missing DOF VOLT (and possibly others) of       
 underlying base element 3631.  Similar mismatches may exist elsewhere,  
 but checking for this is discontinued.                                  

 *** WARNING ***                         CP =       3.047   TIME= 13:22:08
 Element shape checking is currently inactive.  Issue SHPP,ON or         
 SHPP,WARN to reactivate, if desired.                                    

 *** WARNING ***                         CP =       3.047   TIME= 13:22:08
 Element shape checking is currently inactive.  Issue SHPP,ON or         
 SHPP,WARN to reactivate, if desired.                                    

 *** WARNING ***                         CP =       3.047   TIME= 13:22:08
 Element shape checking is currently inactive.  Issue SHPP,ON or         
 SHPP,WARN to reactivate, if desired.                                    

 *** WARNING ***                         CP =       3.391   TIME= 13:22:08
 Contact element 6115 is missing DOF VOLT (and possibly others) of       
 underlying base element 3631.  Similar mismatches may exist elsewhere,  
 but checking for this is discontinued.                                  

 *** WARNING ***                         CP =       3.391   TIME= 13:22:08
 Contact element 6115 is missing DOF VOLT (and possibly others) of       
 underlying base element 3631.  Similar mismatches may exist elsewhere,  
 but checking for this is discontinued.                                  

 *** WARNING ***                         CP =       3.391   TIME= 13:22:08
 Contact element 6115 is missing DOF VOLT (and possibly others) of       
 underlying base element 3631.  Similar mismatches may exist elsewhere,  
 but checking for this is discontinued.                                  
/COM,ANSYS RELEASE 2025 R2           BUILD 25.2      UP20250519       13:27:41
/COM,ANSYS RELEASE 2025 R2           BUILD 25.2      UP20250519       13:28:55

 *** ERROR ***                           CP =       0.500   TIME= 13:28:55
 The geometry is not available.  Issue the RESUME command to restore the 
 database.                                                               
/COM,ANSYS RELEASE 2025 R2           BUILD 25.2      UP20250519       13:31:52

 *** ERROR ***                           CP =       0.375   TIME= 13:31:53
 The geometry is not available.  Issue the RESUME command to restore the 
 database.                                                               
