
 Ansys Mechanical Enterprise Academic Student      


 *------------------------------------------------------------------*
 |                                                                  |
 |   W E L C O M E   T O   T H E   A N S Y S (R)  P R O G R A M     |
 |                                                                  |
 *------------------------------------------------------------------*




 ***************************************************************
 *         ANSYS MAPDL 2025 R2          LEGAL NOTICES          *
 ***************************************************************
 *                                                             *
 * Copyright 1971-2025 Ansys, Inc.  All rights reserved.       *
 * Unauthorized use, distribution or duplication is            *
 * prohibited.                                                 *
 *                                                             *
 * Ansys is a registered trademark of Ansys, Inc. or its       *
 * subsidiaries in the United States or other countries.       *
 * See the Ansys, Inc. online documentation or the Ansys, Inc. *
 * documentation CD or online help for the complete Legal      *
 * Notice.                                                     *
 *                                                             *
 ***************************************************************
 *                                                             *
 * THIS ANSYS SOFTWARE PRODUCT AND PROGRAM DOCUMENTATION       *
 * INCLUDE TRADE SECRETS AND CONFIDENTIAL AND PROPRIETARY      *
 * PRODUCTS OF ANSYS, INC., ITS SUBSIDIARIES, OR LICENSORS.    *
 * The software products and documentation are furnished by    *
 * Ansys, Inc. or its subsidiaries under a software license    *
 * agreement that contains provisions concerning               *
 * non-disclosure, copying, length and nature of use,          *
 * compliance with exporting laws, warranties, disclaimers,    *
 * limitations of liability, and remedies, and other           *
 * provisions.  The software products and documentation may be *
 * used, disclosed, transferred, or copied only in accordance  *
 * with the terms and conditions of that software license      *
 * agreement.                                                  *
 *                                                             *
 * Ansys, Inc. is a UL registered                              *
 * ISO 9001:2015 company.                                      *
 *                                                             *
 ***************************************************************
 *                                                             *
 * This product is subject to U.S. laws governing export and   *
 * re-export.                                                  *
 *                                                             *
 * For U.S. Government users, except as specifically granted   *
 * by the Ansys, Inc. software license agreement, the use,     *
 * duplication, or disclosure by the United States Government  *
 * is subject to restrictions stated in the Ansys, Inc.        *
 * software license agreement and FAR 12.212 (for non-DOD      *
 * licenses).                                                  *
 *                                                             *
 ***************************************************************

 2025 R2 
     
 Point Releases and Patches installed:   
     
 Discovery 2025 R2   
 Core WB Files 2025 R2   
 optiSLang 2025 R2   
 CFX (includes CFD-Post) 2025 R2 
 Chemkin 2025 R2 
 EnSight 2025 R2 
 FENSAP-ICE 2025 R2  
 Fluent (includes CFD-Post) 2025 R2  
 Polyflow (includes CFD-Post) 2025 R2
 Forte (includes EnSight) 2025 R2
 Rocky 2025 R2   
 TurboGrid 2025 R2   
 ACIS Geometry Interface 2025 R2 
 AutoCAD Geometry Interface 2025 R2  
 Catia, Version 4 Geometry Interface 2025 R2 
 Catia, Version 5 Geometry Interface 2025 R2 
 Catia, Version 6 Geometry Interface 2025 R2 
 Creo Elements/Direct Modeling Geometry Interface 2025 R2
 Creo Parametric Geometry Interface 2025 R2  
 Inventor Geometry Interface 2025 R2 
 JTOpen Geometry Interface 2025 R2   
 NX Geometry Interface 2025 R2   
 Parasolid Geometry Interface  2025 R2   
 Solid Edge Geometry Interface 2025 R2   
 SOLIDWORKS Geometry Interface 2025 R2   
 Speos 2025 R2   
 SpaceClaim 2025 R2  
 Speos RPC 2025 R2   
 Zemax OpticStudio 2025 R2   
 Dynamic Reporting 2025 R2   
 Aqwa 2025 R2
 Autodyn 2025 R2 
 Material Calibration App 2025 R2
 Mechanical Products 2025 R2 
 Motion 2025 R2  
 Academic Student 2025 R2


          *****  MAPDL COMMAND LINE ARGUMENTS  *****
  BATCH MODE REQUESTED (-b)    = NOLIST
  INPUT FILE COPY MODE (-c)    = COPY
  DISTRIBUTED MEMORY PARALLEL REQUESTED
       4 PARALLEL PROCESSES REQUESTED WITH SINGLE THREAD PER PROCESS
    TOTAL OF     4 CORES REQUESTED
  INPUT FILE NAME              = C:\Users\stolf\dev\EsercitazioniSensori\esercitazione_b\esercizio_1\_ProjectScratch\Scr127C\dummy.dat
  OUTPUT FILE NAME             = C:\Users\stolf\dev\EsercitazioniSensori\esercitazione_b\esercizio_1\_ProjectScratch\Scr127C\solve.out
  START-UP FILE MODE           = NOREAD
  STOP FILE MODE               = NOREAD

 RELEASE= 2025 R2              BUILD= 25.2      UP20250519   VERSION=WINDOWS x64 
 CURRENT JOBNAME=file0  20:16:21  NOV 29, 2025 CP=      0.094


 PARAMETER _DS_PROGRESS =     999.0000000    

 /INPUT FILE= ds.dat  LINE=       0



 *** NOTE ***                            CP =       0.453   TIME= 20:16:21
 The /CONFIG,NOELDB command is not valid in a distributed memory         
 parallel solution.  Command is ignored.                                 

 *GET  _WALLSTRT  FROM  ACTI  ITEM=TIME WALL  VALUE=  20.2725000    

 TITLE= 
 simulazioneTrasduttoreUltrasonico--Harmonic Response (D3)                     

  ACT Extensions:
      PiezoAndMEMS, 2020.1
      0cd64874-101b-4182-aef8-530cf9982bb6, wbex
 /COM,     LSDYNA, 2025.2
      5f463412-bd3e-484b-87e7-cbc0a665e474, wbex
 /COM,     ANSYSMotion, 2025.2
      20180725-3f81-49eb-9f31-41364844c769, wbex
  

 SET PARAMETER DIMENSIONS ON  _WB_PROJECTSCRATCH_DIR
  TYPE=STRI  DIMENSIONS=      248        1        1

 PARAMETER _WB_PROJECTSCRATCH_DIR(1) = C:\Users\stolf\dev\EsercitazioniSensori\esercitazione_b\esercizio_1\_ProjectScratch\Scr127C\

 SET PARAMETER DIMENSIONS ON  _WB_SOLVERFILES_DIR
  TYPE=STRI  DIMENSIONS=      248        1        1

 PARAMETER _WB_SOLVERFILES_DIR(1) = C:\Users\stolf\dev\EsercitazioniSensori\esercitazione_b\esercizio_1\simulazioneTrasduttoreUltrasonico_files\dp0\SYS-4\MECH\

 SET PARAMETER DIMENSIONS ON  _WB_USERFILES_DIR
  TYPE=STRI  DIMENSIONS=      248        1        1

 PARAMETER _WB_USERFILES_DIR(1) = C:\Users\stolf\dev\EsercitazioniSensori\esercitazione_b\esercizio_1\simulazioneTrasduttoreUltrasonico_files\user_files\
 --- Data in consistent MKS units. See Solving Units in the help system for more

 MKS UNITS SPECIFIED FOR INTERNAL    
  LENGTH        (l)  = METER (M)
  MASS          (M)  = KILOGRAM (KG)
  TIME          (t)  = SECOND (SEC)
  TEMPERATURE   (T)  = CELSIUS (C)
  TOFFSET            = 273.0
  CHARGE        (Q)  = COULOMB
  FORCE         (f)  = NEWTON (N) (KG-M/SEC2)
  HEAT               = JOULE (N-M)

  PRESSURE           = PASCAL (NEWTON/M**2)
  ENERGY        (W)  = JOULE (N-M)
  POWER         (P)  = WATT (N-M/SEC)
  CURRENT       (i)  = AMPERE (COULOMBS/SEC)
  CAPACITANCE   (C)  = FARAD
  INDUCTANCE    (L)  = HENRY
  MAGNETIC FLUX      = WEBER
  RESISTANCE    (R)  = OHM
  ELECTRIC POTENTIAL = VOLT

 INPUT  UNITS ARE ALSO SET TO MKS 

 *** MAPDL - ENGINEERING ANALYSIS SYSTEM  RELEASE 2025 R2          25.2     ***
 Ansys Mechanical Enterprise Academic Student      
 01055371  VERSION=WINDOWS x64   20:16:21  NOV 29, 2025 CP=      0.469

 simulazioneTrasduttoreUltrasonico--Harmonic Response (D3)                     



          ***** MAPDL ANALYSIS DEFINITION (PREP7) *****
 *********** Send User Defined Coordinate System(s) ***********
 *********** Nodes for the whole assembly ***********
 *********** Elements for Body 1 'M1(Mechanical Model)' ***********
 *********** Elements for Body 2 'M2(Mechanical Model)' ***********
 *********** Elements for Body 3 'C1(Mechanical Model)' ***********
 *********** Elements for Body 4 'C2(Mechanical Model)' ***********
 *********** Set Reference Temperature ***********
 *********** Send Materials ***********
 *********** Create Contact "Bonded - M1 To C1(Mechanical Model)" ***********
             Real Constant Set For Above Contact Is 6 & 5
 *********** Create Contact "Bonded - C2 To M2(Mechanical Model)" ***********
             Real Constant Set For Above Contact Is 8 & 7
 *********** Create Contact "Bonded - C1 To C2(Mechanical Model)" ***********
             Real Constant Set For Above Contact Is 10 & 9
 *********** Send Named Selection as Node Component ***********
 *********** Send Named Selection as Node Component ***********


 ***** ROUTINE COMPLETED *****  CP =         0.969


 --- Number of total nodes = 31908
 --- Number of contact elements = 1896
 --- Number of spring elements = 0
 --- Number of bearing elements = 0
 --- Number of solid elements = 6709
 --- Number of condensed parts = 0
 --- Number of total elements = 8605

 *GET  _WALLBSOL  FROM  ACTI  ITEM=TIME WALL  VALUE=  20.2727778    

 *****  MAPDL SOLUTION ROUTINE  *****


 PERFORM A HARMONIC ANALYSIS
  THIS WILL BE A NEW ANALYSIS


 PERFORM A FULL HARMONIC RESPONSE ANALYSIS

 THERMAL STRAINS ARE NOT INCLUDED IN THE LOAD VECTOR.

 STEP BOUNDARY CONDITION KEY= 1

 HARMONIC FREQUENCY RANGE - END=  44000.      BEGIN=  36000.    

 USE   100 SUBSTEP(S) THIS LOAD STEP FOR ALL  DEGREES OF FREEDOM

 ERASE THE CURRENT DATABASE OUTPUT CONTROL TABLE.


 WRITE ALL  ITEMS TO THE DATABASE WITH A FREQUENCY OF NONE
   FOR ALL APPLICABLE ENTITIES

 WRITE NSOL ITEMS TO THE DATABASE WITH A FREQUENCY OF ALL 
   FOR ALL APPLICABLE ENTITIES

 WRITE EANG ITEMS TO THE DATABASE WITH A FREQUENCY OF ALL 
   FOR ALL APPLICABLE ENTITIES

 WRITE ETMP ITEMS TO THE DATABASE WITH A FREQUENCY OF ALL 
   FOR ALL APPLICABLE ENTITIES

 WRITE VENG ITEMS TO THE DATABASE WITH A FREQUENCY OF ALL 
   FOR ALL APPLICABLE ENTITIES

 WRITE STRS ITEMS TO THE DATABASE WITH A FREQUENCY OF ALL 
   FOR ALL APPLICABLE ENTITIES

 WRITE EPEL ITEMS TO THE DATABASE WITH A FREQUENCY OF ALL 
   FOR ALL APPLICABLE ENTITIES

 WRITE RSOL ITEMS TO THE DATABASE WITH A FREQUENCY OF ALL 
   FOR ALL APPLICABLE ENTITIES

 WRITE CONT ITEMS TO THE DATABASE WITH A FREQUENCY OF ALL 
   FOR ALL APPLICABLE ENTITIES

 WRITE NLOA ITEMS TO THE DATABASE WITH A FREQUENCY OF ALL 
   FOR ALL APPLICABLE ENTITIES
  
 ***********  Piezoelectric Properties C11 ***********
  
 CMBLOCK read of NODE component PIEZOELECTRIC BODY1                                                                                                                                                                                                                                               completed

 FINISH SOLUTION PROCESSING


 ***** ROUTINE COMPLETED *****  CP =         0.969



 *** MAPDL - ENGINEERING ANALYSIS SYSTEM  RELEASE 2025 R2          25.2     ***
 Ansys Mechanical Enterprise Academic Student      
 01055371  VERSION=WINDOWS x64   20:16:22  NOV 29, 2025 CP=      0.969

 simulazioneTrasduttoreUltrasonico--Harmonic Response (D3)                     



          ***** MAPDL ANALYSIS DEFINITION (PREP7) *****

 SELECT      COMPONENT PIEZOELECTRIC BODY1                                                                                                                                                                                                                                             

 SELECT      ONLY ELEMENTS COMPLETELY CONTAINED WITHIN NODE SET.

        700 ELEMENTS (OF       8605  DEFINED) SELECTED FROM
     1088 SELECTED NODES BY  ESLN COMMAND.

 RESELECT     FOR ITEM=ENAM COMPONENT=    
  IN RANGE       185 TO        185 STEP          1

          0  ELEMENTS (OF       8605  DEFINED) SELECTED BY  ESEL  COMMAND.

 *GET  INUM185   FROM  ELEM  ITEM=COUN           VALUE=  0.00000000    

 *IF  iNum185  ( =   0.00000     )  GT  
      0  ( =   0.00000     )  THEN    

 *ENDIF

 SELECT      COMPONENT PIEZOELECTRIC BODY1                                                                                                                                                                                                                                             

 SELECT      ONLY ELEMENTS COMPLETELY CONTAINED WITHIN NODE SET.

        700 ELEMENTS (OF       8605  DEFINED) SELECTED FROM
     1088 SELECTED NODES BY  ESLN COMMAND.

 RESELECT     FOR ITEM=ENAM COMPONENT=    
  IN RANGE       186 TO        186 STEP          1

        140  ELEMENTS (OF       8605  DEFINED) SELECTED BY  ESEL  COMMAND.

 *GET  INUM186   FROM  ELEM  ITEM=COUN           VALUE=  140.000000    

 *IF  iNum186  ( =   140.000     )  GT  
      0  ( =   0.00000     )  THEN    

 PARAMETER _ICURRENTELEM =     0.000000000    

 *DO LOOP ON PARAMETER= AR30 FROM  1.0000     TO  140.00     BY  1.0000    

 PARAMETER _ICURRENTELEM =     6381.000000    

 MODIFY ELEMENT      6381 (IF SELECTED) TO HAVE  ESYS =      0
     ELEM    MAT   TYP   REL   SEC   ESYS         NODES
    6381   3   3      3      3    0   29616 29450 29689 29618 29615 29448 29690 29617
                                      29773 30488 30462 29832 30233 30489 30463 30239
                                      30234 29914 30385 30240

 *GET  _ICURRENTETYP  FROM  ELEM      6381  ITEM=ATTR TYPE      VALUE=  3.00000000    

 ELEMENT TYPE          3 IS SOLID226     3-D 20-NODE STRU-ELECT SOLID
  KEYOPT( 1- 6)=     1001      0      0        0      0      0
  KEYOPT( 7-12)=        0      0      0        0      0      0
  KEYOPT(13-18)=        0      0      0        0      0      0

 CURRENT NODAL DOF SET IS  UX    UY    UZ    VOLT
  THREE-DIMENSIONAL MODEL

 *GET  _ICURRENTMAT  FROM  ELEM      6381  ITEM=ATTR MAT       VALUE=  3.00000000    

 DELETE PROPERTY  RSVX  FROM MATERIAL          3 TO          3 BY          1

 DELETE PROPERTY  RSVY  FROM MATERIAL          3 TO          3 BY          1

 DELETE PROPERTY  RSVZ  FROM MATERIAL          3 TO          3 BY          1

 DEFINE DATA TABLE  PIEZ  FOR MATERIAL     3

 DATA FOR  PIEZ  TABLE FOR MATERIAL   3
 LOC=  3 -2.8000      0.0000      0.0000      0.0000      0.0000      0.0000    

 DATA FOR  PIEZ  TABLE FOR MATERIAL   3
 LOC=  6 -2.8000      0.0000      0.0000      0.0000      0.0000      0.0000    

 DATA FOR  PIEZ  TABLE FOR MATERIAL   3
 LOC=  9  14.700      0.0000      0.0000      0.0000      0.0000      0.0000    

 DATA FOR  PIEZ  TABLE FOR MATERIAL   3
 LOC= 14  9.8600      0.0000      0.0000      0.0000      0.0000    

 DATA FOR  PIEZ  TABLE FOR MATERIAL   3
 LOC= 16  9.8600      0.0000      0.0000    

 DEFINE DATA TABLE  DPER  FOR MATERIAL     3

 DATA FOR  DPER  TABLE FOR MATERIAL   3
 LOC=  1  828.30      828.30      699.67      0.0000      0.0000      0.0000    

 *ENDDO  INDEX= AR30                            

 *ENDIF

 SELECT      COMPONENT PIEZOELECTRIC BODY1                                                                                                                                                                                                                                             

 SELECT      ONLY ELEMENTS COMPLETELY CONTAINED WITHIN NODE SET.

        700 ELEMENTS (OF       8605  DEFINED) SELECTED FROM
     1088 SELECTED NODES BY  ESLN COMMAND.

 RESELECT     FOR ITEM=ENAM COMPONENT=    
  IN RANGE       187 TO        187 STEP          1

          0  ELEMENTS (OF       8605  DEFINED) SELECTED BY  ESEL  COMMAND.

 *GET  INUM187   FROM  ELEM  ITEM=COUN           VALUE=  0.00000000    

 *IF  iNum187  ( =   0.00000     )  GT  
      0  ( =   0.00000     )  THEN    

 *ENDIF

 SELECT      COMPONENT PIEZOELECTRIC BODY1                                                                                                                                                                                                                                             

 SELECT      ONLY ELEMENTS COMPLETELY CONTAINED WITHIN NODE SET.

        700 ELEMENTS (OF       8605  DEFINED) SELECTED FROM
     1088 SELECTED NODES BY  ESLN COMMAND.

 RESELECT     FOR ITEM=ENAM COMPONENT=    
  IN RANGE       182 TO        182 STEP          1

          0  ELEMENTS (OF       8605  DEFINED) SELECTED BY  ESEL  COMMAND.

 *GET  INUM182   FROM  ELEM  ITEM=COUN           VALUE=  0.00000000    

 *IF  iNum182  ( =   0.00000     )  GT  
      0  ( =   0.00000     )  THEN    

 *ENDIF

 SELECT      COMPONENT PIEZOELECTRIC BODY1                                                                                                                                                                                                                                             

 SELECT      ONLY ELEMENTS COMPLETELY CONTAINED WITHIN NODE SET.

        700 ELEMENTS (OF       8605  DEFINED) SELECTED FROM
     1088 SELECTED NODES BY  ESLN COMMAND.

 RESELECT     FOR ITEM=ENAM COMPONENT=    
  IN RANGE       183 TO        183 STEP          1

          0  ELEMENTS (OF       8605  DEFINED) SELECTED BY  ESEL  COMMAND.

 *GET  INUM183   FROM  ELEM  ITEM=COUN           VALUE=  0.00000000    

 *IF  iNum183  ( =   0.00000     )  GT  
      0  ( =   0.00000     )  THEN    

 *ENDIF

 EM UNITS = USER  EPZERO= 0.88540E-11


 ***** ROUTINE COMPLETED *****  CP =         1.250



 *****  MAPDL SOLUTION ROUTINE  *****

 SELECT ALL ENTITIES OF TYPE= ALL  AND BELOW

 WRITE FGRA ITEMS TO THE DATABASE WITH A FREQUENCY OF ALL 
   FOR ALL APPLICABLE ENTITIES
  
 ***********  Piezoelectric Properties C234 ***********
  
 CMBLOCK read of NODE component PIEZOELECTRIC BODY34                                                                                                                                                                                                                                              completed

 FINISH SOLUTION PROCESSING


 ***** ROUTINE COMPLETED *****  CP =         1.281



 *** MAPDL - ENGINEERING ANALYSIS SYSTEM  RELEASE 2025 R2          25.2     ***
 Ansys Mechanical Enterprise Academic Student      
 01055371  VERSION=WINDOWS x64   20:16:22  NOV 29, 2025 CP=      1.281

 simulazioneTrasduttoreUltrasonico--Harmonic Response (D3)                     



          ***** MAPDL ANALYSIS DEFINITION (PREP7) *****

 SELECT      COMPONENT PIEZOELECTRIC BODY34                                                                                                                                                                                                                                            

 SELECT      ONLY ELEMENTS COMPLETELY CONTAINED WITHIN NODE SET.

        945 ELEMENTS (OF       8605  DEFINED) SELECTED FROM
     1416 SELECTED NODES BY  ESLN COMMAND.

 RESELECT     FOR ITEM=ENAM COMPONENT=    
  IN RANGE       185 TO        185 STEP          1

          0  ELEMENTS (OF       8605  DEFINED) SELECTED BY  ESEL  COMMAND.

 *GET  INUM185   FROM  ELEM  ITEM=COUN           VALUE=  0.00000000    

 *IF  iNum185  ( =   0.00000     )  GT  
      0  ( =   0.00000     )  THEN    

 *ENDIF

 SELECT      COMPONENT PIEZOELECTRIC BODY34                                                                                                                                                                                                                                            

 SELECT      ONLY ELEMENTS COMPLETELY CONTAINED WITHIN NODE SET.

        945 ELEMENTS (OF       8605  DEFINED) SELECTED FROM
     1416 SELECTED NODES BY  ESLN COMMAND.

 RESELECT     FOR ITEM=ENAM COMPONENT=    
  IN RANGE       186 TO        186 STEP          1

        189  ELEMENTS (OF       8605  DEFINED) SELECTED BY  ESEL  COMMAND.

 *GET  INUM186   FROM  ELEM  ITEM=COUN           VALUE=  189.000000    

 *IF  iNum186  ( =   189.000     )  GT  
      0  ( =   0.00000     )  THEN    

 PARAMETER _ICURRENTELEM =     0.000000000    

 *DO LOOP ON PARAMETER= AR30 FROM  1.0000     TO  189.00     BY  1.0000    

 PARAMETER _ICURRENTELEM =     6521.000000    

 MODIFY ELEMENT      6521 (IF SELECTED) TO HAVE  ESYS =      0
     ELEM    MAT   TYP   REL   SEC   ESYS         NODES
    6521   4   4      4      4    0   30907 30908 30733 30734 30533 30534 30554 30553
                                      31888 31907 31501 31908 31041 31087 31089 31092
                                      31892 31891 31549 31547

 *GET  _ICURRENTETYP  FROM  ELEM      6521  ITEM=ATTR TYPE      VALUE=  4.00000000    

 ELEMENT TYPE          4 IS SOLID226     3-D 20-NODE STRU-ELECT SOLID
  KEYOPT( 1- 6)=     1001      0      0        0      0      0
  KEYOPT( 7-12)=        0      0      0        0      0      0
  KEYOPT(13-18)=        0      0      0        0      0      0

 CURRENT NODAL DOF SET IS  UX    UY    UZ    VOLT
  THREE-DIMENSIONAL MODEL

 *GET  _ICURRENTMAT  FROM  ELEM      6521  ITEM=ATTR MAT       VALUE=  4.00000000    

 DELETE PROPERTY  RSVX  FROM MATERIAL          4 TO          4 BY          1

 DELETE PROPERTY  RSVY  FROM MATERIAL          4 TO          4 BY          1

 DELETE PROPERTY  RSVZ  FROM MATERIAL          4 TO          4 BY          1

 DEFINE DATA TABLE  PIEZ  FOR MATERIAL     4

 DATA FOR  PIEZ  TABLE FOR MATERIAL   4
 LOC=  3  2.8000      0.0000      0.0000      0.0000      0.0000      0.0000    

 DATA FOR  PIEZ  TABLE FOR MATERIAL   4
 LOC=  6  2.8000      0.0000      0.0000      0.0000      0.0000      0.0000    

 DATA FOR  PIEZ  TABLE FOR MATERIAL   4
 LOC=  9 -14.700      0.0000      0.0000      0.0000      0.0000      0.0000    

 DATA FOR  PIEZ  TABLE FOR MATERIAL   4
 LOC= 14 -9.8600      0.0000      0.0000      0.0000      0.0000    

 DATA FOR  PIEZ  TABLE FOR MATERIAL   4
 LOC= 16 -9.8600      0.0000      0.0000    

 DEFINE DATA TABLE  DPER  FOR MATERIAL     4

 DATA FOR  DPER  TABLE FOR MATERIAL   4
 LOC=  1  828.30      828.30      699.67      0.0000      0.0000      0.0000    

 *ENDDO  INDEX= AR30                            

 *ENDIF

 SELECT      COMPONENT PIEZOELECTRIC BODY34                                                                                                                                                                                                                                            

 SELECT      ONLY ELEMENTS COMPLETELY CONTAINED WITHIN NODE SET.

        945 ELEMENTS (OF       8605  DEFINED) SELECTED FROM
     1416 SELECTED NODES BY  ESLN COMMAND.

 RESELECT     FOR ITEM=ENAM COMPONENT=    
  IN RANGE       187 TO        187 STEP          1

          0  ELEMENTS (OF       8605  DEFINED) SELECTED BY  ESEL  COMMAND.

 *GET  INUM187   FROM  ELEM  ITEM=COUN           VALUE=  0.00000000    

 *IF  iNum187  ( =   0.00000     )  GT  
      0  ( =   0.00000     )  THEN    

 *ENDIF

 SELECT      COMPONENT PIEZOELECTRIC BODY34                                                                                                                                                                                                                                            

 SELECT      ONLY ELEMENTS COMPLETELY CONTAINED WITHIN NODE SET.

        945 ELEMENTS (OF       8605  DEFINED) SELECTED FROM
     1416 SELECTED NODES BY  ESLN COMMAND.

 RESELECT     FOR ITEM=ENAM COMPONENT=    
  IN RANGE       182 TO        182 STEP          1

          0  ELEMENTS (OF       8605  DEFINED) SELECTED BY  ESEL  COMMAND.

 *GET  INUM182   FROM  ELEM  ITEM=COUN           VALUE=  0.00000000    

 *IF  iNum182  ( =   0.00000     )  GT  
      0  ( =   0.00000     )  THEN    

 *ENDIF

 SELECT      COMPONENT PIEZOELECTRIC BODY34                                                                                                                                                                                                                                            

 SELECT      ONLY ELEMENTS COMPLETELY CONTAINED WITHIN NODE SET.

        945 ELEMENTS (OF       8605  DEFINED) SELECTED FROM
     1416 SELECTED NODES BY  ESLN COMMAND.

 RESELECT     FOR ITEM=ENAM COMPONENT=    
  IN RANGE       183 TO        183 STEP          1

          0  ELEMENTS (OF       8605  DEFINED) SELECTED BY  ESEL  COMMAND.

 *GET  INUM183   FROM  ELEM  ITEM=COUN           VALUE=  0.00000000    

 *IF  iNum183  ( =   0.00000     )  GT  
      0  ( =   0.00000     )  THEN    

 *ENDIF

 EM UNITS = USER  EPZERO= 0.88540E-11


 ***** ROUTINE COMPLETED *****  CP =         1.531



 *****  MAPDL SOLUTION ROUTINE  *****

 SELECT ALL ENTITIES OF TYPE= ALL  AND BELOW

 WRITE FGRA ITEMS TO THE DATABASE WITH A FREQUENCY OF ALL 
   FOR ALL APPLICABLE ENTITIES
  
 ***********  C2-V067 ***********
  
 CMBLOCK read of NODE component VOLTAGE67                                                                                                                                                                                                                                                         completed

 SELECT      COMPONENT VOLTAGE67                                                                                                                                                                                                                                                       

 *GET  _NUMMIN   FROM  NODE  ITEM=NUM  MIN   VALUE=  30493.0000     

 PARAMETER _ISCP =     0.000000000    

 *** WARNING ***                         CP =       1.531   TIME= 20:16:22
 The data for *GET entity NODE item CPS and NODE= 30493 is not defined.  
                                                                         
  The *GET command is ignored.                                           

 *IF  _isCP  ( =   0.00000     )  EQ  
      0  ( =   0.00000     )  THEN    

 COUPLED SET =          1  DIRECTION= VOLT  TOTAL NODES=      604
 MAXIMUM COUPLED SET NUMBER =          1

 *ENDIF

 SPECIFIED CONSTRAINT VOLT FOR SELECTED NODES        30493 TO       30493 BY           1
 REAL=  0.00000000       IMAG=  0.00000000    

 SELECT ALL ENTITIES OF TYPE= ALL  AND BELOW
  
 ***********  C1-V1127 ***********
  

 SELECT      COMPONENT PZT_CONNECTION                                                                                                                                                                                                                                                  

 *GET  _NUMMIN   FROM  NODE  ITEM=NUM  MIN   VALUE=  29409.0000     

 PARAMETER _ISCP =     0.000000000    

 *** WARNING ***                         CP =       1.531   TIME= 20:16:22
 The data for *GET entity NODE item CPS and NODE= 29409 is not defined.  
                                                                         
  The *GET command is ignored.                                           

 *IF  _isCP  ( =   0.00000     )  EQ  
      0  ( =   0.00000     )  THEN    

 COUPLED SET =          2  DIRECTION= VOLT  TOTAL NODES=      463
 MAXIMUM COUPLED SET NUMBER =          2

 *ENDIF

 SPECIFIED CONSTRAINT VOLT FOR SELECTED NODES        29409 TO       29409 BY           1
 REAL=  1.00000000       IMAG=  0.00000000    

 SELECT ALL ENTITIES OF TYPE= ALL  AND BELOW
  
 ***********  C1-V0167 ***********
  
 CMBLOCK read of NODE component VOLTAGE167                                                                                                                                                                                                                                                        completed

 SELECT      COMPONENT VOLTAGE167                                                                                                                                                                                                                                                      

 *GET  _NUMMIN   FROM  NODE  ITEM=NUM  MIN   VALUE=  29405.0000     

 PARAMETER _ISCP =     0.000000000    

 *** WARNING ***                         CP =       1.594   TIME= 20:16:22
 The data for *GET entity NODE item CPS and NODE= 29405 is not defined.  
                                                                         
  The *GET command is ignored.                                           

 *IF  _isCP  ( =   0.00000     )  EQ  
      0  ( =   0.00000     )  THEN    

 COUPLED SET =          3  DIRECTION= VOLT  TOTAL NODES=      463
 MAXIMUM COUPLED SET NUMBER =          3

 *ENDIF

 SPECIFIED CONSTRAINT VOLT FOR SELECTED NODES        29405 TO       29405 BY           1
 REAL=  0.00000000       IMAG=  0.00000000    

 SELECT ALL ENTITIES OF TYPE= ALL  AND BELOW

 *GET  ANSINTER_  FROM  ACTI  ITEM=INT        VALUE=  0.00000000    

 *IF  ANSINTER_  ( =   0.00000     )  NE  
      0  ( =   0.00000     )  THEN    

 *ENDIF

 *** NOTE ***                            CP =       1.656   TIME= 20:16:22
 The automatic domain decomposition logic has selected the FREQ domain   
 decomposition method with 1 processes per frequency solution.           

 *****  MAPDL SOLVE    COMMAND  *****



   D I S T R I B U T E D   D O M A I N   D E C O M P O S E R

 ...Number of frequency solutions:  100
 ...Decompose to 4 frequency domains (with 1 processes per domain)


 *** WARNING ***                         CP =       2.797   TIME= 20:16:22
 Element shape checking is currently inactive.  Issue SHPP,ON or         
 SHPP,WARN to reactivate, if desired.                                    

 *** NOTE ***                            CP =       2.859   TIME= 20:16:22
 The model data was checked and warning messages were found.             
  Please review output or errors file (                                  
 C:\Users\stolf\dev\EsercitazioniSensori\esercitazione_b\esercizio_1\_Pr 
 rojectScratch\Scr127C\file0.err ) for these warning messages.           

 *** SELECTION OF ELEMENT TECHNOLOGIES FOR APPLICABLE ELEMENTS ***
      --- GIVE SUGGESTIONS AND RESET THE KEY OPTIONS ---

 ELEMENT TYPE         1 IS SOLID186. KEYOPT(2) IS ALREADY SET AS SUGGESTED FOR A COUPLED FIELD ANALYSIS.

 ELEMENT TYPE         2 IS SOLID186. KEYOPT(2) IS ALREADY SET AS SUGGESTED FOR A COUPLED FIELD ANALYSIS.



 *** MAPDL - ENGINEERING ANALYSIS SYSTEM  RELEASE 2025 R2          25.2     ***
 Ansys Mechanical Enterprise Academic Student      
 01055371  VERSION=WINDOWS x64   20:16:22  NOV 29, 2025 CP=      2.859

 simulazioneTrasduttoreUltrasonico--Harmonic Response (D3)                     



                       S O L U T I O N   O P T I O N S

   PROBLEM DIMENSIONALITY. . . . . . . . . . . . .3-D                  
   DEGREES OF FREEDOM. . . . . . UX   UY   UZ   VOLT
   ANALYSIS TYPE . . . . . . . . . . . . . . . . .HARMONIC             
      SOLUTION METHOD. . . . . . . . . . . . . . .FULL
   OFFSET TEMPERATURE FROM ABSOLUTE ZERO . . . . .  273.15    
   THERMAL EXPANSION . . . . . . . . . . . . . . .OFF
   COMPLEX DISPLACEMENT PRINT OPTION . . . . . . .REAL AND IMAGINARY       
   GLOBALLY ASSEMBLED MATRIX . . . . . . . . . . .SYMMETRIC  

 *** NOTE ***                            CP =       2.922   TIME= 20:16:22
 The structural-electrostatic analysis with KEYOPT(1) = 1001 of element  
 SOLID226 will be piezoelectric.                                         

 *** NOTE ***                            CP =       2.922   TIME= 20:16:22
 The structural-electrostatic analysis with KEYOPT(1) = 1001 of element  
 SOLID226 will be piezoelectric.                                         

 *** NOTE ***                            CP =       2.922   TIME= 20:16:22
 The conditions for direct assembly have been met.  No .emat or .erot    
 files will be produced.                                                 

 *** WARNING ***                         CP =       3.422   TIME= 20:16:22
 Contact element 10208 is missing DOF VOLT (and possibly others) of      
 underlying base element 6519.  Similar mismatches may exist elsewhere,  
 but checking for this is discontinued.                                  

 *** NOTE ***                            CP =       4.328   TIME= 20:16:23
 Symmetric Deformable- deformable contact pair identified by real        
 constant set 5 and contact element type 5 has been set up.  The         
 companion pair has real constant set ID 6.  Both pairs should have the  
 same behavior.                                                          
 MAPDL will deactivate the current pair and keep its companion pair,     
 resulting in asymmetric contact.                                        
 Auto surface constraint is built
 Contact algorithm: MPC based approach

 *** NOTE ***                            CP =       4.328   TIME= 20:16:23
 Contact related postprocess items (ETABLE, pressure ...) are not        
 available.                                                              
 Contact detection at: nodal point (normal to target surface)
 MPC will be built internally to handle bonded contact.
 Average contact surface length               0.15061E-02
 Average contact pair depth                   0.16727E-02
 Average target surface length                0.14897E-02
 Default pinball region factor PINB           0.25000    
 The resulting pinball region                 0.41818E-03
 Default target edge extension factor TOLS     2.0000    
 Initial penetration/gap is excluded.
 Bonded contact (always) is defined.

 *** NOTE ***                            CP =       4.328   TIME= 20:16:23
 Max.  Initial penetration 8.19999648E-10 was detected between contact   
 element 10183 and target element 10417.                                 
 ****************************************
  

 *** WARNING ***                         CP =       4.328   TIME= 20:16:23
 Element shape checking is currently inactive.  Issue SHPP,ON or         
 SHPP,WARN to reactivate, if desired.                                    

 *** WARNING ***                         CP =       4.328   TIME= 20:16:23
 Element shape checking is currently inactive.  Issue SHPP,ON or         
 SHPP,WARN to reactivate, if desired.                                    

 *** WARNING ***                         CP =       4.328   TIME= 20:16:23
 Element shape checking is currently inactive.  Issue SHPP,ON or         
 SHPP,WARN to reactivate, if desired.                                    

 *** NOTE ***                            CP =       4.328   TIME= 20:16:23
 Symmetric Deformable- deformable contact pair identified by real        
 constant set 6 and contact element type 5 has been set up.  The         
 companion pair has real constant set ID 5.  Both pairs should have the  
 same behavior.                                                          
 MAPDL will keep the current pair and deactivate its companion pair,     
 resulting in asymmetric contact.                                        
 Auto surface constraint is built
 Contact algorithm: MPC based approach

 *** NOTE ***                            CP =       4.328   TIME= 20:16:23
 Contact related postprocess items (ETABLE, pressure ...) are not        
 available.                                                              
 Contact detection at: nodal point (normal to target surface)
 MPC will be built internally to handle bonded contact.
 Average contact surface length               0.15136E-02
 Average contact pair depth                   0.10004E-02
 Average target surface length                0.14765E-02
 Default pinball region factor PINB           0.25000    
 The resulting pinball region                 0.25010E-03
 Default target edge extension factor TOLS     2.0000    
 Initial penetration/gap is excluded.
 Bonded contact (always) is defined.

 *** NOTE ***                            CP =       4.328   TIME= 20:16:23
 Max.  Initial penetration 8.200005932E-10 was detected between contact  
 element 10208 and target element 9967.                                  
 ****************************************
  

 *** WARNING ***                         CP =       4.328   TIME= 20:16:23
 Contact element 10208 is missing DOF VOLT (and possibly others) of      
 underlying base element 6519.  Similar mismatches may exist elsewhere,  
 but checking for this is discontinued.                                  

 *** WARNING ***                         CP =       4.328   TIME= 20:16:23
 Contact element 10208 is missing DOF VOLT (and possibly others) of      
 underlying base element 6519.  Similar mismatches may exist elsewhere,  
 but checking for this is discontinued.                                  

 *** NOTE ***                            CP =       4.328   TIME= 20:16:23
 Symmetric Deformable- deformable contact pair identified by real        
 constant set 7 and contact element type 7 has been set up.  The         
 companion pair has real constant set ID 8.  Both pairs should have the  
 same behavior.                                                          
 MAPDL will keep the current pair and deactivate its companion pair,     
 resulting in asymmetric contact.                                        
 Auto surface constraint is built
 Contact algorithm: MPC based approach

 *** NOTE ***                            CP =       4.328   TIME= 20:16:23
 Contact related postprocess items (ETABLE, pressure ...) are not        
 available.                                                              
 Contact detection at: nodal point (normal to target surface)
 MPC will be built internally to handle bonded contact.
 Average contact surface length               0.12825E-02
 Average contact pair depth                   0.10000E-02
 Average target surface length                0.14636E-02
 Default pinball region factor PINB           0.25000    
 The resulting pinball region                 0.25000E-03
 Default target edge extension factor TOLS     2.0000    
 Initial penetration/gap is excluded.
 Bonded contact (always) is defined.

 *** NOTE ***                            CP =       4.328   TIME= 20:16:23
 Max.  Initial penetration 1.281125976E-09 was detected between contact  
 element 10721 and target element 11022.                                 
 You may move entire target surface by : x= 9.70211789E-17, y=           
 -2.210082824E-17, z= 1.281125976E-09,to reduce initial penetration.     
 ****************************************
  

 *** WARNING ***                         CP =       4.328   TIME= 20:16:23
 Contact element 10208 is missing DOF VOLT (and possibly others) of      
 underlying base element 6519.  Similar mismatches may exist elsewhere,  
 but checking for this is discontinued.                                  

 *** NOTE ***                            CP =       4.328   TIME= 20:16:23
 Symmetric Deformable- deformable contact pair identified by real        
 constant set 8 and contact element type 7 has been set up.  The         
 companion pair has real constant set ID 7.  Both pairs should have the  
 same behavior.                                                          
 MAPDL will deactivate the current pair and keep its companion pair,     
 resulting in asymmetric contact.                                        
 Auto surface constraint is built
 Contact algorithm: MPC based approach

 *** NOTE ***                            CP =       4.328   TIME= 20:16:23
 Contact related postprocess items (ETABLE, pressure ...) are not        
 available.                                                              
 Contact detection at: nodal point (normal to target surface)
 MPC will be built internally to handle bonded contact.
 Average contact surface length               0.14872E-02
 Average contact pair depth                   0.16682E-02
 Average target surface length                0.12765E-02
 Default pinball region factor PINB           0.25000    
 The resulting pinball region                 0.41705E-03
 Default target edge extension factor TOLS     2.0000    
 Initial penetration/gap is excluded.
 Bonded contact (always) is defined.

 *** NOTE ***                            CP =       4.328   TIME= 20:16:23
 Max.  Initial penetration 1.282117419E-09 was detected between contact  
 element 10867 and target element 10534.                                 
 ****************************************
  

 *** NOTE ***                            CP =       4.328   TIME= 20:16:23
 Symmetric Deformable- deformable contact pair identified by real        
 constant set 9 and contact element type 9 has been set up.  The         
 companion pair has real constant set ID 10.  Both pairs should have     
 the same behavior.                                                      
 MAPDL will deactivate the current pair and keep its companion pair,     
 resulting in asymmetric contact.                                        
 Auto surface constraint is built
 Contact algorithm: MPC based approach

 *** NOTE ***                            CP =       4.328   TIME= 20:16:23
 Contact related postprocess items (ETABLE, pressure ...) are not        
 available.                                                              
 Contact detection at: nodal point (normal to target surface)
 MPC will be built internally to handle bonded contact.
 Average contact surface length               0.15041E-02
 Average contact pair depth                   0.10003E-02
 Average target surface length                0.12765E-02
 Default pinball region factor PINB           0.25000    
 The resulting pinball region                 0.25008E-03
 Default target edge extension factor TOLS     2.0000    
 Initial penetration/gap is excluded.
 Bonded contact (always) is defined.

 *** NOTE ***                            CP =       4.328   TIME= 20:16:23
 Max.  Initial penetration 9.936250087E-10 was detected between contact  
 element 11304 and target element 11726.                                 
 ****************************************
  

 *** NOTE ***                            CP =       4.328   TIME= 20:16:23
 Symmetric Deformable- deformable contact pair identified by real        
 constant set 10 and contact element type 9 has been set up.  The        
 companion pair has real constant set ID 9.  Both pairs should have the  
 same behavior.                                                          
 MAPDL will keep the current pair and deactivate its companion pair,     
 resulting in asymmetric contact.                                        
 Auto surface constraint is built
 Contact algorithm: MPC based approach

 *** NOTE ***                            CP =       4.328   TIME= 20:16:23
 Contact related postprocess items (ETABLE, pressure ...) are not        
 available.                                                              
 Contact detection at: nodal point (normal to target surface)
 MPC will be built internally to handle bonded contact.
 Average contact surface length               0.12825E-02
 Average contact pair depth                   0.10000E-02
 Average target surface length                0.14895E-02
 Default pinball region factor PINB           0.25000    
 The resulting pinball region                 0.25000E-03
 Default target edge extension factor TOLS     2.0000    
 Initial penetration/gap is excluded.
 Bonded contact (always) is defined.

 *** NOTE ***                            CP =       4.328   TIME= 20:16:23
 Max.  Initial penetration 9.228590695E-10 was detected between contact  
 element 11537 and target element 11165.                                 
 ****************************************
  
  
  

                      L O A D   S T E P   O P T I O N S

   LOAD STEP NUMBER. . . . . . . . . . . . . . . .     1
   FREQUENCY RANGE . . . . . . . . . . . . . . . .  36000.     TO   44000.    
   NUMBER OF SUBSTEPS. . . . . . . . . . . . . . .   100
   STEP CHANGE BOUNDARY CONDITIONS . . . . . . . .   YES
   PRINT OUTPUT CONTROLS . . . . . . . . . . . . .NO PRINTOUT
   DATABASE OUTPUT CONTROLS
      ITEM     FREQUENCY   COMPONENT
       ALL       NONE               
      NSOL        ALL               
      EANG        ALL               
      ETMP        ALL               
      VENG        ALL               
      STRS        ALL               
      EPEL        ALL               
      RSOL        ALL               
      CONT        ALL               
      NLOA        ALL               
      FGRA        ALL               


 *** NOTE ***                            CP =       6.047   TIME= 20:16:24
 Symmetric Deformable- deformable contact pair identified by real        
 constant set 5 and contact element type 5 has been set up.  The         
 companion pair has real constant set ID 6.  Both pairs should have the  
 same behavior.                                                          
 MAPDL will deactivate the current pair and keep its companion pair,     
 resulting in asymmetric contact.                                        
 Auto surface constraint is built
 Contact algorithm: MPC based approach

 *** NOTE ***                            CP =       6.047   TIME= 20:16:24
 Contact related postprocess items (ETABLE, pressure ...) are not        
 available.                                                              
 Contact detection at: nodal point (normal to target surface)
 MPC will be built internally to handle bonded contact.
 Average contact surface length               0.15061E-02
 Average contact pair depth                   0.16727E-02
 Average target surface length                0.14897E-02
 Default pinball region factor PINB           0.25000    
 The resulting pinball region                 0.41818E-03
 Default target edge extension factor TOLS     2.0000    
 Initial penetration/gap is excluded.
 Bonded contact (always) is defined.

 *** NOTE ***                            CP =       6.047   TIME= 20:16:24
 Max.  Initial penetration 8.19999648E-10 was detected between contact   
 element 10183 and target element 10417.                                 
 ****************************************
  

 *** NOTE ***                            CP =       6.047   TIME= 20:16:24
 Symmetric Deformable- deformable contact pair identified by real        
 constant set 6 and contact element type 5 has been set up.  The         
 companion pair has real constant set ID 5.  Both pairs should have the  
 same behavior.                                                          
 MAPDL will keep the current pair and deactivate its companion pair,     
 resulting in asymmetric contact.                                        
 Auto surface constraint is built
 Contact algorithm: MPC based approach

 *** NOTE ***                            CP =       6.047   TIME= 20:16:24
 Contact related postprocess items (ETABLE, pressure ...) are not        
 available.                                                              
 Contact detection at: nodal point (normal to target surface)
 MPC will be built internally to handle bonded contact.
 Average contact surface length               0.15136E-02
 Average contact pair depth                   0.10004E-02
 Average target surface length                0.14765E-02
 Default pinball region factor PINB           0.25000    
 The resulting pinball region                 0.25010E-03
 Default target edge extension factor TOLS     2.0000    
 Initial penetration/gap is excluded.
 Bonded contact (always) is defined.

 *** NOTE ***                            CP =       6.047   TIME= 20:16:24
 Max.  Initial penetration 8.200005932E-10 was detected between contact  
 element 10208 and target element 9967.                                  
 ****************************************
  

 *** NOTE ***                            CP =       6.047   TIME= 20:16:24
 Symmetric Deformable- deformable contact pair identified by real        
 constant set 7 and contact element type 7 has been set up.  The         
 companion pair has real constant set ID 8.  Both pairs should have the  
 same behavior.                                                          
 MAPDL will keep the current pair and deactivate its companion pair,     
 resulting in asymmetric contact.                                        
 Auto surface constraint is built
 Contact algorithm: MPC based approach

 *** NOTE ***                            CP =       6.047   TIME= 20:16:24
 Contact related postprocess items (ETABLE, pressure ...) are not        
 available.                                                              
 Contact detection at: nodal point (normal to target surface)
 MPC will be built internally to handle bonded contact.
 Average contact surface length               0.12825E-02
 Average contact pair depth                   0.10000E-02
 Average target surface length                0.14636E-02
 Default pinball region factor PINB           0.25000    
 The resulting pinball region                 0.25000E-03
 Default target edge extension factor TOLS     2.0000    
 Initial penetration/gap is excluded.
 Bonded contact (always) is defined.

 *** NOTE ***                            CP =       6.047   TIME= 20:16:24
 Max.  Initial penetration 1.281125976E-09 was detected between contact  
 element 10721 and target element 11022.                                 
 You may move entire target surface by : x= 9.70211789E-17, y=           
 -2.210082824E-17, z= 1.281125976E-09,to reduce initial penetration.     
 ****************************************
  

 *** NOTE ***                            CP =       6.047   TIME= 20:16:24
 Symmetric Deformable- deformable contact pair identified by real        
 constant set 8 and contact element type 7 has been set up.  The         
 companion pair has real constant set ID 7.  Both pairs should have the  
 same behavior.                                                          
 MAPDL will deactivate the current pair and keep its companion pair,     
 resulting in asymmetric contact.                                        
 Auto surface constraint is built
 Contact algorithm: MPC based approach

 *** NOTE ***                            CP =       6.047   TIME= 20:16:24
 Contact related postprocess items (ETABLE, pressure ...) are not        
 available.                                                              
 Contact detection at: nodal point (normal to target surface)
 MPC will be built internally to handle bonded contact.
 Average contact surface length               0.14872E-02
 Average contact pair depth                   0.16682E-02
 Average target surface length                0.12765E-02
 Default pinball region factor PINB           0.25000    
 The resulting pinball region                 0.41705E-03
 Default target edge extension factor TOLS     2.0000    
 Initial penetration/gap is excluded.
 Bonded contact (always) is defined.

 *** NOTE ***                            CP =       6.047   TIME= 20:16:24
 Max.  Initial penetration 1.282117419E-09 was detected between contact  
 element 10867 and target element 10534.                                 
 ****************************************
  

 *** NOTE ***                            CP =       6.047   TIME= 20:16:24
 Symmetric Deformable- deformable contact pair identified by real        
 constant set 9 and contact element type 9 has been set up.  The         
 companion pair has real constant set ID 10.  Both pairs should have     
 the same behavior.                                                      
 MAPDL will deactivate the current pair and keep its companion pair,     
 resulting in asymmetric contact.                                        
 Auto surface constraint is built
 Contact algorithm: MPC based approach

 *** NOTE ***                            CP =       6.062   TIME= 20:16:24
 Contact related postprocess items (ETABLE, pressure ...) are not        
 available.                                                              
 Contact detection at: nodal point (normal to target surface)
 MPC will be built internally to handle bonded contact.
 Average contact surface length               0.15041E-02
 Average contact pair depth                   0.10003E-02
 Average target surface length                0.12765E-02
 Default pinball region factor PINB           0.25000    
 The resulting pinball region                 0.25008E-03
 Default target edge extension factor TOLS     2.0000    
 Initial penetration/gap is excluded.
 Bonded contact (always) is defined.

 *** NOTE ***                            CP =       6.062   TIME= 20:16:24
 Max.  Initial penetration 9.936250087E-10 was detected between contact  
 element 11304 and target element 11726.                                 
 ****************************************
  

 *** NOTE ***                            CP =       6.062   TIME= 20:16:24
 Symmetric Deformable- deformable contact pair identified by real        
 constant set 10 and contact element type 9 has been set up.  The        
 companion pair has real constant set ID 9.  Both pairs should have the  
 same behavior.                                                          
 MAPDL will keep the current pair and deactivate its companion pair,     
 resulting in asymmetric contact.                                        
 Auto surface constraint is built
 Contact algorithm: MPC based approach

 *** NOTE ***                            CP =       6.062   TIME= 20:16:24
 Contact related postprocess items (ETABLE, pressure ...) are not        
 available.                                                              
 Contact detection at: nodal point (normal to target surface)
 MPC will be built internally to handle bonded contact.
 Average contact surface length               0.12825E-02
 Average contact pair depth                   0.10000E-02
 Average target surface length                0.14895E-02
 Default pinball region factor PINB           0.25000    
 The resulting pinball region                 0.25000E-03
 Default target edge extension factor TOLS     2.0000    
 Initial penetration/gap is excluded.
 Bonded contact (always) is defined.

 *** NOTE ***                            CP =       6.062   TIME= 20:16:24
 Max.  Initial penetration 9.228590695E-10 was detected between contact  
 element 11537 and target element 11165.                                 
 ****************************************
  


                         ***********  PRECISE MASS SUMMARY  ***********

   TOTAL RIGID BODY MASS MATRIX ABOUT ORIGIN
               Translational mass               |   Coupled translational/rotational mass
        0.10828        0.0000        0.0000     |     0.0000       0.40878E-02   0.25180E-11
         0.0000       0.10828        0.0000     |   -0.40878E-02    0.0000       0.89883E-11
         0.0000        0.0000       0.10828     |   -0.25180E-11  -0.89883E-11    0.0000    
     ------------------------------------------ | ------------------------------------------
                                                |         Rotational mass (inertia)
                                                |    0.20750E-03   0.32031E-12  -0.35924E-12
                                                |    0.32031E-12   0.20750E-03   0.12043E-12
                                                |   -0.35924E-12   0.12043E-12   0.54142E-05

   TOTAL MASS = 0.10828    
     The mass principal axes coincide with the global Cartesian axes

   CENTER OF MASS (X,Y,Z)=   0.83007E-10  -0.23254E-10   0.37751E-01

   TOTAL INERTIA ABOUT CENTER OF MASS
        0.53184E-04   0.32031E-12  -0.19920E-13
        0.32031E-12   0.53184E-04   0.25372E-13
       -0.19920E-13   0.25372E-13   0.54142E-05
     The inertia principal axes coincide with the global Cartesian axes


  *** MASS SUMMARY BY ELEMENT TYPE ***

  TYPE      MASS
     1  0.517935E-01
     2  0.516527E-01
     3  0.241902E-02
     4  0.241903E-02

 Range of element maximum matrix coefficients in global coordinates
 Maximum = 605393236 at element 6497.                                    
 Minimum = 88331744.7 at element 6646.                                   

   *** ELEMENT MATRIX FORMULATION TIMES
     TYPE    NUMBER   ENAME      TOTAL CP  AVE CP

        1      3168  SOLID186      1.125   0.000355
        2      3212  SOLID186      0.953   0.000297
        3       140  SOLID226      0.078   0.000558
        4       189  SOLID226      0.141   0.000744
        5       284  CONTA174      0.062   0.000220
        6       284  TARGE170      0.000   0.000000
        7       335  CONTA174      0.078   0.000233
        8       335  TARGE170      0.000   0.000000
        9       329  CONTA174      0.109   0.000332
       10       329  TARGE170      0.016   0.000047
 Time at end of element matrix formulation CP = 9.25.                    

 *** NOTE ***                            CP =      10.453   TIME= 20:16:28
 The initial memory allocation (-m) has been exceeded.                   
  Supplemental memory allocations are being used.                        

 SPARSE MATRIX DIRECT SOLVER.
  Number of equations =       91685,    Maximum wavefront =   1436


  Memory allocated on this process
  -------------------------------------------------------------------
  Equation solver memory allocated                     =  2342.507 MB
  Equation solver memory required for in-core mode     =  2240.418 MB
  Equation solver memory required for out-of-core mode =   550.996 MB
  Total (solver and non-solver) memory allocated       =  3832.964 MB

 *** NOTE ***                            CP =      11.406   TIME= 20:16:29
 The Sparse Matrix Solver is currently running in the in-core memory     
 mode.  This memory mode uses the most amount of memory in order to      
 avoid using the hard drive as much as possible, which most often        
 results in the fastest solution time.  This mode is recommended if      
 enough physical memory is present to accommodate all of the solver      
 data.                                                                   
 Sparse solver maximum pivot= 4.700836251E+09 at node 29944 VOLT.        
 Sparse solver minimum pivot= 1235051.58 at node 3975 UZ.                
 Sparse solver minimum pivot in absolute value= 1235051.58 at node 3975  
 UZ.                                                                     

   *** ELEMENT RESULT CALCULATION TIMES
     TYPE    NUMBER   ENAME      TOTAL CP  AVE CP

        1      3168  SOLID186      0.672   0.000212
        2      3212  SOLID186      0.625   0.000195
        3       140  SOLID226      0.109   0.000781
        4       189  SOLID226      0.156   0.000827

   *** NODAL LOAD CALCULATION TIMES
     TYPE    NUMBER   ENAME      TOTAL CP  AVE CP

        1      3168  SOLID186      0.125   0.000039
        2      3212  SOLID186      0.125   0.000039
        3       140  SOLID226      0.000   0.000000
        4       189  SOLID226      0.000   0.000000
 *** LOAD STEP     1   SUBSTEP     1  COMPLETED.  FREQUENCY=   36080.0    
 *** LOAD STEP     1   SUBSTEP     2  COMPLETED.  FREQUENCY=   36160.0    
 *** LOAD STEP     1   SUBSTEP     3  COMPLETED.  FREQUENCY=   36240.0    
 *** LOAD STEP     1   SUBSTEP     4  COMPLETED.  FREQUENCY=   36320.0    
 *** LOAD STEP     1   SUBSTEP     5  COMPLETED.  FREQUENCY=   36400.0    
 *** LOAD STEP     1   SUBSTEP     6  COMPLETED.  FREQUENCY=   36480.0    
 *** LOAD STEP     1   SUBSTEP     7  COMPLETED.  FREQUENCY=   36560.0    
 *** LOAD STEP     1   SUBSTEP     8  COMPLETED.  FREQUENCY=   36640.0    
 *** LOAD STEP     1   SUBSTEP     9  COMPLETED.  FREQUENCY=   36720.0    
 *** LOAD STEP     1   SUBSTEP    10  COMPLETED.  FREQUENCY=   36800.0    
 *** LOAD STEP     1   SUBSTEP    11  COMPLETED.  FREQUENCY=   36880.0    
 *** LOAD STEP     1   SUBSTEP    12  COMPLETED.  FREQUENCY=   36960.0    
 *** LOAD STEP     1   SUBSTEP    13  COMPLETED.  FREQUENCY=   37040.0    
 *** LOAD STEP     1   SUBSTEP    14  COMPLETED.  FREQUENCY=   37120.0    
 *** LOAD STEP     1   SUBSTEP    15  COMPLETED.  FREQUENCY=   37200.0    
 *** LOAD STEP     1   SUBSTEP    16  COMPLETED.  FREQUENCY=   37280.0    
 *** LOAD STEP     1   SUBSTEP    17  COMPLETED.  FREQUENCY=   37360.0    
 *** LOAD STEP     1   SUBSTEP    18  COMPLETED.  FREQUENCY=   37440.0    
 *** LOAD STEP     1   SUBSTEP    19  COMPLETED.  FREQUENCY=   37520.0    
 *** LOAD STEP     1   SUBSTEP    20  COMPLETED.  FREQUENCY=   37600.0    
 *** LOAD STEP     1   SUBSTEP    21  COMPLETED.  FREQUENCY=   37680.0    
 *** LOAD STEP     1   SUBSTEP    22  COMPLETED.  FREQUENCY=   37760.0    
 *** LOAD STEP     1   SUBSTEP    23  COMPLETED.  FREQUENCY=   37840.0    
 *** LOAD STEP     1   SUBSTEP    24  COMPLETED.  FREQUENCY=   37920.0    
 *** LOAD STEP     1   SUBSTEP    25  COMPLETED.  FREQUENCY=   38000.0    
 *** LOAD STEP     1   SUBSTEP    26  COMPLETED.  FREQUENCY=   38080.0    
 *** LOAD STEP     1   SUBSTEP    27  COMPLETED.  FREQUENCY=   38160.0    
 *** LOAD STEP     1   SUBSTEP    28  COMPLETED.  FREQUENCY=   38240.0    
 *** LOAD STEP     1   SUBSTEP    29  COMPLETED.  FREQUENCY=   38320.0    
 *** LOAD STEP     1   SUBSTEP    30  COMPLETED.  FREQUENCY=   38400.0    
 *** LOAD STEP     1   SUBSTEP    31  COMPLETED.  FREQUENCY=   38480.0    
 *** LOAD STEP     1   SUBSTEP    32  COMPLETED.  FREQUENCY=   38560.0    
 *** LOAD STEP     1   SUBSTEP    33  COMPLETED.  FREQUENCY=   38640.0    
 *** LOAD STEP     1   SUBSTEP    34  COMPLETED.  FREQUENCY=   38720.0    
 *** LOAD STEP     1   SUBSTEP    35  COMPLETED.  FREQUENCY=   38800.0    
 *** LOAD STEP     1   SUBSTEP    36  COMPLETED.  FREQUENCY=   38880.0    
 *** LOAD STEP     1   SUBSTEP    37  COMPLETED.  FREQUENCY=   38960.0    
 *** LOAD STEP     1   SUBSTEP    38  COMPLETED.  FREQUENCY=   39040.0    
 *** LOAD STEP     1   SUBSTEP    39  COMPLETED.  FREQUENCY=   39120.0    
 *** LOAD STEP     1   SUBSTEP    40  COMPLETED.  FREQUENCY=   39200.0    
 *** LOAD STEP     1   SUBSTEP    41  COMPLETED.  FREQUENCY=   39280.0    
 *** LOAD STEP     1   SUBSTEP    42  COMPLETED.  FREQUENCY=   39360.0    
 *** LOAD STEP     1   SUBSTEP    43  COMPLETED.  FREQUENCY=   39440.0    
 *** LOAD STEP     1   SUBSTEP    44  COMPLETED.  FREQUENCY=   39520.0    
 *** LOAD STEP     1   SUBSTEP    45  COMPLETED.  FREQUENCY=   39600.0    
 *** LOAD STEP     1   SUBSTEP    46  COMPLETED.  FREQUENCY=   39680.0    
 *** LOAD STEP     1   SUBSTEP    47  COMPLETED.  FREQUENCY=   39760.0    
 *** LOAD STEP     1   SUBSTEP    48  COMPLETED.  FREQUENCY=   39840.0    
 *** LOAD STEP     1   SUBSTEP    49  COMPLETED.  FREQUENCY=   39920.0    
 *** LOAD STEP     1   SUBSTEP    50  COMPLETED.  FREQUENCY=   40000.0    
 *** LOAD STEP     1   SUBSTEP    51  COMPLETED.  FREQUENCY=   40080.0    
 *** LOAD STEP     1   SUBSTEP    52  COMPLETED.  FREQUENCY=   40160.0    
 *** LOAD STEP     1   SUBSTEP    53  COMPLETED.  FREQUENCY=   40240.0    
 *** LOAD STEP     1   SUBSTEP    54  COMPLETED.  FREQUENCY=   40320.0    
 *** LOAD STEP     1   SUBSTEP    55  COMPLETED.  FREQUENCY=   40400.0    
 *** LOAD STEP     1   SUBSTEP    56  COMPLETED.  FREQUENCY=   40480.0    
 *** LOAD STEP     1   SUBSTEP    57  COMPLETED.  FREQUENCY=   40560.0    
 *** LOAD STEP     1   SUBSTEP    58  COMPLETED.  FREQUENCY=   40640.0    
 *** LOAD STEP     1   SUBSTEP    59  COMPLETED.  FREQUENCY=   40720.0    
 *** LOAD STEP     1   SUBSTEP    60  COMPLETED.  FREQUENCY=   40800.0    
 *** LOAD STEP     1   SUBSTEP    61  COMPLETED.  FREQUENCY=   40880.0    
 *** LOAD STEP     1   SUBSTEP    62  COMPLETED.  FREQUENCY=   40960.0    
 *** LOAD STEP     1   SUBSTEP    63  COMPLETED.  FREQUENCY=   41040.0    
 *** LOAD STEP     1   SUBSTEP    64  COMPLETED.  FREQUENCY=   41120.0    
 *** LOAD STEP     1   SUBSTEP    65  COMPLETED.  FREQUENCY=   41200.0    
 *** LOAD STEP     1   SUBSTEP    66  COMPLETED.  FREQUENCY=   41280.0    
 *** LOAD STEP     1   SUBSTEP    67  COMPLETED.  FREQUENCY=   41360.0    
 *** LOAD STEP     1   SUBSTEP    68  COMPLETED.  FREQUENCY=   41440.0    
 *** LOAD STEP     1   SUBSTEP    69  COMPLETED.  FREQUENCY=   41520.0    
 *** LOAD STEP     1   SUBSTEP    70  COMPLETED.  FREQUENCY=   41600.0    
 *** LOAD STEP     1   SUBSTEP    71  COMPLETED.  FREQUENCY=   41680.0    
 *** LOAD STEP     1   SUBSTEP    72  COMPLETED.  FREQUENCY=   41760.0    
 *** LOAD STEP     1   SUBSTEP    73  COMPLETED.  FREQUENCY=   41840.0    
 *** LOAD STEP     1   SUBSTEP    74  COMPLETED.  FREQUENCY=   41920.0    
 *** LOAD STEP     1   SUBSTEP    75  COMPLETED.  FREQUENCY=   42000.0    
 *** LOAD STEP     1   SUBSTEP    76  COMPLETED.  FREQUENCY=   42080.0    
 *** LOAD STEP     1   SUBSTEP    77  COMPLETED.  FREQUENCY=   42160.0    
 *** LOAD STEP     1   SUBSTEP    78  COMPLETED.  FREQUENCY=   42240.0    
 *** LOAD STEP     1   SUBSTEP    79  COMPLETED.  FREQUENCY=   42320.0    
 *** LOAD STEP     1   SUBSTEP    80  COMPLETED.  FREQUENCY=   42400.0    
 *** LOAD STEP     1   SUBSTEP    81  COMPLETED.  FREQUENCY=   42480.0    
 *** LOAD STEP     1   SUBSTEP    82  COMPLETED.  FREQUENCY=   42560.0    
 *** LOAD STEP     1   SUBSTEP    83  COMPLETED.  FREQUENCY=   42640.0    
 *** LOAD STEP     1   SUBSTEP    84  COMPLETED.  FREQUENCY=   42720.0    
 *** LOAD STEP     1   SUBSTEP    85  COMPLETED.  FREQUENCY=   42800.0    
 *** LOAD STEP     1   SUBSTEP    86  COMPLETED.  FREQUENCY=   42880.0    
 *** LOAD STEP     1   SUBSTEP    87  COMPLETED.  FREQUENCY=   42960.0    
 *** LOAD STEP     1   SUBSTEP    88  COMPLETED.  FREQUENCY=   43040.0    
 *** LOAD STEP     1   SUBSTEP    89  COMPLETED.  FREQUENCY=   43120.0    
 *** LOAD STEP     1   SUBSTEP    90  COMPLETED.  FREQUENCY=   43200.0    
 *** LOAD STEP     1   SUBSTEP    91  COMPLETED.  FREQUENCY=   43280.0    
 *** LOAD STEP     1   SUBSTEP    92  COMPLETED.  FREQUENCY=   43360.0    
 *** LOAD STEP     1   SUBSTEP    93  COMPLETED.  FREQUENCY=   43440.0    
 *** LOAD STEP     1   SUBSTEP    94  COMPLETED.  FREQUENCY=   43520.0    
 *** LOAD STEP     1   SUBSTEP    95  COMPLETED.  FREQUENCY=   43600.0    
 *** LOAD STEP     1   SUBSTEP    96  COMPLETED.  FREQUENCY=   43680.0    
 *** LOAD STEP     1   SUBSTEP    97  COMPLETED.  FREQUENCY=   43760.0    
 *** LOAD STEP     1   SUBSTEP    98  COMPLETED.  FREQUENCY=   43840.0    
 *** LOAD STEP     1   SUBSTEP    99  COMPLETED.  FREQUENCY=   43920.0    
 *** LOAD STEP     1   SUBSTEP   100  COMPLETED.  FREQUENCY=   44000.0    


 *** MAPDL BINARY FILE STATISTICS
  BUFFER SIZE USED= 16384
       21.125 MB WRITTEN ON ELEMENT SAVED DATA FILE: file0.esav
      135.000 MB WRITTEN ON ASSEMBLED MATRIX FILE: file0.full
      218.500 MB WRITTEN ON RESULTS FILE: file0.rst
 *************** Write FE CONNECTORS *********

 WRITE OUT CONSTRAINT EQUATIONS TO FILE= file.ce                                                                                                                                                                                                                                                             

 ALL CURRENT MAPDL DATA WRITTEN TO FILE NAME= file.db
  FOR POSSIBLE RESUME FROM THIS POINT

 FINISH SOLUTION PROCESSING


 ***** ROUTINE COMPLETED *****  CP =       817.891



 PRINTOUT RESUMED BY /GOP

 *GET  _WALLASOL  FROM  ACTI  ITEM=TIME WALL  VALUE=  20.5002778    

 *** MAPDL - ENGINEERING ANALYSIS SYSTEM  RELEASE 2025 R2          25.2     ***
 Ansys Mechanical Enterprise Academic Student      
 01055371  VERSION=WINDOWS x64   20:30:01  NOV 29, 2025 CP=    817.906

 simulazioneTrasduttoreUltrasonico--Harmonic Response (D3)                     



          ***** MAPDL RESULTS INTERPRETATION (POST1) *****

 *** NOTE ***                            CP =     817.906   TIME= 20:30:01
 Reading results into the database (SET command) will update the current 
 displacement and force boundary conditions in the database with the     
 values from the results file for that load set.  Note that any          
 subsequent solutions will use these values unless action is taken to    
 either SAVE the current values or not overwrite them (/EXIT,NOSAVE).    

 Set Encoding of XML File to:ISO-8859-1

 Set Output of XML File to:
     PARM,     ,     ,     ,     ,     ,     ,     ,     ,     ,     ,     ,
         ,     ,     ,     ,     ,     ,     ,

 DATABASE WRITTEN ON FILE  parm.xml                                                                                                                                                                                                                                                            

 EXIT THE MAPDL POST1 DATABASE PROCESSOR


 ***** ROUTINE COMPLETED *****  CP =       817.906



 PRINTOUT RESUMED BY /GOP

 *GET  _WALLDONE  FROM  ACTI  ITEM=TIME WALL  VALUE=  20.5002778    

 PARAMETER _PREPTIME =     1.000000000    

 PARAMETER _SOLVTIME =     819.0000000    

 PARAMETER _POSTTIME =     0.000000000    

 PARAMETER _TOTALTIM =     820.0000000    

 *GET  _DLBRATIO  FROM  ACTI  ITEM=SOLU DLBR  VALUE=  0.00000000    

 *GET  _COMBTIME  FROM  ACTI  ITEM=SOLU COMB  VALUE=  1.51364880    

 *GET  _SSMODE   FROM  ACTI  ITEM=SOLU SSMM  VALUE=  2.00000000    

 *GET  _NDOFS    FROM  ACTI  ITEM=SOLU NDOF  VALUE=  91685.0000    

 /FCLEAN COMMAND REMOVING ALL LOCAL FILES
 --- Total number of nodes = 31908
 --- Total number of elements = 8605
 --- Element load balance ratio = 0
 --- Time to combine distributed files = 1.5136488
 --- Sparse memory mode = 2
 --- Number of DOF = 91685

 EXIT MAPDL WITHOUT SAVING DATABASE


 NUMBER OF WARNING MESSAGES ENCOUNTERED=         11
 NUMBER OF ERROR   MESSAGES ENCOUNTERED=          0

 *** NOTE ***                            CP =     818.109   TIME= 20:30:11
 The solution for the current simulation was performed using 1 cores.    
 The parallel performance of this simulation on this hardware indicates  
 that this simulation would benefit from using additional CPU cores.     
 Consider using more CPU cores, which may require additional HPC         
 licenses, when running this simulation again on the same hardware.      

+--------------------- M A P D L   S T A T I S T I C S ------------------------+

Release: 2025 R2            Build: 25.2       Update: UP20250519   Platform: WINDOWS x64 
Date Run: 11/29/2025   Time: 20:30     Process ID: 5052
Operating System: Windows 11  (Build: 26100)

Processor Model: Intel(R) Core(TM) i9-10885H CPU @ 2.40GHz

Compiler: Intel(R) Fortran Compiler Classic Version 2021.9  (Build: 20230302)
          Intel(R) C/C++ Compiler Classic Version 2021.9  (Build: 20230302)
          Intel(R) oneAPI Math Kernel Library Version 2024.2.3-Product Build 20250403

Number of machines requested            :    1
Total number of cores available         :   16
Number of physical cores available      :    8
Number of processes requested           :    4
Number of threads per process requested :    1
Total number of cores requested         :    4 (Distributed Memory Parallel)               
MPI Type: INTELMPI
MPI Version: Intel(R) MPI Library 2021.14 for Windows* OS


GPU Acceleration: Not Requested

Job Name: file0
Input File: dummy.dat

  Core                Machine Name   Working Directory
 -----------------------------------------------------
     0         Dell-XPS-di-Michael   C:\Users\stolf\dev\EsercitazioniSensori\esercitazione_b\esercizio_1\_ProjectScratch\Scr127C
     1         Dell-XPS-di-Michael   C:\Users\stolf\dev\EsercitazioniSensori\esercitazione_b\esercizio_1\_ProjectScratch\Scr127C
     2         Dell-XPS-di-Michael   C:\Users\stolf\dev\EsercitazioniSensori\esercitazione_b\esercizio_1\_ProjectScratch\Scr127C
     3         Dell-XPS-di-Michael   C:\Users\stolf\dev\EsercitazioniSensori\esercitazione_b\esercizio_1\_ProjectScratch\Scr127C
 
Latency time from master to core     1 =    6.992 microseconds
Latency time from master to core     2 =    6.505 microseconds
Latency time from master to core     3 =    6.986 microseconds
 
Communication speed from master to core     1 =  4474.60 MB/sec
Communication speed from master to core     2 =  4705.47 MB/sec
Communication speed from master to core     3 =  5662.83 MB/sec

Total CPU time for main thread                    :      814.7 seconds
Total CPU time summed for all threads             :      818.1 seconds

Elapsed time spent obtaining a license            :        0.5 seconds
Elapsed time spent pre-processing model (/PREP7)  :        0.3 seconds
Elapsed time spent solution - preprocessing       :        1.2 seconds
Elapsed time spent computing solution             :      816.2 seconds
Elapsed time spent solution - postprocessing      :        1.5 seconds
Elapsed time spent post-processing model (/POST1) :        0.0 seconds
 
Equation solver used                              :            Sparse (symmetric)
Equation solver computational rate                :        7.7 Gflops

Sum of disk space used on all processes           :     2176.9 MB

Sum of memory used on all processes               :    10253.0 MB
Sum of memory allocated on all processes          :    13968.0 MB
Physical memory available                         :         32 GB
Total amount of I/O written to disk               :        2.0 GB
Total amount of I/O read from disk                :        3.8 GB

+------------------ E N D   M A P D L   S T A T I S T I C S -------------------+


 *-----------------------------------------------------------------------------*
 |                                                                             |
 |                               RUN COMPLETED                                 |
 |                                                                             |
 |-----------------------------------------------------------------------------|
 |                                                                             |
 |  Ansys MAPDL 2025 R2         Build 25.2         UP20250519    WINDOWS x64   |
 |                                                                             |
 |-----------------------------------------------------------------------------|
 |                                                                             |
 |  Database Requested(-db)     1024 MB     Scratch Memory Requested   1024 MB |
 |  Max Database Used(Master)     20 MB     Max Scratch Used(Master)   2544 MB |
 |  Max Database Used(Workers)    20 MB     Max Scratch Used(Workers)  2543 MB |
 |  Sum Database Used(All)        80 MB     Sum Scratch Used(All)     10173 MB |
 |                                                                             |
 |-----------------------------------------------------------------------------|
 |                                                                             |
 |        CP Time      (sec) =        818.109       Time  =  20:30:11          |
 |        Elapsed Time (sec) =        836.000       Date  =  11/29/2025        |
 |                                                                             |
 *-----------------------------------------------------------------------------*
