
 Ansys Mechanical Enterprise Academic Student      


 *------------------------------------------------------------------*
 |                                                                  |
 |   W E L C O M E   T O   T H E   A N S Y S (R)  P R O G R A M     |
 |                                                                  |
 *------------------------------------------------------------------*




 ***************************************************************
 *         ANSYS MAPDL 2025 R2          LEGAL NOTICES          *
 ***************************************************************
 *                                                             *
 * Copyright 1971-2025 Ansys, Inc.  All rights reserved.       *
 * Unauthorized use, distribution or duplication is            *
 * prohibited.                                                 *
 *                                                             *
 * Ansys is a registered trademark of Ansys, Inc. or its       *
 * subsidiaries in the United States or other countries.       *
 * See the Ansys, Inc. online documentation or the Ansys, Inc. *
 * documentation CD or online help for the complete Legal      *
 * Notice.                                                     *
 *                                                             *
 ***************************************************************
 *                                                             *
 * THIS ANSYS SOFTWARE PRODUCT AND PROGRAM DOCUMENTATION       *
 * INCLUDE TRADE SECRETS AND CONFIDENTIAL AND PROPRIETARY      *
 * PRODUCTS OF ANSYS, INC., ITS SUBSIDIARIES, OR LICENSORS.    *
 * The software products and documentation are furnished by    *
 * Ansys, Inc. or its subsidiaries under a software license    *
 * agreement that contains provisions concerning               *
 * non-disclosure, copying, length and nature of use,          *
 * compliance with exporting laws, warranties, disclaimers,    *
 * limitations of liability, and remedies, and other           *
 * provisions.  The software products and documentation may be *
 * used, disclosed, transferred, or copied only in accordance  *
 * with the terms and conditions of that software license      *
 * agreement.                                                  *
 *                                                             *
 * Ansys, Inc. is a UL registered                              *
 * ISO 9001:2015 company.                                      *
 *                                                             *
 ***************************************************************
 *                                                             *
 * This product is subject to U.S. laws governing export and   *
 * re-export.                                                  *
 *                                                             *
 * For U.S. Government users, except as specifically granted   *
 * by the Ansys, Inc. software license agreement, the use,     *
 * duplication, or disclosure by the United States Government  *
 * is subject to restrictions stated in the Ansys, Inc.        *
 * software license agreement and FAR 12.212 (for non-DOD      *
 * licenses).                                                  *
 *                                                             *
 ***************************************************************

 2025 R2 
     
 Point Releases and Patches installed:   
     
 Discovery 2025 R2   
 Core WB Files 2025 R2   
 optiSLang 2025 R2   
 CFX (includes CFD-Post) 2025 R2 
 Chemkin 2025 R2 
 EnSight 2025 R2 
 FENSAP-ICE 2025 R2  
 Fluent (includes CFD-Post) 2025 R2  
 Polyflow (includes CFD-Post) 2025 R2
 Forte (includes EnSight) 2025 R2
 Rocky 2025 R2   
 TurboGrid 2025 R2   
 ACIS Geometry Interface 2025 R2 
 AutoCAD Geometry Interface 2025 R2  
 Catia, Version 4 Geometry Interface 2025 R2 
 Catia, Version 5 Geometry Interface 2025 R2 
 Catia, Version 6 Geometry Interface 2025 R2 
 Creo Elements/Direct Modeling Geometry Interface 2025 R2
 Creo Parametric Geometry Interface 2025 R2  
 Inventor Geometry Interface 2025 R2 
 JTOpen Geometry Interface 2025 R2   
 NX Geometry Interface 2025 R2   
 Parasolid Geometry Interface  2025 R2   
 Solid Edge Geometry Interface 2025 R2   
 SOLIDWORKS Geometry Interface 2025 R2   
 Speos 2025 R2   
 SpaceClaim 2025 R2  
 Speos RPC 2025 R2   
 Zemax OpticStudio 2025 R2   
 Dynamic Reporting 2025 R2   
 Aqwa 2025 R2
 Autodyn 2025 R2 
 Material Calibration App 2025 R2
 Mechanical Products 2025 R2 
 Motion 2025 R2  
 Academic Student 2025 R2


          *****  MAPDL COMMAND LINE ARGUMENTS  *****
  BATCH MODE REQUESTED (-b)    = NOLIST
  INPUT FILE COPY MODE (-c)    = COPY
  DISTRIBUTED MEMORY PARALLEL REQUESTED
       4 PARALLEL PROCESSES REQUESTED WITH SINGLE THREAD PER PROCESS
    TOTAL OF     4 CORES REQUESTED
  INPUT FILE NAME              = C:\Users\stolf\dev\EsercitazioniSensori\esercitazione_b\esercizio_2\_ProjectScratch\Scr7A2D\dummy.dat
  OUTPUT FILE NAME             = C:\Users\stolf\dev\EsercitazioniSensori\esercitazione_b\esercizio_2\_ProjectScratch\Scr7A2D\solve.out
  START-UP FILE MODE           = NOREAD
  STOP FILE MODE               = NOREAD

 RELEASE= 2025 R2              BUILD= 25.2      UP20250519   VERSION=WINDOWS x64 
 CURRENT JOBNAME=file0  13:59:57  DEC 06, 2025 CP=      0.062


 PARAMETER _DS_PROGRESS =     999.0000000    

 /INPUT FILE= ds.dat  LINE=       0



 *** NOTE ***                            CP =       0.344   TIME= 13:59:57
 The /CONFIG,NOELDB command is not valid in a distributed memory         
 parallel solution.  Command is ignored.                                 

 *GET  _WALLSTRT  FROM  ACTI  ITEM=TIME WALL  VALUE=  13.9991667    

 TITLE= 
 simulazioneTrasduttoreUltrasonicoConConcentratore--Modal (D3)                 

  ACT Extensions:
      PiezoAndMEMS, 2020.1
      0cd64874-101b-4182-aef8-530cf9982bb6, wbex
 /COM,     LSDYNA, 2025.2
      5f463412-bd3e-484b-87e7-cbc0a665e474, wbex
 /COM,     ANSYSMotion, 2025.2
      20180725-3f81-49eb-9f31-41364844c769, wbex
  

 SET PARAMETER DIMENSIONS ON  _WB_PROJECTSCRATCH_DIR
  TYPE=STRI  DIMENSIONS=      248        1        1

 PARAMETER _WB_PROJECTSCRATCH_DIR(1) = C:\Users\stolf\dev\EsercitazioniSensori\esercitazione_b\esercizio_2\_ProjectScratch\Scr7A2D\

 SET PARAMETER DIMENSIONS ON  _WB_SOLVERFILES_DIR
  TYPE=STRI  DIMENSIONS=      248        1        1

 PARAMETER _WB_SOLVERFILES_DIR(1) = C:\Users\stolf\dev\EsercitazioniSensori\esercitazione_b\esercizio_2\simulazioneTrasduttoreUltrasonicoConConcentratore_files\dp0\SYS-3\MECH\

 SET PARAMETER DIMENSIONS ON  _WB_USERFILES_DIR
  TYPE=STRI  DIMENSIONS=      248        1        1

 PARAMETER _WB_USERFILES_DIR(1) = C:\Users\stolf\dev\EsercitazioniSensori\esercitazione_b\esercizio_2\simulazioneTrasduttoreUltrasonicoConConcentratore_files\user_files\
 --- Data in consistent MKS units. See Solving Units in the help system for more

 MKS UNITS SPECIFIED FOR INTERNAL    
  LENGTH        (l)  = METER (M)
  MASS          (M)  = KILOGRAM (KG)
  TIME          (t)  = SECOND (SEC)
  TEMPERATURE   (T)  = CELSIUS (C)
  TOFFSET            = 273.0
  CHARGE        (Q)  = COULOMB
  FORCE         (f)  = NEWTON (N) (KG-M/SEC2)
  HEAT               = JOULE (N-M)

  PRESSURE           = PASCAL (NEWTON/M**2)
  ENERGY        (W)  = JOULE (N-M)
  POWER         (P)  = WATT (N-M/SEC)
  CURRENT       (i)  = AMPERE (COULOMBS/SEC)
  CAPACITANCE   (C)  = FARAD
  INDUCTANCE    (L)  = HENRY
  MAGNETIC FLUX      = WEBER
  RESISTANCE    (R)  = OHM
  ELECTRIC POTENTIAL = VOLT

 INPUT  UNITS ARE ALSO SET TO MKS 

 *** MAPDL - ENGINEERING ANALYSIS SYSTEM  RELEASE 2025 R2          25.2     ***
 Ansys Mechanical Enterprise Academic Student      
 01055371  VERSION=WINDOWS x64   13:59:57  DEC 06, 2025 CP=      0.375

 simulazioneTrasduttoreUltrasonicoConConcentratore--Modal (D3)                 



          ***** MAPDL ANALYSIS DEFINITION (PREP7) *****
 *********** Send User Defined Coordinate System(s) ***********
 *********** Nodes for the whole assembly ***********
 *********** Elements for Body 1 'M1(Transducer Mechanical Model)' ***********
 *********** Elements for Body 2 'M2(Transducer Mechanical Model)' ***********
 *********** Elements for Body 3 'C1(Transducer Mechanical Model)' ***********
 *********** Elements for Body 4 'C2(Transducer Mechanical Model)' ***********
 *********** Elements for Body 5 'M4(Transducer Mechanical Model)' ***********
 *********** Elements for Body 6 'M3(Transducer Mechanical Model)' ***********
 *********** Set Reference Temperature ***********
 *********** Send Materials ***********
 *********** Create Contact "Bonded - M1 To C1(Transducer Mechanical Model)" ***
             Real Constant Set For Above Contact Is 8 & 7
 *********** Create Contact "Bonded - C2 To M2(Transducer Mechanical Model)" ***
             Real Constant Set For Above Contact Is 10 & 9
 *********** Create Contact "Bonded - C1 To C2(Transducer Mechanical Model)" ***
             Real Constant Set For Above Contact Is 12 & 11
 *********** Create Contact "Bonded - M2 To M3(Transducer Mechanical Model)" ***
             Real Constant Set For Above Contact Is 14 & 13
 *********** Create Contact "Bonded - M3 To M4(Transducer Mechanical Model)" ***
             Real Constant Set For Above Contact Is 16 & 15
 *********** Send Named Selection as Node Component ***********


 ***** ROUTINE COMPLETED *****  CP =         0.750


 --- Number of total nodes = 30857
 --- Number of contact elements = 2016
 --- Number of spring elements = 0
 --- Number of bearing elements = 0
 --- Number of solid elements = 6359
 --- Number of condensed parts = 0
 --- Number of total elements = 8375

 *GET  _WALLBSOL  FROM  ACTI  ITEM=TIME WALL  VALUE=  13.9991667    

 *****  MAPDL SOLUTION ROUTINE  *****


 PERFORM A MODAL ANALYSIS
  THIS WILL BE A NEW ANALYSIS

 PARAMETER _THICKRATIO =     1.000000000    

 THERMAL STRAINS ARE NOT INCLUDED IN THE LOAD VECTOR.


 USE SYM. BLOCK LANCZOS MODE EXTRACTION METHOD
  EXTRACT AS MANY MODES AS THERE ARE MDOF
  EXTRACT FREQUENCIES IN THE RANGE   15000.     TO   72000.    
  NORMALIZE THE MODE SHAPES TO THE MASS MATRIX

 ERASE THE CURRENT DATABASE OUTPUT CONTROL TABLE.


 WRITE ALL  ITEMS TO THE DATABASE WITH A FREQUENCY OF NONE
   FOR ALL APPLICABLE ENTITIES

 WRITE NSOL ITEMS TO THE DATABASE WITH A FREQUENCY OF ALL 
   FOR ALL APPLICABLE ENTITIES

 WRITE VENG ITEMS TO THE DATABASE WITH A FREQUENCY OF ALL 
   FOR ALL APPLICABLE ENTITIES

 WRITE STRS ITEMS TO THE DATABASE WITH A FREQUENCY OF ALL 
   FOR ALL APPLICABLE ENTITIES

 WRITE EPEL ITEMS TO THE DATABASE WITH A FREQUENCY OF ALL 
   FOR ALL APPLICABLE ENTITIES

 WRITE EPPL ITEMS TO THE DATABASE WITH A FREQUENCY OF ALL 
   FOR ALL APPLICABLE ENTITIES

 WRITE RSOL ITEMS TO THE DATABASE WITH A FREQUENCY OF ALL 
   FOR ALL APPLICABLE ENTITIES

 WRITE NLOA ITEMS TO THE DATABASE WITH A FREQUENCY OF ALL 
   FOR ALL APPLICABLE ENTITIES

 WRITE CONT ITEMS TO THE DATABASE WITH A FREQUENCY OF ALL 
   FOR ALL APPLICABLE ENTITIES


 EXPAND ALL EXTRACTED MODES
  CALCULATE ELEMENT RESULTS AND NODAL DOF SOLUTION
  CALCULATE STRESSES IN ANY DOWNSTREAM MODE SUPERPOSITION EXPANSION PASS

 DO NOT COMBINE ELEMENT SAVE DATA FILES (.esav) AFTER DISTRIBUTED PARALLEL SOLUTION

 DO NOT COMBINE ELEMENT MATRIX FILES (.emat) AFTER DISTRIBUTED PARALLEL SOLUTION

 DO NOT COMBINE ASSEMBLED MATRIX FILES (.full) AFTER DISTRIBUTED PARALLEL SOLUTION
  
 ***********  Piezoelectric Properties C11 ***********
  
 CMBLOCK read of NODE component PIEZOELECTRIC BODY1                                                                                                                                                                                                                                               completed

 FINISH SOLUTION PROCESSING


 ***** ROUTINE COMPLETED *****  CP =         0.812



 *** MAPDL - ENGINEERING ANALYSIS SYSTEM  RELEASE 2025 R2          25.2     ***
 Ansys Mechanical Enterprise Academic Student      
 01055371  VERSION=WINDOWS x64   13:59:57  DEC 06, 2025 CP=      0.812

 simulazioneTrasduttoreUltrasonicoConConcentratore--Modal (D3)                 



          ***** MAPDL ANALYSIS DEFINITION (PREP7) *****

 SELECT      COMPONENT PIEZOELECTRIC BODY1                                                                                                                                                                                                                                             

 SELECT      ONLY ELEMENTS COMPLETELY CONTAINED WITHIN NODE SET.

        555 ELEMENTS (OF       8375  DEFINED) SELECTED FROM
      870 SELECTED NODES BY  ESLN COMMAND.

 RESELECT     FOR ITEM=ENAM COMPONENT=    
  IN RANGE       185 TO        185 STEP          1

          0  ELEMENTS (OF       8375  DEFINED) SELECTED BY  ESEL  COMMAND.

 *GET  INUM185   FROM  ELEM  ITEM=COUN           VALUE=  0.00000000    

 *IF  iNum185  ( =   0.00000     )  GT  
      0  ( =   0.00000     )  THEN    

 *ENDIF

 SELECT      COMPONENT PIEZOELECTRIC BODY1                                                                                                                                                                                                                                             

 SELECT      ONLY ELEMENTS COMPLETELY CONTAINED WITHIN NODE SET.

        555 ELEMENTS (OF       8375  DEFINED) SELECTED FROM
      870 SELECTED NODES BY  ESLN COMMAND.

 RESELECT     FOR ITEM=ENAM COMPONENT=    
  IN RANGE       186 TO        186 STEP          1

        111  ELEMENTS (OF       8375  DEFINED) SELECTED BY  ESEL  COMMAND.

 *GET  INUM186   FROM  ELEM  ITEM=COUN           VALUE=  111.000000    

 *IF  iNum186  ( =   111.000     )  GT  
      0  ( =   0.00000     )  THEN    

 PARAMETER _ICURRENTELEM =     0.000000000    

 *DO LOOP ON PARAMETER= AR30 FROM  1.0000     TO  111.00     BY  1.0000    

 PARAMETER _ICURRENTELEM =     3421.000000    

 MODIFY ELEMENT      3421 (IF SELECTED) TO HAVE  ESYS =     12
     ELEM    MAT   TYP   REL   SEC   ESYS         NODES
    3421   3   3      3      3   12   16282 16280 16347 16284 16281 16279 16348 16283
                                      16413 16985 16963 16462 16771 16986 16964 16777
                                      16772 16768 16907 16778

 *GET  _ICURRENTETYP  FROM  ELEM      3421  ITEM=ATTR TYPE      VALUE=  3.00000000    

 ELEMENT TYPE          3 IS SOLID226     3-D 20-NODE STRU-ELECT SOLID
  KEYOPT( 1- 6)=     1001      0      0        0      0      0
  KEYOPT( 7-12)=        0      0      0        0      0      0
  KEYOPT(13-18)=        0      0      0        0      0      0

 CURRENT NODAL DOF SET IS  UX    UY    UZ    VOLT
  THREE-DIMENSIONAL MODEL

 *GET  _ICURRENTMAT  FROM  ELEM      3421  ITEM=ATTR MAT       VALUE=  3.00000000    

 DELETE PROPERTY  RSVX  FROM MATERIAL          3 TO          3 BY          1

 DELETE PROPERTY  RSVY  FROM MATERIAL          3 TO          3 BY          1

 DELETE PROPERTY  RSVZ  FROM MATERIAL          3 TO          3 BY          1

 DEFINE DATA TABLE  PIEZ  FOR MATERIAL     3

 DATA FOR  PIEZ  TABLE FOR MATERIAL   3
 LOC=  3 -2.8000      0.0000      0.0000      0.0000      0.0000      0.0000    

 DATA FOR  PIEZ  TABLE FOR MATERIAL   3
 LOC=  6 -2.8000      0.0000      0.0000      0.0000      0.0000      0.0000    

 DATA FOR  PIEZ  TABLE FOR MATERIAL   3
 LOC=  9  14.700      0.0000      0.0000      0.0000      0.0000      0.0000    

 DATA FOR  PIEZ  TABLE FOR MATERIAL   3
 LOC= 14  9.8600      0.0000      0.0000      0.0000      0.0000    

 DATA FOR  PIEZ  TABLE FOR MATERIAL   3
 LOC= 16  9.8600      0.0000      0.0000    

 DEFINE DATA TABLE  DPER  FOR MATERIAL     3

 DATA FOR  DPER  TABLE FOR MATERIAL   3
 LOC=  1  828.30      828.30      699.67      0.0000      0.0000      0.0000    

 *ENDDO  INDEX= AR30                            

 *ENDIF

 SELECT      COMPONENT PIEZOELECTRIC BODY1                                                                                                                                                                                                                                             

 SELECT      ONLY ELEMENTS COMPLETELY CONTAINED WITHIN NODE SET.

        555 ELEMENTS (OF       8375  DEFINED) SELECTED FROM
      870 SELECTED NODES BY  ESLN COMMAND.

 RESELECT     FOR ITEM=ENAM COMPONENT=    
  IN RANGE       187 TO        187 STEP          1

          0  ELEMENTS (OF       8375  DEFINED) SELECTED BY  ESEL  COMMAND.

 *GET  INUM187   FROM  ELEM  ITEM=COUN           VALUE=  0.00000000    

 *IF  iNum187  ( =   0.00000     )  GT  
      0  ( =   0.00000     )  THEN    

 *ENDIF

 SELECT      COMPONENT PIEZOELECTRIC BODY1                                                                                                                                                                                                                                             

 SELECT      ONLY ELEMENTS COMPLETELY CONTAINED WITHIN NODE SET.

        555 ELEMENTS (OF       8375  DEFINED) SELECTED FROM
      870 SELECTED NODES BY  ESLN COMMAND.

 RESELECT     FOR ITEM=ENAM COMPONENT=    
  IN RANGE       182 TO        182 STEP          1

          0  ELEMENTS (OF       8375  DEFINED) SELECTED BY  ESEL  COMMAND.

 *GET  INUM182   FROM  ELEM  ITEM=COUN           VALUE=  0.00000000    

 *IF  iNum182  ( =   0.00000     )  GT  
      0  ( =   0.00000     )  THEN    

 *ENDIF

 SELECT      COMPONENT PIEZOELECTRIC BODY1                                                                                                                                                                                                                                             

 SELECT      ONLY ELEMENTS COMPLETELY CONTAINED WITHIN NODE SET.

        555 ELEMENTS (OF       8375  DEFINED) SELECTED FROM
      870 SELECTED NODES BY  ESLN COMMAND.

 RESELECT     FOR ITEM=ENAM COMPONENT=    
  IN RANGE       183 TO        183 STEP          1

          0  ELEMENTS (OF       8375  DEFINED) SELECTED BY  ESEL  COMMAND.

 *GET  INUM183   FROM  ELEM  ITEM=COUN           VALUE=  0.00000000    

 *IF  iNum183  ( =   0.00000     )  GT  
      0  ( =   0.00000     )  THEN    

 *ENDIF

 EM UNITS = USER  EPZERO= 0.88540E-11


 ***** ROUTINE COMPLETED *****  CP =         1.000



 *****  MAPDL SOLUTION ROUTINE  *****

 SELECT ALL ENTITIES OF TYPE= ALL  AND BELOW

 WRITE FGRA ITEMS TO THE DATABASE WITH A FREQUENCY OF ALL 
   FOR ALL APPLICABLE ENTITIES
  
 ***********  Piezoelectric Properties C267 ***********
  
 CMBLOCK read of NODE component PIEZOELECTRIC BODY67                                                                                                                                                                                                                                              completed

 FINISH SOLUTION PROCESSING


 ***** ROUTINE COMPLETED *****  CP =         1.000



 *** MAPDL - ENGINEERING ANALYSIS SYSTEM  RELEASE 2025 R2          25.2     ***
 Ansys Mechanical Enterprise Academic Student      
 01055371  VERSION=WINDOWS x64   13:59:58  DEC 06, 2025 CP=      1.000

 simulazioneTrasduttoreUltrasonicoConConcentratore--Modal (D3)                 



          ***** MAPDL ANALYSIS DEFINITION (PREP7) *****

 SELECT      COMPONENT PIEZOELECTRIC BODY67                                                                                                                                                                                                                                            

 SELECT      ONLY ELEMENTS COMPLETELY CONTAINED WITHIN NODE SET.

        640 ELEMENTS (OF       8375  DEFINED) SELECTED FROM
      979 SELECTED NODES BY  ESLN COMMAND.

 RESELECT     FOR ITEM=ENAM COMPONENT=    
  IN RANGE       185 TO        185 STEP          1

          0  ELEMENTS (OF       8375  DEFINED) SELECTED BY  ESEL  COMMAND.

 *GET  INUM185   FROM  ELEM  ITEM=COUN           VALUE=  0.00000000    

 *IF  iNum185  ( =   0.00000     )  GT  
      0  ( =   0.00000     )  THEN    

 *ENDIF

 SELECT      COMPONENT PIEZOELECTRIC BODY67                                                                                                                                                                                                                                            

 SELECT      ONLY ELEMENTS COMPLETELY CONTAINED WITHIN NODE SET.

        640 ELEMENTS (OF       8375  DEFINED) SELECTED FROM
      979 SELECTED NODES BY  ESLN COMMAND.

 RESELECT     FOR ITEM=ENAM COMPONENT=    
  IN RANGE       186 TO        186 STEP          1

        128  ELEMENTS (OF       8375  DEFINED) SELECTED BY  ESEL  COMMAND.

 *GET  INUM186   FROM  ELEM  ITEM=COUN           VALUE=  128.000000    

 *IF  iNum186  ( =   128.000     )  GT  
      0  ( =   0.00000     )  THEN    

 PARAMETER _ICURRENTELEM =     0.000000000    

 *DO LOOP ON PARAMETER= AR30 FROM  1.0000     TO  128.00     BY  1.0000    

 PARAMETER _ICURRENTELEM =     3532.000000    

 MODIFY ELEMENT      3532 (IF SELECTED) TO HAVE  ESYS =     12
     ELEM    MAT   TYP   REL   SEC   ESYS         NODES
    3532   4   4      4      4   12   17275 17276 17167 17168 16989 16990 17024 17023
                                      17947 17964 17721 17965 17345 17393 17395 17398
                                      17951 17950 17764 17762

 *GET  _ICURRENTETYP  FROM  ELEM      3532  ITEM=ATTR TYPE      VALUE=  4.00000000    

 ELEMENT TYPE          4 IS SOLID226     3-D 20-NODE STRU-ELECT SOLID
  KEYOPT( 1- 6)=     1001      0      0        0      0      0
  KEYOPT( 7-12)=        0      0      0        0      0      0
  KEYOPT(13-18)=        0      0      0        0      0      0

 CURRENT NODAL DOF SET IS  UX    UY    UZ    VOLT
  THREE-DIMENSIONAL MODEL

 *GET  _ICURRENTMAT  FROM  ELEM      3532  ITEM=ATTR MAT       VALUE=  4.00000000    

 DELETE PROPERTY  RSVX  FROM MATERIAL          4 TO          4 BY          1

 DELETE PROPERTY  RSVY  FROM MATERIAL          4 TO          4 BY          1

 DELETE PROPERTY  RSVZ  FROM MATERIAL          4 TO          4 BY          1

 DEFINE DATA TABLE  PIEZ  FOR MATERIAL     4

 DATA FOR  PIEZ  TABLE FOR MATERIAL   4
 LOC=  3  2.8000      0.0000      0.0000      0.0000      0.0000      0.0000    

 DATA FOR  PIEZ  TABLE FOR MATERIAL   4
 LOC=  6  2.8000      0.0000      0.0000      0.0000      0.0000      0.0000    

 DATA FOR  PIEZ  TABLE FOR MATERIAL   4
 LOC=  9 -14.700      0.0000      0.0000      0.0000      0.0000      0.0000    

 DATA FOR  PIEZ  TABLE FOR MATERIAL   4
 LOC= 14 -9.8600      0.0000      0.0000      0.0000      0.0000    

 DATA FOR  PIEZ  TABLE FOR MATERIAL   4
 LOC= 16 -9.8600      0.0000      0.0000    

 DEFINE DATA TABLE  DPER  FOR MATERIAL     4

 DATA FOR  DPER  TABLE FOR MATERIAL   4
 LOC=  1  828.30      828.30      699.67      0.0000      0.0000      0.0000    

 *ENDDO  INDEX= AR30                            

 *ENDIF

 SELECT      COMPONENT PIEZOELECTRIC BODY67                                                                                                                                                                                                                                            

 SELECT      ONLY ELEMENTS COMPLETELY CONTAINED WITHIN NODE SET.

        640 ELEMENTS (OF       8375  DEFINED) SELECTED FROM
      979 SELECTED NODES BY  ESLN COMMAND.

 RESELECT     FOR ITEM=ENAM COMPONENT=    
  IN RANGE       187 TO        187 STEP          1

          0  ELEMENTS (OF       8375  DEFINED) SELECTED BY  ESEL  COMMAND.

 *GET  INUM187   FROM  ELEM  ITEM=COUN           VALUE=  0.00000000    

 *IF  iNum187  ( =   0.00000     )  GT  
      0  ( =   0.00000     )  THEN    

 *ENDIF

 SELECT      COMPONENT PIEZOELECTRIC BODY67                                                                                                                                                                                                                                            

 SELECT      ONLY ELEMENTS COMPLETELY CONTAINED WITHIN NODE SET.

        640 ELEMENTS (OF       8375  DEFINED) SELECTED FROM
      979 SELECTED NODES BY  ESLN COMMAND.

 RESELECT     FOR ITEM=ENAM COMPONENT=    
  IN RANGE       182 TO        182 STEP          1

          0  ELEMENTS (OF       8375  DEFINED) SELECTED BY  ESEL  COMMAND.

 *GET  INUM182   FROM  ELEM  ITEM=COUN           VALUE=  0.00000000    

 *IF  iNum182  ( =   0.00000     )  GT  
      0  ( =   0.00000     )  THEN    

 *ENDIF

 SELECT      COMPONENT PIEZOELECTRIC BODY67                                                                                                                                                                                                                                            

 SELECT      ONLY ELEMENTS COMPLETELY CONTAINED WITHIN NODE SET.

        640 ELEMENTS (OF       8375  DEFINED) SELECTED FROM
      979 SELECTED NODES BY  ESLN COMMAND.

 RESELECT     FOR ITEM=ENAM COMPONENT=    
  IN RANGE       183 TO        183 STEP          1

          0  ELEMENTS (OF       8375  DEFINED) SELECTED BY  ESEL  COMMAND.

 *GET  INUM183   FROM  ELEM  ITEM=COUN           VALUE=  0.00000000    

 *IF  iNum183  ( =   0.00000     )  GT  
      0  ( =   0.00000     )  THEN    

 *ENDIF

 EM UNITS = USER  EPZERO= 0.88540E-11


 ***** ROUTINE COMPLETED *****  CP =         1.188



 *****  MAPDL SOLUTION ROUTINE  *****

 SELECT ALL ENTITIES OF TYPE= ALL  AND BELOW

 WRITE FGRA ITEMS TO THE DATABASE WITH A FREQUENCY OF ALL 
   FOR ALL APPLICABLE ENTITIES

 *GET  ANSINTER_  FROM  ACTI  ITEM=INT        VALUE=  0.00000000    

 *IF  ANSINTER_  ( =   0.00000     )  NE  
      0  ( =   0.00000     )  THEN    

 *ENDIF

 *** NOTE ***                            CP =       1.312   TIME= 13:59:58
 The automatic domain decomposition logic has selected the MESH domain   
 decomposition method with 4 processes per solution.                     

 *****  MAPDL SOLVE    COMMAND  *****

 *** WARNING ***                         CP =       1.562   TIME= 13:59:58
 Element shape checking is currently inactive.  Issue SHPP,ON or         
 SHPP,WARN to reactivate, if desired.                                    

 *** NOTE ***                            CP =       1.625   TIME= 13:59:58
 The model data was checked and warning messages were found.             
  Please review output or errors file (                                  
 C:\Users\stolf\dev\EsercitazioniSensori\esercitazione_b\esercizio_2\_Pr 
 rojectScratch\Scr7A2D\file0.err ) for these warning messages.           

 *** SELECTION OF ELEMENT TECHNOLOGIES FOR APPLICABLE ELEMENTS ***
      --- GIVE SUGGESTIONS AND RESET THE KEY OPTIONS ---

 ELEMENT TYPE         1 IS SOLID186. KEYOPT(2) IS ALREADY SET AS SUGGESTED FOR A COUPLED FIELD ANALYSIS.

 ELEMENT TYPE         2 IS SOLID186. KEYOPT(2) IS ALREADY SET AS SUGGESTED FOR A COUPLED FIELD ANALYSIS.

 ELEMENT TYPE         5 IS SOLID186. KEYOPT(2) IS ALREADY SET AS SUGGESTED FOR A COUPLED FIELD ANALYSIS.

 ELEMENT TYPE         6 IS SOLID186. KEYOPT(2) IS ALREADY SET AS SUGGESTED FOR A COUPLED FIELD ANALYSIS.



 *** MAPDL - ENGINEERING ANALYSIS SYSTEM  RELEASE 2025 R2          25.2     ***
 Ansys Mechanical Enterprise Academic Student      
 01055371  VERSION=WINDOWS x64   13:59:58  DEC 06, 2025 CP=      1.625

 simulazioneTrasduttoreUltrasonicoConConcentratore--Modal (D3)                 



                       S O L U T I O N   O P T I O N S

   PROBLEM DIMENSIONALITY. . . . . . . . . . . . .3-D                  
   DEGREES OF FREEDOM. . . . . . UX   UY   UZ   VOLT
   ANALYSIS TYPE . . . . . . . . . . . . . . . . .MODAL                
      EXTRACTION METHOD. . . . . . . . . . . . . .BLOCK LANCZOS
   OFFSET TEMPERATURE FROM ABSOLUTE ZERO . . . . .  273.15    
   THERMAL EXPANSION . . . . . . . . . . . . . . .OFF
   NUMBER OF MODES TO EXTRACT. . . . . . . . . . .    -1
   MODAL EXTRACTION RANGE. . . . . . . . . . . . .  15000.     TO   72000.    
   GLOBALLY ASSEMBLED MATRIX . . . . . . . . . . .SYMMETRIC  
   NUMBER OF MODES TO EXPAND . . . . . . . . . . .ALL
   ELEMENT RESULTS CALCULATION . . . . . . . . . .ON 

 *** NOTE ***                            CP =       1.641   TIME= 13:59:58
 The structural-electrostatic analysis with KEYOPT(1) = 1001 of element  
 SOLID226 will be piezoelectric.                                         

 *** NOTE ***                            CP =       1.641   TIME= 13:59:58
 The structural-electrostatic analysis with KEYOPT(1) = 1001 of element  
 SOLID226 will be piezoelectric.                                         

 *** WARNING ***                         CP =       1.656   TIME= 13:59:58
 No constraints have been defined using the D command.                   

 *** NOTE ***                            CP =       1.656   TIME= 13:59:58
 The step data was checked and warning messages were found.              
  Please review output or errors file (                                  
 C:\Users\stolf\dev\EsercitazioniSensori\esercitazione_b\esercizio_2\_Pr 
 rojectScratch\Scr7A2D\file0.err ) for these warning messages.           

 *** NOTE ***                            CP =       1.672   TIME= 13:59:58
 The conditions for direct assembly have been met.  No .emat or .erot    
 files will be produced.                                                 

 *** WARNING ***                         CP =       2.062   TIME= 13:59:58
 Contact element 9938 is missing DOF VOLT (and possibly others) of       
 underlying base element 3421.  Similar mismatches may exist elsewhere,  
 but checking for this is discontinued.                                  

 *** NOTE ***                            CP =       2.812   TIME= 13:59:58
 Symmetric Deformable- deformable contact pair identified by real        
 constant set 7 and contact element type 7 has been set up.  The         
 companion pair has real constant set ID 8.  Both pairs should have the  
 same behavior.                                                          
 MAPDL will deactivate the current pair and keep its companion pair,     
 resulting in asymmetric contact.                                        
 Auto surface constraint is built
 Contact algorithm: MPC based approach

 *** NOTE ***                            CP =       2.812   TIME= 13:59:58
 Contact related postprocess items (ETABLE, pressure ...) are not        
 available.                                                              
 Contact detection at: nodal point (normal to target surface)
 MPC will be built internally to handle bonded contact.
 Average contact surface length               0.18345E-02
 Average contact pair depth                   0.20444E-02
 Average target surface length                0.16922E-02
 Default pinball region factor PINB           0.25000    
 The resulting pinball region                 0.51111E-03
 Default target edge extension factor TOLS     2.0000    
 Initial penetration/gap is excluded.
 Bonded contact (always) is defined.

 *** NOTE ***                            CP =       2.812   TIME= 13:59:58
 Max.  Initial penetration 8.199997814E-10 was detected between contact  
 element 9873 and target element 10106.                                  
 ****************************************
  

 *** NOTE ***                            CP =       2.812   TIME= 13:59:58
 Symmetric Deformable- deformable contact pair identified by real        
 constant set 8 and contact element type 7 has been set up.  The         
 companion pair has real constant set ID 7.  Both pairs should have the  
 same behavior.                                                          
 MAPDL will keep the current pair and deactivate its companion pair,     
 resulting in asymmetric contact.                                        
 Auto surface constraint is built
 Contact algorithm: MPC based approach

 *** NOTE ***                            CP =       2.812   TIME= 13:59:58
 Contact related postprocess items (ETABLE, pressure ...) are not        
 available.                                                              
 Contact detection at: nodal point (normal to target surface)
 MPC will be built internally to handle bonded contact.
 Average contact surface length               0.17428E-02
 Average contact pair depth                   0.10000E-02
 Average target surface length                0.18141E-02
 Default pinball region factor PINB           0.25000    
 The resulting pinball region                 0.25000E-03
 Default target edge extension factor TOLS     2.0000    
 Initial penetration/gap is excluded.
 Bonded contact (always) is defined.

 *** NOTE ***                            CP =       2.812   TIME= 13:59:58
 Max.  Initial penetration 8.200004703E-10 was detected between contact  
 element 10010 and target element 9770.                                  
 ****************************************
  

 *** NOTE ***                            CP =       2.812   TIME= 13:59:58
 Symmetric Deformable- deformable contact pair identified by real        
 constant set 9 and contact element type 9 has been set up.  The         
 companion pair has real constant set ID 10.  Both pairs should have     
 the same behavior.                                                      
 MAPDL will keep the current pair and deactivate its companion pair,     
 resulting in asymmetric contact.                                        
 Auto surface constraint is built
 Contact algorithm: MPC based approach

 *** NOTE ***                            CP =       2.812   TIME= 13:59:58
 Contact related postprocess items (ETABLE, pressure ...) are not        
 available.                                                              
 Contact detection at: nodal point (normal to target surface)
 MPC will be built internally to handle bonded contact.
 Average contact surface length               0.15725E-02
 Average contact pair depth                   0.10000E-02
 Average target surface length                0.18328E-02
 Default pinball region factor PINB           0.25000    
 The resulting pinball region                 0.25000E-03
 Default target edge extension factor TOLS     2.0000    
 Initial penetration/gap is excluded.
 Bonded contact (always) is defined.

 *** NOTE ***                            CP =       2.812   TIME= 13:59:58
 Max.  Initial penetration 1.244154998E-09 was detected between contact  
 element 10363 and target element 10588.                                 
 You may move entire target surface by : x= 6.62213929E-17, y=           
 2.56176278E-17, z= 1.244154998E-09,to reduce initial penetration.       
 ****************************************
  

 *** NOTE ***                            CP =       2.812   TIME= 13:59:58
 Symmetric Deformable- deformable contact pair identified by real        
 constant set 10 and contact element type 9 has been set up.  The        
 companion pair has real constant set ID 9.  Both pairs should have the  
 same behavior.                                                          
 MAPDL will deactivate the current pair and keep its companion pair,     
 resulting in asymmetric contact.                                        
 Auto surface constraint is built
 Contact algorithm: MPC based approach

 *** NOTE ***                            CP =       2.812   TIME= 13:59:58
 Contact related postprocess items (ETABLE, pressure ...) are not        
 available.                                                              
 Contact detection at: nodal point (normal to target surface)
 MPC will be built internally to handle bonded contact.
 Average contact surface length               0.18535E-02
 Average contact pair depth                   0.20389E-02
 Average target surface length                0.15496E-02
 Default pinball region factor PINB           0.25000    
 The resulting pinball region                 0.50972E-03
 Default target edge extension factor TOLS     2.0000    
 Initial penetration/gap is excluded.
 Bonded contact (always) is defined.

 *** NOTE ***                            CP =       2.812   TIME= 13:59:58
 Max.  Initial penetration 1.292393692E-09 was detected between contact  
 element 10467 and target element 10189.                                 
 ****************************************
  

 *** NOTE ***                            CP =       2.812   TIME= 13:59:58
 Symmetric Deformable- deformable contact pair identified by real        
 constant set 11 and contact element type 11 has been set up.  The       
 companion pair has real constant set ID 12.  Both pairs should have     
 the same behavior.                                                      
 MAPDL will deactivate the current pair and keep its companion pair,     
 resulting in asymmetric contact.                                        
 Auto surface constraint is built
 Contact algorithm: MPC based approach

 *** NOTE ***                            CP =       2.812   TIME= 13:59:58
 Contact related postprocess items (ETABLE, pressure ...) are not        
 available.                                                              
 Contact detection at: nodal point (normal to target surface)
 MPC will be built internally to handle bonded contact.
 Average contact surface length               0.17289E-02
 Average contact pair depth                   0.10014E-02
 Average target surface length                0.15496E-02
 Default pinball region factor PINB           0.25000    
 The resulting pinball region                 0.25036E-03
 Default target edge extension factor TOLS     2.0000    
 Initial penetration/gap is excluded.
 Bonded contact (always) is defined.

 *** NOTE ***                            CP =       2.812   TIME= 13:59:58
 Max.  Initial penetration 9.795853018E-10 was detected between contact  
 element 10722 and target element 10962.                                 
 ****************************************
  

 *** NOTE ***                            CP =       2.812   TIME= 13:59:58
 Symmetric Deformable- deformable contact pair identified by real        
 constant set 12 and contact element type 11 has been set up.  The       
 companion pair has real constant set ID 11.  Both pairs should have     
 the same behavior.                                                      
 MAPDL will keep the current pair and deactivate its companion pair,     
 resulting in asymmetric contact.                                        
 Auto surface constraint is built
 Contact algorithm: MPC based approach

 *** NOTE ***                            CP =       2.812   TIME= 13:59:58
 Contact related postprocess items (ETABLE, pressure ...) are not        
 available.                                                              
 Contact detection at: nodal point (normal to target surface)
 MPC will be built internally to handle bonded contact.
 Average contact surface length               0.15725E-02
 Average contact pair depth                   0.10000E-02
 Average target surface length                0.16917E-02
 Default pinball region factor PINB           0.25000    
 The resulting pinball region                 0.25000E-03
 Default target edge extension factor TOLS     2.0000    
 Initial penetration/gap is excluded.
 Bonded contact (always) is defined.

 *** NOTE ***                            CP =       2.812   TIME= 13:59:58
 Max.  Initial penetration 9.899108113E-10 was detected between contact  
 element 10834 and target element 10686.                                 
 ****************************************
  

 *** NOTE ***                            CP =       2.812   TIME= 13:59:58
 Symmetric Deformable- deformable contact pair identified by real        
 constant set 13 and contact element type 13 has been set up.  The       
 companion pair has real constant set ID 14.  Both pairs should have     
 the same behavior.                                                      
 MAPDL will deactivate the current pair and keep its companion pair,     
 resulting in asymmetric contact.                                        
 Auto surface constraint is built
 Contact algorithm: MPC based approach

 *** NOTE ***                            CP =       2.812   TIME= 13:59:58
 Contact related postprocess items (ETABLE, pressure ...) are not        
 available.                                                              
 Contact detection at: nodal point (normal to target surface)
 MPC will be built internally to handle bonded contact.
 Average contact surface length               0.18570E-02
 Average contact pair depth                   0.20389E-02
 Average target surface length                0.18143E-02
 Default pinball region factor PINB           0.25000    
 The resulting pinball region                 0.50972E-03
 Default target edge extension factor TOLS     2.0000    
 Initial penetration/gap is excluded.
 Bonded contact (always) is defined.

 *** NOTE ***                            CP =       2.812   TIME= 13:59:58
 Min.  Initial gap 9.999997099E-05 was detected between contact element  
 11184 and target element 11398.                                         
 Contact is detected due to initial settings.                            
 ****************************************
  

 *** NOTE ***                            CP =       2.812   TIME= 13:59:58
 Symmetric Deformable- deformable contact pair identified by real        
 constant set 14 and contact element type 13 has been set up.  The       
 companion pair has real constant set ID 13.  Both pairs should have     
 the same behavior.                                                      
 MAPDL will keep the current pair and deactivate its companion pair,     
 resulting in asymmetric contact.                                        
 Auto surface constraint is built
 Contact algorithm: MPC based approach

 *** NOTE ***                            CP =       2.812   TIME= 13:59:58
 Contact related postprocess items (ETABLE, pressure ...) are not        
 available.                                                              
 Contact detection at: nodal point (normal to target surface)
 MPC will be built internally to handle bonded contact.
 Average contact surface length               0.18348E-02
 Average contact pair depth                   0.21000E-02
 Average target surface length                0.18328E-02
 Default pinball region factor PINB           0.25000    
 The resulting pinball region                 0.52500E-03
 Default target edge extension factor TOLS     2.0000    
 Initial penetration/gap is excluded.
 Bonded contact (always) is defined.

 *** NOTE ***                            CP =       2.812   TIME= 13:59:58
 Min.  Initial gap 9.999989656E-05 was detected between contact element  
 11279 and target element 11117.                                         
 Contact is detected due to initial settings.                            
 ****************************************
  

 *** NOTE ***                            CP =       2.812   TIME= 13:59:58
 Symmetric Deformable- deformable contact pair identified by real        
 constant set 15 and contact element type 15 has been set up.  The       
 companion pair has real constant set ID 16.  Both pairs should have     
 the same behavior.                                                      
 MAPDL will deactivate the current pair and keep its companion pair,     
 resulting in asymmetric contact.                                        
 Auto surface constraint is built
 Contact algorithm: MPC based approach

 *** NOTE ***                            CP =       2.812   TIME= 13:59:58
 Contact related postprocess items (ETABLE, pressure ...) are not        
 available.                                                              
 Contact detection at: nodal point (normal to target surface)
 MPC will be built internally to handle bonded contact.
 Average contact surface length               0.18324E-02
 Average contact pair depth                   0.21000E-02
 Average target surface length                0.17154E-02
 Default pinball region factor PINB           0.25000    
 The resulting pinball region                 0.52500E-03
 Default target edge extension factor TOLS     2.0000    
 Initial penetration/gap is excluded.
 Bonded contact (always) is defined.

 *** NOTE ***                            CP =       2.812   TIME= 13:59:58
 Max.  Initial penetration 2.335486082E-09 was detected between contact  
 element 11570 and target element 11708.                                 
 You may move entire target surface by : x= 9.593305823E-15, y=          
 3.165619099E-17, z= 2.335486082E-09,to reduce initial penetration.      
 ****************************************
  

 *** NOTE ***                            CP =       2.812   TIME= 13:59:58
 Symmetric Deformable- deformable contact pair identified by real        
 constant set 16 and contact element type 15 has been set up.  The       
 companion pair has real constant set ID 15.  Both pairs should have     
 the same behavior.                                                      
 MAPDL will keep the current pair and deactivate its companion pair,     
 resulting in asymmetric contact.                                        
 Auto surface constraint is built
 Contact algorithm: MPC based approach

 *** NOTE ***                            CP =       2.812   TIME= 13:59:58
 Contact related postprocess items (ETABLE, pressure ...) are not        
 available.                                                              
 Contact detection at: nodal point (normal to target surface)
 MPC will be built internally to handle bonded contact.
 Average contact surface length               0.17449E-02
 Average contact pair depth                   0.21000E-02
 Average target surface length                0.18143E-02
 Default pinball region factor PINB           0.25000    
 The resulting pinball region                 0.52500E-03
 Default target edge extension factor TOLS     2.0000    
 Initial penetration/gap is excluded.
 Bonded contact (always) is defined.

 *** NOTE ***                            CP =       2.812   TIME= 13:59:58
 Max.  Initial penetration 2.600000022E-09 was detected between contact  
 element 11667 and target element 11494.                                 
 You may move entire target surface by : x= 9.482645247E-17, y=          
 1.186250458E-16, z= -2.600000022E-09,to reduce initial penetration.     
 ****************************************
  
  
  

  
  
     D I S T R I B U T E D   D O M A I N   D E C O M P O S E R
  
  ...Number of elements: 8375
  ...Number of nodes:    30857
  ...Decompose to 4 CPU domains
  ...Element load balance ratio =     1.181


                      L O A D   S T E P   O P T I O N S

   LOAD STEP NUMBER. . . . . . . . . . . . . . . .     1
   THERMAL STRAINS INCLUDED IN THE LOAD VECTOR . .    NO
   PRINT OUTPUT CONTROLS . . . . . . . . . . . . .NO PRINTOUT
   DATABASE OUTPUT CONTROLS
      ITEM     FREQUENCY   COMPONENT
       ALL       NONE               
      NSOL        ALL               
      VENG        ALL               
      STRS        ALL               
      EPEL        ALL               
      EPPL        ALL               
      RSOL        ALL               
      NLOA        ALL               
      CONT        ALL               
      FGRA        ALL               


 *** NOTE ***                            CP =       4.062   TIME= 13:59:59
 Symmetric Deformable- deformable contact pair identified by real        
 constant set 13 and contact element type 13 has been set up.  The       
 companion pair has real constant set ID 14.  Both pairs should have     
 the same behavior.                                                      
 MAPDL will deactivate the current pair and keep its companion pair,     
 resulting in asymmetric contact.                                        
 Auto surface constraint is built
 Contact algorithm: MPC based approach

 *** NOTE ***                            CP =       4.062   TIME= 13:59:59
 Contact related postprocess items (ETABLE, pressure ...) are not        
 available.                                                              
 Contact detection at: nodal point (normal to target surface)
 MPC will be built internally to handle bonded contact.
 Average contact surface length               0.18570E-02
 Average contact pair depth                   0.20389E-02
 Average target surface length                0.18143E-02
 Default pinball region factor PINB           0.25000    
 The resulting pinball region                 0.50972E-03
 Default target edge extension factor TOLS     2.0000    
 Initial penetration/gap is excluded.
 Bonded contact (always) is defined.

 *** NOTE ***                            CP =       4.062   TIME= 13:59:59
 Min.  Initial gap 9.999997099E-05 was detected between contact element  
 11184 and target element 11398.                                         
 Contact is detected due to initial settings.                            
 ****************************************
  

 *** NOTE ***                            CP =       4.062   TIME= 13:59:59
 Symmetric Deformable- deformable contact pair identified by real        
 constant set 14 and contact element type 13 has been set up.  The       
 companion pair has real constant set ID 13.  Both pairs should have     
 the same behavior.                                                      
 MAPDL will keep the current pair and deactivate its companion pair,     
 resulting in asymmetric contact.                                        
 Auto surface constraint is built
 Contact algorithm: MPC based approach

 *** NOTE ***                            CP =       4.062   TIME= 13:59:59
 Contact related postprocess items (ETABLE, pressure ...) are not        
 available.                                                              
 Contact detection at: nodal point (normal to target surface)
 MPC will be built internally to handle bonded contact.
 Average contact surface length               0.18348E-02
 Average contact pair depth                   0.21000E-02
 Average target surface length                0.18328E-02
 Default pinball region factor PINB           0.25000    
 The resulting pinball region                 0.52500E-03
 Default target edge extension factor TOLS     2.0000    
 Initial penetration/gap is excluded.
 Bonded contact (always) is defined.

 *** NOTE ***                            CP =       4.062   TIME= 13:59:59
 Min.  Initial gap 9.999989656E-05 was detected between contact element  
 11279 and target element 11117.                                         
 Contact is detected due to initial settings.                            
 ****************************************
  


                         ***********  PRECISE MASS SUMMARY  ***********

   TOTAL RIGID BODY MASS MATRIX ABOUT ORIGIN
               Translational mass               |   Coupled translational/rotational mass
        0.18830        0.0000        0.0000     |     0.0000       0.12663E-01  -0.16371E-10
         0.0000       0.18830        0.0000     |   -0.12663E-01    0.0000       0.19222E-10
         0.0000        0.0000       0.18830     |    0.16371E-10  -0.19222E-10    0.0000    
     ------------------------------------------ | ------------------------------------------
                                                |         Rotational mass (inertia)
                                                |    0.11632E-02   0.12659E-13  -0.32008E-12
                                                |    0.12659E-13   0.11632E-02  -0.17682E-11
                                                |   -0.32008E-12  -0.17682E-11   0.87502E-05

   TOTAL MASS = 0.18830    
     The mass principal axes coincide with the global Cartesian axes

   CENTER OF MASS (X,Y,Z)=   0.10208E-09   0.86940E-10   0.67250E-01

   TOTAL INERTIA ABOUT CENTER OF MASS
        0.31159E-03   0.12659E-13   0.97259E-12
        0.12659E-13   0.31159E-03  -0.66723E-12
        0.97259E-12  -0.66723E-12   0.87502E-05
     The inertia principal axes coincide with the global Cartesian axes


  *** MASS SUMMARY BY ELEMENT TYPE ***

  TYPE      MASS
     1  0.517934E-01
     2  0.516526E-01
     3  0.241902E-02
     4  0.241902E-02
     5  0.268184E-01
     6  0.532008E-01

 Range of element maximum matrix coefficients in global coordinates
 Maximum = 709530321 at element 3488.                                    
 Minimum = 95381467.6 at element 3580.                                   

   *** ELEMENT MATRIX FORMULATION TIMES
     TYPE    NUMBER   ENAME      TOTAL CP  AVE CP

        1      1728  SOLID186      0.438   0.000253
        2      1692  SOLID186      0.484   0.000286
        3       111  SOLID226      0.062   0.000563
        4       128  SOLID226      0.078   0.000610
        5       972  SOLID186      0.297   0.000305
        6      1728  SOLID186      0.484   0.000280
        7       207  CONTA174      0.031   0.000151
        8       207  TARGE170      0.000   0.000000
        9       222  CONTA174      0.094   0.000422
       10       222  TARGE170      0.000   0.000000
       11       239  CONTA174      0.047   0.000196
       12       239  TARGE170      0.000   0.000000
       13       190  CONTA174      0.062   0.000329
       14       190  TARGE170      0.000   0.000000
       15       150  CONTA174      0.016   0.000104
       16       150  TARGE170      0.000   0.000000
 Time at end of element matrix formulation CP = 5.34375.                 

  BLOCK LANCZOS CALCULATION OF ALL EIGENVECTORS.
  NUMBER OF EQUATIONS              =        89284
  MAXIMUM WAVEFRONT                =          846
  MAXIMUM MODES STORED             =        89284
  MINIMUM EIGENVALUE               =  0.15000E+05
  MAXIMUM EIGENVALUE               =  0.72000E+05



  Memory allocated on only this MPI rank (rank     0)
  -------------------------------------------------------------------
  Equation solver memory allocated                     =   181.002 MB
  Equation solver memory required for in-core mode     =   172.431 MB
  Equation solver memory required for out-of-core mode =    53.397 MB
  Total (solver and non-solver) memory allocated       =   942.010 MB


  Total memory summed across all MPI ranks on this machines
  -------------------------------------------------------------------
  Equation solver memory allocated                     =   952.030 MB
  Equation solver memory required for in-core mode     =   906.972 MB
  Equation solver memory required for out-of-core mode =   247.352 MB
  Total (solver and non-solver) memory allocated       =  2786.764 MB

 *** NOTE ***                            CP =       7.234   TIME= 14:00:02
 The Distributed Sparse Matrix Solver used by the Block Lanczos          
 eigensolver is currently running in the in-core memory mode.  This      
 memory mode uses the most amount of memory in order to avoid using the  
 hard drive as much as possible, which most often results in the         
 fastest solution time.  This mode is recommended if enough physical     
 memory is present to accommodate all of the solver data.                

  Process memory required for in-core LANCZOS Workspace             =     195.351944 MB
  Process memory required for out-of-core LANCZOS Workspace         =     4.203018 MB

  Total   memory required for in-core LANCZOS Workspace             =     677.656555 MB
  Total   memory required for out-of-core LANCZOS Workspace         =     15.546814 MB

  Lanczos Memory Mode : INCORE


  >> Shift # 1 :  | |                                : 17 Eigenvalues Converged


 *** MAPDL - ENGINEERING ANALYSIS SYSTEM  RELEASE 2025 R2          25.2     ***
 Ansys Mechanical Enterprise Academic Student      
 01055371  VERSION=WINDOWS x64   14:00:07  DEC 06, 2025 CP=     12.812

 simulazioneTrasduttoreUltrasonicoConConcentratore--Modal (D3)                 



 *** FREQUENCIES FROM BLOCK LANCZOS ITERATION ***

  MODE    FREQUENCY (HERTZ)      



   FREQUENCY RANGE REQUESTED=   15000.0       72000.0    
    1     19012.04963115    
    2     19036.15279317    
    3     21838.19993016    
    4     24263.37737142    
    5     30145.14665483    
    6     30154.12396078    
    7     34234.54886174    
    8     39245.35418948    
    9     40704.89589395    
   10     40705.79287676    
   11     49122.47561465    
   12     51475.20901233    
   13     51497.51601510    
   14     56874.16075043    
   15     63301.87944523    
   16     64175.08719102    
   17     64213.17983959    

   *** ELEMENT RESULT CALCULATION TIMES
     TYPE    NUMBER   ENAME      TOTAL CP  AVE CP

        1      1728  SOLID186      0.359   0.000208
        2      1692  SOLID186      0.406   0.000240
        3       111  SOLID226      0.062   0.000563
        4       128  SOLID226      0.109   0.000854
        5       972  SOLID186      0.219   0.000225
        6      1728  SOLID186      0.391   0.000226

   *** NODAL LOAD CALCULATION TIMES
     TYPE    NUMBER   ENAME      TOTAL CP  AVE CP

        1      1728  SOLID186      0.000   0.000000
        2      1692  SOLID186      0.016   0.000009
        3       111  SOLID226      0.000   0.000000
        4       128  SOLID226      0.000   0.000000
        5       972  SOLID186      0.016   0.000016
        6      1728  SOLID186      0.016   0.000009

 *** MAPDL - ENGINEERING ANALYSIS SYSTEM  RELEASE 2025 R2          25.2     ***
 Ansys Mechanical Enterprise Academic Student      
 01055371  VERSION=WINDOWS x64   14:00:17  DEC 06, 2025 CP=     22.297

 simulazioneTrasduttoreUltrasonicoConConcentratore--Modal (D3)                 





          ***** PARTICIPATION FACTOR CALCULATION *****  X  DIRECTION
                                                                                  CUMULATIVE     RATIO EFF.MASS
  MODE   FREQUENCY       PERIOD      PARTIC.FACTOR     RATIO    EFFECTIVE MASS   MASS FRACTION   TO TOTAL MASS
     1     19012.0       0.52598E-04    0.0000        0.000000     0.00000         0.00000         0.00000    
     2     19036.2       0.52532E-04    0.0000        0.000000     0.00000         0.00000         0.00000    
     3     21838.2       0.45791E-04    0.0000        0.000000     0.00000         0.00000         0.00000    
     4     24263.4       0.41214E-04    0.0000        0.000000     0.00000         0.00000         0.00000    
     5     30145.1       0.33173E-04    0.0000        0.000000     0.00000         0.00000         0.00000    
     6     30154.1       0.33163E-04    0.0000        0.000000     0.00000         0.00000         0.00000    
     7     34234.5       0.29210E-04    0.0000        0.000000     0.00000         0.00000         0.00000    
     8     39245.4       0.25481E-04    0.0000        0.000000     0.00000         0.00000         0.00000    
     9     40704.9       0.24567E-04    0.0000        0.000000     0.00000         0.00000         0.00000    
    10     40705.8       0.24567E-04    0.0000        0.000000     0.00000         0.00000         0.00000    
    11     49122.5       0.20357E-04    0.0000        0.000000     0.00000         0.00000         0.00000    
    12     51475.2       0.19427E-04    0.0000        0.000000     0.00000         0.00000         0.00000    
    13     51497.5       0.19418E-04    0.0000        0.000000     0.00000         0.00000         0.00000    
    14     56874.2       0.17583E-04    0.0000        0.000000     0.00000         0.00000         0.00000    
    15     63301.9       0.15797E-04    0.0000        0.000000     0.00000         0.00000         0.00000    
    16     64175.1       0.15582E-04    0.0000        0.000000     0.00000         0.00000         0.00000    
    17     64213.2       0.15573E-04    0.0000        0.000000     0.00000         0.00000         0.00000    



          ***** PARTICIPATION FACTOR CALCULATION *****  Y  DIRECTION
                                                                                  CUMULATIVE     RATIO EFF.MASS
  MODE   FREQUENCY       PERIOD      PARTIC.FACTOR     RATIO    EFFECTIVE MASS   MASS FRACTION   TO TOTAL MASS
     1     19012.0       0.52598E-04    0.0000        0.000000     0.00000         0.00000         0.00000    
     2     19036.2       0.52532E-04    0.0000        0.000000     0.00000         0.00000         0.00000    
     3     21838.2       0.45791E-04    0.0000        0.000000     0.00000         0.00000         0.00000    
     4     24263.4       0.41214E-04    0.0000        0.000000     0.00000         0.00000         0.00000    
     5     30145.1       0.33173E-04    0.0000        0.000000     0.00000         0.00000         0.00000    
     6     30154.1       0.33163E-04    0.0000        0.000000     0.00000         0.00000         0.00000    
     7     34234.5       0.29210E-04    0.0000        0.000000     0.00000         0.00000         0.00000    
     8     39245.4       0.25481E-04    0.0000        0.000000     0.00000         0.00000         0.00000    
     9     40704.9       0.24567E-04    0.0000        0.000000     0.00000         0.00000         0.00000    
    10     40705.8       0.24567E-04    0.0000        0.000000     0.00000         0.00000         0.00000    
    11     49122.5       0.20357E-04    0.0000        0.000000     0.00000         0.00000         0.00000    
    12     51475.2       0.19427E-04    0.0000        0.000000     0.00000         0.00000         0.00000    
    13     51497.5       0.19418E-04    0.0000        0.000000     0.00000         0.00000         0.00000    
    14     56874.2       0.17583E-04    0.0000        0.000000     0.00000         0.00000         0.00000    
    15     63301.9       0.15797E-04    0.0000        0.000000     0.00000         0.00000         0.00000    
    16     64175.1       0.15582E-04    0.0000        0.000000     0.00000         0.00000         0.00000    
    17     64213.2       0.15573E-04    0.0000        0.000000     0.00000         0.00000         0.00000    



          ***** PARTICIPATION FACTOR CALCULATION *****  Z  DIRECTION
                                                                                  CUMULATIVE     RATIO EFF.MASS
  MODE   FREQUENCY       PERIOD      PARTIC.FACTOR     RATIO    EFFECTIVE MASS   MASS FRACTION   TO TOTAL MASS
     1     19012.0       0.52598E-04    0.0000        0.000000     0.00000         0.00000         0.00000    
     2     19036.2       0.52532E-04    0.0000        0.000000     0.00000         0.00000         0.00000    
     3     21838.2       0.45791E-04    0.0000        0.000000     0.00000         0.00000         0.00000    
     4     24263.4       0.41214E-04    0.0000        0.000000     0.00000         0.00000         0.00000    
     5     30145.1       0.33173E-04    0.0000        0.000000     0.00000         0.00000         0.00000    
     6     30154.1       0.33163E-04    0.0000        0.000000     0.00000         0.00000         0.00000    
     7     34234.5       0.29210E-04    0.0000        0.000000     0.00000         0.00000         0.00000    
     8     39245.4       0.25481E-04    0.0000        0.000000     0.00000         0.00000         0.00000    
     9     40704.9       0.24567E-04    0.0000        0.000000     0.00000         0.00000         0.00000    
    10     40705.8       0.24567E-04    0.0000        0.000000     0.00000         0.00000         0.00000    
    11     49122.5       0.20357E-04    0.0000        0.000000     0.00000         0.00000         0.00000    
    12     51475.2       0.19427E-04    0.0000        0.000000     0.00000         0.00000         0.00000    
    13     51497.5       0.19418E-04    0.0000        0.000000     0.00000         0.00000         0.00000    
    14     56874.2       0.17583E-04    0.0000        0.000000     0.00000         0.00000         0.00000    
    15     63301.9       0.15797E-04    0.0000        0.000000     0.00000         0.00000         0.00000    
    16     64175.1       0.15582E-04    0.0000        0.000000     0.00000         0.00000         0.00000    
    17     64213.2       0.15573E-04    0.0000        0.000000     0.00000         0.00000         0.00000    



          ***** PARTICIPATION FACTOR CALCULATION *****ROTX DIRECTION
                                                                                  CUMULATIVE     RATIO EFF.MASS
  MODE   FREQUENCY       PERIOD      PARTIC.FACTOR     RATIO    EFFECTIVE MASS   MASS FRACTION   TO TOTAL MASS
     1     19012.0       0.52598E-04    0.0000        0.000000     0.00000         0.00000         0.00000    
     2     19036.2       0.52532E-04    0.0000        0.000000     0.00000         0.00000         0.00000    
     3     21838.2       0.45791E-04    0.0000        0.000000     0.00000         0.00000         0.00000    
     4     24263.4       0.41214E-04    0.0000        0.000000     0.00000         0.00000         0.00000    
     5     30145.1       0.33173E-04    0.0000        0.000000     0.00000         0.00000         0.00000    
     6     30154.1       0.33163E-04    0.0000        0.000000     0.00000         0.00000         0.00000    
     7     34234.5       0.29210E-04    0.0000        0.000000     0.00000         0.00000         0.00000    
     8     39245.4       0.25481E-04    0.0000        0.000000     0.00000         0.00000         0.00000    
     9     40704.9       0.24567E-04    0.0000        0.000000     0.00000         0.00000         0.00000    
    10     40705.8       0.24567E-04    0.0000        0.000000     0.00000         0.00000         0.00000    
    11     49122.5       0.20357E-04    0.0000        0.000000     0.00000         0.00000         0.00000    
    12     51475.2       0.19427E-04    0.0000        0.000000     0.00000         0.00000         0.00000    
    13     51497.5       0.19418E-04    0.0000        0.000000     0.00000         0.00000         0.00000    
    14     56874.2       0.17583E-04    0.0000        0.000000     0.00000         0.00000         0.00000    
    15     63301.9       0.15797E-04    0.0000        0.000000     0.00000         0.00000         0.00000    
    16     64175.1       0.15582E-04    0.0000        0.000000     0.00000         0.00000         0.00000    
    17     64213.2       0.15573E-04    0.0000        0.000000     0.00000         0.00000         0.00000    



          ***** PARTICIPATION FACTOR CALCULATION *****ROTY DIRECTION
                                                                                  CUMULATIVE     RATIO EFF.MASS
  MODE   FREQUENCY       PERIOD      PARTIC.FACTOR     RATIO    EFFECTIVE MASS   MASS FRACTION   TO TOTAL MASS
     1     19012.0       0.52598E-04    0.0000        0.000000     0.00000         0.00000         0.00000    
     2     19036.2       0.52532E-04    0.0000        0.000000     0.00000         0.00000         0.00000    
     3     21838.2       0.45791E-04    0.0000        0.000000     0.00000         0.00000         0.00000    
     4     24263.4       0.41214E-04    0.0000        0.000000     0.00000         0.00000         0.00000    
     5     30145.1       0.33173E-04    0.0000        0.000000     0.00000         0.00000         0.00000    
     6     30154.1       0.33163E-04    0.0000        0.000000     0.00000         0.00000         0.00000    
     7     34234.5       0.29210E-04    0.0000        0.000000     0.00000         0.00000         0.00000    
     8     39245.4       0.25481E-04    0.0000        0.000000     0.00000         0.00000         0.00000    
     9     40704.9       0.24567E-04    0.0000        0.000000     0.00000         0.00000         0.00000    
    10     40705.8       0.24567E-04    0.0000        0.000000     0.00000         0.00000         0.00000    
    11     49122.5       0.20357E-04    0.0000        0.000000     0.00000         0.00000         0.00000    
    12     51475.2       0.19427E-04    0.0000        0.000000     0.00000         0.00000         0.00000    
    13     51497.5       0.19418E-04    0.0000        0.000000     0.00000         0.00000         0.00000    
    14     56874.2       0.17583E-04    0.0000        0.000000     0.00000         0.00000         0.00000    
    15     63301.9       0.15797E-04    0.0000        0.000000     0.00000         0.00000         0.00000    
    16     64175.1       0.15582E-04    0.0000        0.000000     0.00000         0.00000         0.00000    
    17     64213.2       0.15573E-04    0.0000        0.000000     0.00000         0.00000         0.00000    



          ***** PARTICIPATION FACTOR CALCULATION *****ROTZ DIRECTION
                                                                                  CUMULATIVE     RATIO EFF.MASS
  MODE   FREQUENCY       PERIOD      PARTIC.FACTOR     RATIO    EFFECTIVE MASS   MASS FRACTION   TO TOTAL MASS
     1     19012.0       0.52598E-04    0.0000        0.000000     0.00000         0.00000         0.00000    
     2     19036.2       0.52532E-04    0.0000        0.000000     0.00000         0.00000         0.00000    
     3     21838.2       0.45791E-04    0.0000        0.000000     0.00000         0.00000         0.00000    
     4     24263.4       0.41214E-04    0.0000        0.000000     0.00000         0.00000         0.00000    
     5     30145.1       0.33173E-04    0.0000        0.000000     0.00000         0.00000         0.00000    
     6     30154.1       0.33163E-04    0.0000        0.000000     0.00000         0.00000         0.00000    
     7     34234.5       0.29210E-04    0.0000        0.000000     0.00000         0.00000         0.00000    
     8     39245.4       0.25481E-04    0.0000        0.000000     0.00000         0.00000         0.00000    
     9     40704.9       0.24567E-04    0.0000        0.000000     0.00000         0.00000         0.00000    
    10     40705.8       0.24567E-04    0.0000        0.000000     0.00000         0.00000         0.00000    
    11     49122.5       0.20357E-04    0.0000        0.000000     0.00000         0.00000         0.00000    
    12     51475.2       0.19427E-04    0.0000        0.000000     0.00000         0.00000         0.00000    
    13     51497.5       0.19418E-04    0.0000        0.000000     0.00000         0.00000         0.00000    
    14     56874.2       0.17583E-04    0.0000        0.000000     0.00000         0.00000         0.00000    
    15     63301.9       0.15797E-04    0.0000        0.000000     0.00000         0.00000         0.00000    
    16     64175.1       0.15582E-04    0.0000        0.000000     0.00000         0.00000         0.00000    
    17     64213.2       0.15573E-04    0.0000        0.000000     0.00000         0.00000         0.00000    





 *** NOTE ***                            CP =      22.297   TIME= 14:00:17
 The modes requested are mass normalized (Nrmkey on MODOPT).  However,   
 the modal masses and kinetic energies below are calculated with unit    
 normalized modes.                                                       

        ***** MODAL MASSES, KINETIC ENERGIES, AND TRANSLATIONAL EFFECTIVE MASSES SUMMARY *****

                                                                         EFFECTIVE MASS
  MODE  FREQUENCY   MODAL MASS     KENE      |      X-DIR      RATIO%   Y-DIR      RATIO%   Z-DIR      RATIO% 
     1  0.1901E+05  0.1278E-20  0.9122E-11   |     0.000        0.00   0.000        0.00   0.000        0.00
     2  0.1904E+05  0.6968E-19  0.4984E-09   |     0.000        0.00   0.000        0.00   0.000        0.00
     3  0.2184E+05  0.1159E-21  0.1091E-11   |     0.000        0.00   0.000        0.00   0.000        0.00
     4  0.2426E+05  0.1214E-16  0.1410E-06   |     0.000        0.00   0.000        0.00   0.000        0.00
     5  0.3015E+05  0.1058E-21  0.1897E-11   |     0.000        0.00   0.000        0.00   0.000        0.00
     6  0.3015E+05  0.4818E-20  0.8648E-10   |     0.000        0.00   0.000        0.00   0.000        0.00
     7  0.3423E+05  0.5187E-18  0.1200E-07   |     0.000        0.00   0.000        0.00   0.000        0.00
     8  0.3925E+05  0.1609E-19  0.4893E-09   |     0.000        0.00   0.000        0.00   0.000        0.00
     9  0.4070E+05  0.1389E-21  0.4544E-11   |     0.000        0.00   0.000        0.00   0.000        0.00
    10  0.4071E+05  0.9091E-22  0.2974E-11   |     0.000        0.00   0.000        0.00   0.000        0.00
    11  0.4912E+05  0.1281E-18  0.6101E-08   |     0.000        0.00   0.000        0.00   0.000        0.00
    12  0.5148E+05  0.9960E-22  0.5210E-11   |     0.000        0.00   0.000        0.00   0.000        0.00
    13  0.5150E+05  0.1062E-20  0.5559E-10   |     0.000        0.00   0.000        0.00   0.000        0.00
    14  0.5687E+05  0.9086E-22  0.5802E-11   |     0.000        0.00   0.000        0.00   0.000        0.00
    15  0.6330E+05  0.1390E-18  0.1099E-07   |     0.000        0.00   0.000        0.00   0.000        0.00
    16  0.6418E+05  0.3979E-21  0.3235E-10   |     0.000        0.00   0.000        0.00   0.000        0.00
    17  0.6421E+05  0.2418E-19  0.1968E-08   |     0.000        0.00   0.000        0.00   0.000        0.00


 *** MAPDL BINARY FILE STATISTICS
  BUFFER SIZE USED= 16384
        4.875 MB WRITTEN ON ELEMENT SAVED DATA FILE: file0.esav
       42.188 MB WRITTEN ON ASSEMBLED MATRIX FILE: file0.full
        3.625 MB WRITTEN ON MODAL MATRIX FILE: file0.mode
       37.438 MB WRITTEN ON RESULTS FILE: file0.rst
 *************** Write FE CONNECTORS *********

 WRITE OUT CONSTRAINT EQUATIONS TO FILE= file.ce                                                                                                                                                                                                                                                             

 *GET  _NMODALSOLPROC  FROM  ACTI  ITEM=NUMC       VALUE=  4.00000000    

 FINISH SOLUTION PROCESSING


 ***** ROUTINE COMPLETED *****  CP =        22.812



 ALL CURRENT MAPDL DATA WRITTEN TO FILE NAME= file.db
  FOR POSSIBLE RESUME FROM THIS POINT

 PRINTOUT RESUMED BY /GOP

 *GET  _WALLASOL  FROM  ACTI  ITEM=TIME WALL  VALUE=  14.0047222    

 *** MAPDL - ENGINEERING ANALYSIS SYSTEM  RELEASE 2025 R2          25.2     ***
 Ansys Mechanical Enterprise Academic Student      
 01055371  VERSION=WINDOWS x64   14:00:17  DEC 06, 2025 CP=     22.891

 simulazioneTrasduttoreUltrasonicoConConcentratore--Modal (D3)                 



          ***** MAPDL RESULTS INTERPRETATION (POST1) *****

 *** NOTE ***                            CP =      22.891   TIME= 14:00:17
 Reading results into the database (SET command) will update the current 
 displacement and force boundary conditions in the database with the     
 values from the results file for that load set.  Note that any          
 subsequent solutions will use these values unless action is taken to    
 either SAVE the current values or not overwrite them (/EXIT,NOSAVE).    

 PRINTOUT RESUMED BY /GOP

 Set Encoding of XML File to:ISO-8859-1

 Set Output of XML File to:
     PARM,     ,     ,     ,     ,     ,     ,     ,     ,     ,     ,     ,
         ,     ,     ,     ,     ,     ,     ,

 DATABASE WRITTEN ON FILE  parm.xml                                                                                                                                                                                                                                                            

 EXIT THE MAPDL POST1 DATABASE PROCESSOR


 ***** ROUTINE COMPLETED *****  CP =        23.141



 PRINTOUT RESUMED BY /GOP

 *GET  _WALLDONE  FROM  ACTI  ITEM=TIME WALL  VALUE=  14.0050000    

 PARAMETER _PREPTIME =     0.000000000    

 PARAMETER _SOLVTIME =     20.00000000    

 PARAMETER _POSTTIME =     1.000000000    

 PARAMETER _TOTALTIM =     21.00000000    

 *GET  _DLBRATIO  FROM  ACTI  ITEM=SOLU DLBR  VALUE=  1.18113612    

 *GET  _COMBTIME  FROM  ACTI  ITEM=SOLU COMB  VALUE= 0.364727800    

 *GET  _SSMODE   FROM  ACTI  ITEM=SOLU SSMM  VALUE=  2.00000000    

 *GET  _NDOFS    FROM  ACTI  ITEM=SOLU NDOF  VALUE=  89284.0000    
 --- Total number of nodes = 30857
 --- Total number of elements = 8375
 --- Element load balance ratio = 1.18113612
 --- Time to combine distributed files = 0.3647278
 --- Sparse memory mode = 2
 --- Number of DOF = 89284

 EXIT MAPDL WITHOUT SAVING DATABASE


 NUMBER OF WARNING MESSAGES ENCOUNTERED=          3
 NUMBER OF ERROR   MESSAGES ENCOUNTERED=          0

+--------------------- M A P D L   S T A T I S T I C S ------------------------+

Release: 2025 R2            Build: 25.2       Update: UP20250519   Platform: WINDOWS x64 
Date Run: 12/06/2025   Time: 14:00     Process ID: 9424
Operating System: Windows 11  (Build: 26100)

Processor Model: Intel(R) Core(TM) i9-10885H CPU @ 2.40GHz

Compiler: Intel(R) Fortran Compiler Classic Version 2021.9  (Build: 20230302)
          Intel(R) C/C++ Compiler Classic Version 2021.9  (Build: 20230302)
          Intel(R) oneAPI Math Kernel Library Version 2024.2.3-Product Build 20250403

Number of machines requested            :    1
Total number of cores available         :   16
Number of physical cores available      :    8
Number of processes requested           :    4
Number of threads per process requested :    1
Total number of cores requested         :    4 (Distributed Memory Parallel)               
MPI Type: INTELMPI
MPI Version: Intel(R) MPI Library 2021.14 for Windows* OS


GPU Acceleration: Not Requested

Job Name: file0
Input File: dummy.dat

  Core                Machine Name   Working Directory
 -----------------------------------------------------
     0         Dell-XPS-di-Michael   C:\Users\stolf\dev\EsercitazioniSensori\esercitazione_b\esercizio_2\_ProjectScratch\Scr7A2D
     1         Dell-XPS-di-Michael   C:\Users\stolf\dev\EsercitazioniSensori\esercitazione_b\esercizio_2\_ProjectScratch\Scr7A2D
     2         Dell-XPS-di-Michael   C:\Users\stolf\dev\EsercitazioniSensori\esercitazione_b\esercizio_2\_ProjectScratch\Scr7A2D
     3         Dell-XPS-di-Michael   C:\Users\stolf\dev\EsercitazioniSensori\esercitazione_b\esercizio_2\_ProjectScratch\Scr7A2D
 
Latency time from master to core     1 =    6.416 microseconds
Latency time from master to core     2 =    7.977 microseconds
Latency time from master to core     3 =    4.995 microseconds
 
Communication speed from master to core     1 =  6684.60 MB/sec
Communication speed from master to core     2 =  8424.33 MB/sec
Communication speed from master to core     3 =  7520.07 MB/sec

Total CPU time for main thread                    :       20.6 seconds
Total CPU time summed for all threads             :       23.6 seconds

Elapsed time spent obtaining a license            :        0.5 seconds
Elapsed time spent pre-processing model (/PREP7)  :        0.2 seconds
Elapsed time spent solution - preprocessing       :        0.7 seconds
Elapsed time spent computing solution             :       18.4 seconds
Elapsed time spent solution - postprocessing      :        0.4 seconds
Elapsed time spent post-processing model (/POST1) :        0.1 seconds
 
Eigensolver used                                  :            Block Lanczos
Equation solver computational rate                :       67.7 Gflops

Sum of disk space used on all processes           :      419.2 MB

Sum of memory used on all processes               :     1754.0 MB
Sum of memory allocated on all processes          :     3838.0 MB
Physical memory available                         :         32 GB
Total amount of I/O written to disk               :        0.3 GB
Total amount of I/O read from disk                :        0.1 GB

+------------------ E N D   M A P D L   S T A T I S T I C S -------------------+


 *-----------------------------------------------------------------------------*
 |                                                                             |
 |                               RUN COMPLETED                                 |
 |                                                                             |
 |-----------------------------------------------------------------------------|
 |                                                                             |
 |  Ansys MAPDL 2025 R2         Build 25.2         UP20250519    WINDOWS x64   |
 |                                                                             |
 |-----------------------------------------------------------------------------|
 |                                                                             |
 |  Database Requested(-db)     1024 MB     Scratch Memory Requested   1024 MB |
 |  Max Database Used(Master)     20 MB     Max Scratch Used(Master)    422 MB |
 |  Max Database Used(Workers)     1 MB     Max Scratch Used(Workers)   506 MB |
 |  Sum Database Used(All)        23 MB     Sum Scratch Used(All)      1731 MB |
 |                                                                             |
 |-----------------------------------------------------------------------------|
 |                                                                             |
 |        CP Time      (sec) =         23.594       Time  =  14:00:28          |
 |        Elapsed Time (sec) =         37.000       Date  =  12/06/2025        |
 |                                                                             |
 *-----------------------------------------------------------------------------*
