/COM,ANSYS RELEASE 2025 R2           BUILD 25.2      UP20250519       19:13:37

 *** WARNING ***                         CP =       1.516   TIME= 19:13:38
 The data for *GET entity NODE item CPS and NODE= 17050 is not defined.  
                                                                         
  The *GET command is ignored.                                           

 *** WARNING ***                         CP =       1.516   TIME= 19:13:38
 The data for *GET entity NODE item CPS and NODE= 16121 is not defined.  
                                                                         
  The *GET command is ignored.                                           

 *** WARNING ***                         CP =       1.516   TIME= 19:13:38
 The data for *GET entity NODE item CPS and NODE= 16117 is not defined.  
                                                                         
  The *GET command is ignored.                                           

 *** WARNING ***                         CP =       3.109   TIME= 19:13:39
 Element shape checking is currently inactive.  Issue SHPP,ON or         
 SHPP,WARN to reactivate, if desired.                                    

 *** WARNING ***                         CP =       3.797   TIME= 19:13:39
 Contact element 10087 is missing DOF VOLT (and possibly others) of      
 underlying base element 3421.  Similar mismatches may exist elsewhere,  
 but checking for this is discontinued.                                  

 *** WARNING ***                         CP =       4.688   TIME= 19:13:39
 Element shape checking is currently inactive.  Issue SHPP,ON or         
 SHPP,WARN to reactivate, if desired.                                    

 *** WARNING ***                         CP =       4.688   TIME= 19:13:39
 Element shape checking is currently inactive.  Issue SHPP,ON or         
 SHPP,WARN to reactivate, if desired.                                    

 *** WARNING ***                         CP =       4.688   TIME= 19:13:39
 Element shape checking is currently inactive.  Issue SHPP,ON or         
 SHPP,WARN to reactivate, if desired.                                    

 *** WARNING ***                         CP =       4.688   TIME= 19:13:39
 Contact element 10087 is missing DOF VOLT (and possibly others) of      
 underlying base element 3421.  Similar mismatches may exist elsewhere,  
 but checking for this is discontinued.                                  

 *** WARNING ***                         CP =       4.688   TIME= 19:13:39
 Contact element 10087 is missing DOF VOLT (and possibly others) of      
 underlying base element 3421.  Similar mismatches may exist elsewhere,  
 but checking for this is discontinued.                                  

 *** WARNING ***                         CP =       4.688   TIME= 19:13:39
 Contact element 10087 is missing DOF VOLT (and possibly others) of      
 underlying base element 3421.  Similar mismatches may exist elsewhere,  
 but checking for this is discontinued.                                  
/COM,ANSYS RELEASE 2025 R2           BUILD 25.2      UP20250519       19:24:12
