
 Ansys Mechanical Enterprise Academic Student      


 *------------------------------------------------------------------*
 |                                                                  |
 |   W E L C O M E   T O   T H E   A N S Y S (R)  P R O G R A M     |
 |                                                                  |
 *------------------------------------------------------------------*




 ***************************************************************
 *         ANSYS MAPDL 2025 R2          LEGAL NOTICES          *
 ***************************************************************
 *                                                             *
 * Copyright 1971-2025 Ansys, Inc.  All rights reserved.       *
 * Unauthorized use, distribution or duplication is            *
 * prohibited.                                                 *
 *                                                             *
 * Ansys is a registered trademark of Ansys, Inc. or its       *
 * subsidiaries in the United States or other countries.       *
 * See the Ansys, Inc. online documentation or the Ansys, Inc. *
 * documentation CD or online help for the complete Legal      *
 * Notice.                                                     *
 *                                                             *
 ***************************************************************
 *                                                             *
 * THIS ANSYS SOFTWARE PRODUCT AND PROGRAM DOCUMENTATION       *
 * INCLUDE TRADE SECRETS AND CONFIDENTIAL AND PROPRIETARY      *
 * PRODUCTS OF ANSYS, INC., ITS SUBSIDIARIES, OR LICENSORS.    *
 * The software products and documentation are furnished by    *
 * Ansys, Inc. or its subsidiaries under a software license    *
 * agreement that contains provisions concerning               *
 * non-disclosure, copying, length and nature of use,          *
 * compliance with exporting laws, warranties, disclaimers,    *
 * limitations of liability, and remedies, and other           *
 * provisions.  The software products and documentation may be *
 * used, disclosed, transferred, or copied only in accordance  *
 * with the terms and conditions of that software license      *
 * agreement.                                                  *
 *                                                             *
 * Ansys, Inc. is a UL registered                              *
 * ISO 9001:2015 company.                                      *
 *                                                             *
 ***************************************************************
 *                                                             *
 * This product is subject to U.S. laws governing export and   *
 * re-export.                                                  *
 *                                                             *
 * For U.S. Government users, except as specifically granted   *
 * by the Ansys, Inc. software license agreement, the use,     *
 * duplication, or disclosure by the United States Government  *
 * is subject to restrictions stated in the Ansys, Inc.        *
 * software license agreement and FAR 12.212 (for non-DOD      *
 * licenses).                                                  *
 *                                                             *
 ***************************************************************

 2025 R2 
     
 Point Releases and Patches installed:   
     
 Discovery 2025 R2   
 Core WB Files 2025 R2   
 optiSLang 2025 R2   
 CFX (includes CFD-Post) 2025 R2 
 Chemkin 2025 R2 
 EnSight 2025 R2 
 FENSAP-ICE 2025 R2  
 Fluent (includes CFD-Post) 2025 R2  
 Polyflow (includes CFD-Post) 2025 R2
 Forte (includes EnSight) 2025 R2
 Rocky 2025 R2   
 TurboGrid 2025 R2   
 ACIS Geometry Interface 2025 R2 
 AutoCAD Geometry Interface 2025 R2  
 Catia, Version 4 Geometry Interface 2025 R2 
 Catia, Version 5 Geometry Interface 2025 R2 
 Catia, Version 6 Geometry Interface 2025 R2 
 Creo Elements/Direct Modeling Geometry Interface 2025 R2
 Creo Parametric Geometry Interface 2025 R2  
 Inventor Geometry Interface 2025 R2 
 JTOpen Geometry Interface 2025 R2   
 NX Geometry Interface 2025 R2   
 Parasolid Geometry Interface  2025 R2   
 Solid Edge Geometry Interface 2025 R2   
 SOLIDWORKS Geometry Interface 2025 R2   
 Speos 2025 R2   
 SpaceClaim 2025 R2  
 Speos RPC 2025 R2   
 Zemax OpticStudio 2025 R2   
 Dynamic Reporting 2025 R2   
 Aqwa 2025 R2
 Autodyn 2025 R2 
 Material Calibration App 2025 R2
 Mechanical Products 2025 R2 
 Motion 2025 R2  
 Academic Student 2025 R2


          *****  MAPDL COMMAND LINE ARGUMENTS  *****
  BATCH MODE REQUESTED (-b)    = NOLIST
  INPUT FILE COPY MODE (-c)    = COPY
  DISTRIBUTED MEMORY PARALLEL REQUESTED
       4 PARALLEL PROCESSES REQUESTED WITH SINGLE THREAD PER PROCESS
    TOTAL OF     4 CORES REQUESTED
  INPUT FILE NAME              = C:\Users\stolf\dev\EsercitazioniSensori\esercitazione_b\esercizio_2\_ProjectScratch\ScrD191\dummy.dat
  OUTPUT FILE NAME             = C:\Users\stolf\dev\EsercitazioniSensori\esercitazione_b\esercizio_2\_ProjectScratch\ScrD191\solve.out
  START-UP FILE MODE           = NOREAD
  STOP FILE MODE               = NOREAD

 RELEASE= 2025 R2              BUILD= 25.2      UP20250519   VERSION=WINDOWS x64 
 CURRENT JOBNAME=file0  19:13:37  NOV 29, 2025 CP=      0.109


 PARAMETER _DS_PROGRESS =     999.0000000    

 /INPUT FILE= ds.dat  LINE=       0



 *** NOTE ***                            CP =       0.484   TIME= 19:13:38
 The /CONFIG,NOELDB command is not valid in a distributed memory         
 parallel solution.  Command is ignored.                                 

 *GET  _WALLSTRT  FROM  ACTI  ITEM=TIME WALL  VALUE=  19.2272222    

 TITLE= 
 simulazioneTrasduttoreUltrasonicoConConcentratore--Harmonic Response (D3)     

  ACT Extensions:
      PiezoAndMEMS, 2020.1
      0cd64874-101b-4182-aef8-530cf9982bb6, wbex
 /COM,     LSDYNA, 2025.2
      5f463412-bd3e-484b-87e7-cbc0a665e474, wbex
 /COM,     ANSYSMotion, 2025.2
      20180725-3f81-49eb-9f31-41364844c769, wbex
  

 SET PARAMETER DIMENSIONS ON  _WB_PROJECTSCRATCH_DIR
  TYPE=STRI  DIMENSIONS=      248        1        1

 PARAMETER _WB_PROJECTSCRATCH_DIR(1) = C:\Users\stolf\dev\EsercitazioniSensori\esercitazione_b\esercizio_2\_ProjectScratch\ScrD191\

 SET PARAMETER DIMENSIONS ON  _WB_SOLVERFILES_DIR
  TYPE=STRI  DIMENSIONS=      248        1        1

 PARAMETER _WB_SOLVERFILES_DIR(1) = C:\Users\stolf\dev\EsercitazioniSensori\esercitazione_b\esercizio_2\simulazioneTrasduttoreUltrasonicoConConcentratore_files\dp0\SYS-4\MECH\

 SET PARAMETER DIMENSIONS ON  _WB_USERFILES_DIR
  TYPE=STRI  DIMENSIONS=      248        1        1

 PARAMETER _WB_USERFILES_DIR(1) = C:\Users\stolf\dev\EsercitazioniSensori\esercitazione_b\esercizio_2\simulazioneTrasduttoreUltrasonicoConConcentratore_files\user_files\
 --- Data in consistent MKS units. See Solving Units in the help system for more

 MKS UNITS SPECIFIED FOR INTERNAL    
  LENGTH        (l)  = METER (M)
  MASS          (M)  = KILOGRAM (KG)
  TIME          (t)  = SECOND (SEC)
  TEMPERATURE   (T)  = CELSIUS (C)
  TOFFSET            = 273.0
  CHARGE        (Q)  = COULOMB
  FORCE         (f)  = NEWTON (N) (KG-M/SEC2)
  HEAT               = JOULE (N-M)

  PRESSURE           = PASCAL (NEWTON/M**2)
  ENERGY        (W)  = JOULE (N-M)
  POWER         (P)  = WATT (N-M/SEC)
  CURRENT       (i)  = AMPERE (COULOMBS/SEC)
  CAPACITANCE   (C)  = FARAD
  INDUCTANCE    (L)  = HENRY
  MAGNETIC FLUX      = WEBER
  RESISTANCE    (R)  = OHM
  ELECTRIC POTENTIAL = VOLT

 INPUT  UNITS ARE ALSO SET TO MKS 

 *** MAPDL - ENGINEERING ANALYSIS SYSTEM  RELEASE 2025 R2          25.2     ***
 Ansys Mechanical Enterprise Academic Student      
 01055371  VERSION=WINDOWS x64   19:13:38  NOV 29, 2025 CP=      0.516

 simulazioneTrasduttoreUltrasonicoConConcentratore--Harmonic Response (D3)     



          ***** MAPDL ANALYSIS DEFINITION (PREP7) *****
 *********** Send User Defined Coordinate System(s) ***********
 *********** Nodes for the whole assembly ***********
 *********** Elements for Body 1 'M1(Mechanical Model)' ***********
 *********** Elements for Body 2 'M2(Mechanical Model)' ***********
 *********** Elements for Body 3 'C1(Mechanical Model)' ***********
 *********** Elements for Body 4 'C2(Mechanical Model)' ***********
 *********** Elements for Body 5 'M4(Mechanical Model)' ***********
 *********** Elements for Body 6 'M3(Mechanical Model)' ***********
 *********** Set Reference Temperature ***********
 *********** Send Materials ***********
 *********** Create Contact "Bonded - M1 To C1(Mechanical Model)" ***********
             Real Constant Set For Above Contact Is 8 & 7
 *********** Create Contact "Bonded - C2 To M2(Mechanical Model)" ***********
             Real Constant Set For Above Contact Is 10 & 9
 *********** Create Contact "Bonded - C1 To C2(Mechanical Model)" ***********
             Real Constant Set For Above Contact Is 12 & 11
 *********** Create Contact "Bonded - M2 To M3(Mechanical Model)" ***********
             Real Constant Set For Above Contact Is 14 & 13
 *********** Create Contact "Bonded - M3 To M4(Mechanical Model)" ***********
             Real Constant Set For Above Contact Is 16 & 15
 *********** Send Named Selection as Node Component ***********
 *********** Send Named Selection as Node Component ***********


 ***** ROUTINE COMPLETED *****  CP =         1.078


 --- Number of total nodes = 31292
 --- Number of contact elements = 2036
 --- Number of spring elements = 0
 --- Number of bearing elements = 0
 --- Number of solid elements = 6442
 --- Number of condensed parts = 0
 --- Number of total elements = 8478

 *GET  _WALLBSOL  FROM  ACTI  ITEM=TIME WALL  VALUE=  19.2272222    

 *****  MAPDL SOLUTION ROUTINE  *****


 PERFORM A HARMONIC ANALYSIS
  THIS WILL BE A NEW ANALYSIS


 PERFORM A FULL HARMONIC RESPONSE ANALYSIS

 THERMAL STRAINS ARE NOT INCLUDED IN THE LOAD VECTOR.

 STEP BOUNDARY CONDITION KEY= 1

 SET PARAMETER DIMENSIONS ON  _HARMUSERFORCINGFREQSTEPS
  TYPE=ARRA  DIMENSIONS=        1        1        1

 PARAMETER _HARMUSERFORCINGFREQSTEPS(1) =     48263.00000    

 HARMONIC FREQUENCY RANGE - END=  72000.      BEGIN=  15000.    
  EXCITATION FREQUENCY ARRAY : _HARMUSERFORCINGFREQSTEPS                                                                                                                                                                                                                                       

 USE   100 SUBSTEP(S) THIS LOAD STEP FOR ALL  DEGREES OF FREEDOM

 ERASE THE CURRENT DATABASE OUTPUT CONTROL TABLE.


 WRITE ALL  ITEMS TO THE DATABASE WITH A FREQUENCY OF NONE
   FOR ALL APPLICABLE ENTITIES

 WRITE NSOL ITEMS TO THE DATABASE WITH A FREQUENCY OF ALL 
   FOR ALL APPLICABLE ENTITIES

 WRITE EANG ITEMS TO THE DATABASE WITH A FREQUENCY OF ALL 
   FOR ALL APPLICABLE ENTITIES

 WRITE ETMP ITEMS TO THE DATABASE WITH A FREQUENCY OF ALL 
   FOR ALL APPLICABLE ENTITIES

 WRITE VENG ITEMS TO THE DATABASE WITH A FREQUENCY OF ALL 
   FOR ALL APPLICABLE ENTITIES

 WRITE STRS ITEMS TO THE DATABASE WITH A FREQUENCY OF ALL 
   FOR ALL APPLICABLE ENTITIES

 WRITE EPEL ITEMS TO THE DATABASE WITH A FREQUENCY OF ALL 
   FOR ALL APPLICABLE ENTITIES

 WRITE RSOL ITEMS TO THE DATABASE WITH A FREQUENCY OF ALL 
   FOR ALL APPLICABLE ENTITIES

 WRITE CONT ITEMS TO THE DATABASE WITH A FREQUENCY OF ALL 
   FOR ALL APPLICABLE ENTITIES

 WRITE NLOA ITEMS TO THE DATABASE WITH A FREQUENCY OF ALL 
   FOR ALL APPLICABLE ENTITIES
  
 ***********  Piezoelectric Properties C11 ***********
  
 CMBLOCK read of NODE component PIEZOELECTRIC BODY1                                                                                                                                                                                                                                               completed

 FINISH SOLUTION PROCESSING


 ***** ROUTINE COMPLETED *****  CP =         1.078



 *** MAPDL - ENGINEERING ANALYSIS SYSTEM  RELEASE 2025 R2          25.2     ***
 Ansys Mechanical Enterprise Academic Student      
 01055371  VERSION=WINDOWS x64   19:13:38  NOV 29, 2025 CP=      1.078

 simulazioneTrasduttoreUltrasonicoConConcentratore--Harmonic Response (D3)     



          ***** MAPDL ANALYSIS DEFINITION (PREP7) *****

 SELECT      COMPONENT PIEZOELECTRIC BODY1                                                                                                                                                                                                                                             

 SELECT      ONLY ELEMENTS COMPLETELY CONTAINED WITHIN NODE SET.

        600 ELEMENTS (OF       8478  DEFINED) SELECTED FROM
      933 SELECTED NODES BY  ESLN COMMAND.

 RESELECT     FOR ITEM=ENAM COMPONENT=    
  IN RANGE       185 TO        185 STEP          1

          0  ELEMENTS (OF       8478  DEFINED) SELECTED BY  ESEL  COMMAND.

 *GET  INUM185   FROM  ELEM  ITEM=COUN           VALUE=  0.00000000    

 *IF  iNum185  ( =   0.00000     )  GT  
      0  ( =   0.00000     )  THEN    

 *ENDIF

 SELECT      COMPONENT PIEZOELECTRIC BODY1                                                                                                                                                                                                                                             

 SELECT      ONLY ELEMENTS COMPLETELY CONTAINED WITHIN NODE SET.

        600 ELEMENTS (OF       8478  DEFINED) SELECTED FROM
      933 SELECTED NODES BY  ESLN COMMAND.

 RESELECT     FOR ITEM=ENAM COMPONENT=    
  IN RANGE       186 TO        186 STEP          1

        120  ELEMENTS (OF       8478  DEFINED) SELECTED BY  ESEL  COMMAND.

 *GET  INUM186   FROM  ELEM  ITEM=COUN           VALUE=  120.000000    

 *IF  iNum186  ( =   120.000     )  GT  
      0  ( =   0.00000     )  THEN    

 PARAMETER _ICURRENTELEM =     0.000000000    

 *DO LOOP ON PARAMETER= AR30 FROM  1.0000     TO  120.00     BY  1.0000    

 PARAMETER _ICURRENTELEM =     3421.000000    

 MODIFY ELEMENT      3421 (IF SELECTED) TO HAVE  ESYS =      0
     ELEM    MAT   TYP   REL   SEC   ESYS         NODES
    3421   3   3      3      3    0   16320 16318 16371 16378 16319 16317 16372 16380
                                      16474 17048 17000 16455 16879 17049 17002 16412
                                      16880 16876 16985 17001

 *GET  _ICURRENTETYP  FROM  ELEM      3421  ITEM=ATTR TYPE      VALUE=  3.00000000    

 ELEMENT TYPE          3 IS SOLID226     3-D 20-NODE STRU-ELECT SOLID
  KEYOPT( 1- 6)=     1001      0      0        0      0      0
  KEYOPT( 7-12)=        0      0      0        0      0      0
  KEYOPT(13-18)=        0      0      0        0      0      0

 CURRENT NODAL DOF SET IS  UX    UY    UZ    VOLT
  THREE-DIMENSIONAL MODEL

 *GET  _ICURRENTMAT  FROM  ELEM      3421  ITEM=ATTR MAT       VALUE=  3.00000000    

 DELETE PROPERTY  RSVX  FROM MATERIAL          3 TO          3 BY          1

 DELETE PROPERTY  RSVY  FROM MATERIAL          3 TO          3 BY          1

 DELETE PROPERTY  RSVZ  FROM MATERIAL          3 TO          3 BY          1

 DEFINE DATA TABLE  PIEZ  FOR MATERIAL     3

 DATA FOR  PIEZ  TABLE FOR MATERIAL   3
 LOC=  3 -2.8000      0.0000      0.0000      0.0000      0.0000      0.0000    

 DATA FOR  PIEZ  TABLE FOR MATERIAL   3
 LOC=  6 -2.8000      0.0000      0.0000      0.0000      0.0000      0.0000    

 DATA FOR  PIEZ  TABLE FOR MATERIAL   3
 LOC=  9  14.700      0.0000      0.0000      0.0000      0.0000      0.0000    

 DATA FOR  PIEZ  TABLE FOR MATERIAL   3
 LOC= 14  9.8600      0.0000      0.0000      0.0000      0.0000    

 DATA FOR  PIEZ  TABLE FOR MATERIAL   3
 LOC= 16  9.8600      0.0000      0.0000    

 DEFINE DATA TABLE  DPER  FOR MATERIAL     3

 DATA FOR  DPER  TABLE FOR MATERIAL   3
 LOC=  1  828.30      828.30      699.67      0.0000      0.0000      0.0000    

 *ENDDO  INDEX= AR30                            

 *ENDIF

 SELECT      COMPONENT PIEZOELECTRIC BODY1                                                                                                                                                                                                                                             

 SELECT      ONLY ELEMENTS COMPLETELY CONTAINED WITHIN NODE SET.

        600 ELEMENTS (OF       8478  DEFINED) SELECTED FROM
      933 SELECTED NODES BY  ESLN COMMAND.

 RESELECT     FOR ITEM=ENAM COMPONENT=    
  IN RANGE       187 TO        187 STEP          1

          0  ELEMENTS (OF       8478  DEFINED) SELECTED BY  ESEL  COMMAND.

 *GET  INUM187   FROM  ELEM  ITEM=COUN           VALUE=  0.00000000    

 *IF  iNum187  ( =   0.00000     )  GT  
      0  ( =   0.00000     )  THEN    

 *ENDIF

 SELECT      COMPONENT PIEZOELECTRIC BODY1                                                                                                                                                                                                                                             

 SELECT      ONLY ELEMENTS COMPLETELY CONTAINED WITHIN NODE SET.

        600 ELEMENTS (OF       8478  DEFINED) SELECTED FROM
      933 SELECTED NODES BY  ESLN COMMAND.

 RESELECT     FOR ITEM=ENAM COMPONENT=    
  IN RANGE       182 TO        182 STEP          1

          0  ELEMENTS (OF       8478  DEFINED) SELECTED BY  ESEL  COMMAND.

 *GET  INUM182   FROM  ELEM  ITEM=COUN           VALUE=  0.00000000    

 *IF  iNum182  ( =   0.00000     )  GT  
      0  ( =   0.00000     )  THEN    

 *ENDIF

 SELECT      COMPONENT PIEZOELECTRIC BODY1                                                                                                                                                                                                                                             

 SELECT      ONLY ELEMENTS COMPLETELY CONTAINED WITHIN NODE SET.

        600 ELEMENTS (OF       8478  DEFINED) SELECTED FROM
      933 SELECTED NODES BY  ESLN COMMAND.

 RESELECT     FOR ITEM=ENAM COMPONENT=    
  IN RANGE       183 TO        183 STEP          1

          0  ELEMENTS (OF       8478  DEFINED) SELECTED BY  ESEL  COMMAND.

 *GET  INUM183   FROM  ELEM  ITEM=COUN           VALUE=  0.00000000    

 *IF  iNum183  ( =   0.00000     )  GT  
      0  ( =   0.00000     )  THEN    

 *ENDIF

 EM UNITS = USER  EPZERO= 0.88540E-11


 ***** ROUTINE COMPLETED *****  CP =         1.266



 *****  MAPDL SOLUTION ROUTINE  *****

 SELECT ALL ENTITIES OF TYPE= ALL  AND BELOW

 WRITE FGRA ITEMS TO THE DATABASE WITH A FREQUENCY OF ALL 
   FOR ALL APPLICABLE ENTITIES
  
 ***********  Piezoelectric Properties C234 ***********
  
 CMBLOCK read of NODE component PIEZOELECTRIC BODY34                                                                                                                                                                                                                                              completed

 FINISH SOLUTION PROCESSING


 ***** ROUTINE COMPLETED *****  CP =         1.266



 *** MAPDL - ENGINEERING ANALYSIS SYSTEM  RELEASE 2025 R2          25.2     ***
 Ansys Mechanical Enterprise Academic Student      
 01055371  VERSION=WINDOWS x64   19:13:38  NOV 29, 2025 CP=      1.266

 simulazioneTrasduttoreUltrasonicoConConcentratore--Harmonic Response (D3)     



          ***** MAPDL ANALYSIS DEFINITION (PREP7) *****

 SELECT      COMPONENT PIEZOELECTRIC BODY34                                                                                                                                                                                                                                            

 SELECT      ONLY ELEMENTS COMPLETELY CONTAINED WITHIN NODE SET.

        640 ELEMENTS (OF       8478  DEFINED) SELECTED FROM
      979 SELECTED NODES BY  ESLN COMMAND.

 RESELECT     FOR ITEM=ENAM COMPONENT=    
  IN RANGE       185 TO        185 STEP          1

          0  ELEMENTS (OF       8478  DEFINED) SELECTED BY  ESEL  COMMAND.

 *GET  INUM185   FROM  ELEM  ITEM=COUN           VALUE=  0.00000000    

 *IF  iNum185  ( =   0.00000     )  GT  
      0  ( =   0.00000     )  THEN    

 *ENDIF

 SELECT      COMPONENT PIEZOELECTRIC BODY34                                                                                                                                                                                                                                            

 SELECT      ONLY ELEMENTS COMPLETELY CONTAINED WITHIN NODE SET.

        640 ELEMENTS (OF       8478  DEFINED) SELECTED FROM
      979 SELECTED NODES BY  ESLN COMMAND.

 RESELECT     FOR ITEM=ENAM COMPONENT=    
  IN RANGE       186 TO        186 STEP          1

        128  ELEMENTS (OF       8478  DEFINED) SELECTED BY  ESEL  COMMAND.

 *GET  INUM186   FROM  ELEM  ITEM=COUN           VALUE=  128.000000    

 *IF  iNum186  ( =   128.000     )  GT  
      0  ( =   0.00000     )  THEN    

 PARAMETER _ICURRENTELEM =     0.000000000    

 *DO LOOP ON PARAMETER= AR30 FROM  1.0000     TO  128.00     BY  1.0000    

 PARAMETER _ICURRENTELEM =     3541.000000    

 MODIFY ELEMENT      3541 (IF SELECTED) TO HAVE  ESYS =      0
     ELEM    MAT   TYP   REL   SEC   ESYS         NODES
    3541   4   4      4      4    0   17338 17339 17230 17231 17052 17053 17087 17086
                                      18010 18027 17784 18028 17408 17456 17458 17461
                                      18014 18013 17827 17825

 *GET  _ICURRENTETYP  FROM  ELEM      3541  ITEM=ATTR TYPE      VALUE=  4.00000000    

 ELEMENT TYPE          4 IS SOLID226     3-D 20-NODE STRU-ELECT SOLID
  KEYOPT( 1- 6)=     1001      0      0        0      0      0
  KEYOPT( 7-12)=        0      0      0        0      0      0
  KEYOPT(13-18)=        0      0      0        0      0      0

 CURRENT NODAL DOF SET IS  UX    UY    UZ    VOLT
  THREE-DIMENSIONAL MODEL

 *GET  _ICURRENTMAT  FROM  ELEM      3541  ITEM=ATTR MAT       VALUE=  4.00000000    

 DELETE PROPERTY  RSVX  FROM MATERIAL          4 TO          4 BY          1

 DELETE PROPERTY  RSVY  FROM MATERIAL          4 TO          4 BY          1

 DELETE PROPERTY  RSVZ  FROM MATERIAL          4 TO          4 BY          1

 DEFINE DATA TABLE  PIEZ  FOR MATERIAL     4

 DATA FOR  PIEZ  TABLE FOR MATERIAL   4
 LOC=  3  2.8000      0.0000      0.0000      0.0000      0.0000      0.0000    

 DATA FOR  PIEZ  TABLE FOR MATERIAL   4
 LOC=  6  2.8000      0.0000      0.0000      0.0000      0.0000      0.0000    

 DATA FOR  PIEZ  TABLE FOR MATERIAL   4
 LOC=  9 -14.700      0.0000      0.0000      0.0000      0.0000      0.0000    

 DATA FOR  PIEZ  TABLE FOR MATERIAL   4
 LOC= 14 -9.8600      0.0000      0.0000      0.0000      0.0000    

 DATA FOR  PIEZ  TABLE FOR MATERIAL   4
 LOC= 16 -9.8600      0.0000      0.0000    

 DEFINE DATA TABLE  DPER  FOR MATERIAL     4

 DATA FOR  DPER  TABLE FOR MATERIAL   4
 LOC=  1  828.30      828.30      699.67      0.0000      0.0000      0.0000    

 *ENDDO  INDEX= AR30                            

 *ENDIF

 SELECT      COMPONENT PIEZOELECTRIC BODY34                                                                                                                                                                                                                                            

 SELECT      ONLY ELEMENTS COMPLETELY CONTAINED WITHIN NODE SET.

        640 ELEMENTS (OF       8478  DEFINED) SELECTED FROM
      979 SELECTED NODES BY  ESLN COMMAND.

 RESELECT     FOR ITEM=ENAM COMPONENT=    
  IN RANGE       187 TO        187 STEP          1

          0  ELEMENTS (OF       8478  DEFINED) SELECTED BY  ESEL  COMMAND.

 *GET  INUM187   FROM  ELEM  ITEM=COUN           VALUE=  0.00000000    

 *IF  iNum187  ( =   0.00000     )  GT  
      0  ( =   0.00000     )  THEN    

 *ENDIF

 SELECT      COMPONENT PIEZOELECTRIC BODY34                                                                                                                                                                                                                                            

 SELECT      ONLY ELEMENTS COMPLETELY CONTAINED WITHIN NODE SET.

        640 ELEMENTS (OF       8478  DEFINED) SELECTED FROM
      979 SELECTED NODES BY  ESLN COMMAND.

 RESELECT     FOR ITEM=ENAM COMPONENT=    
  IN RANGE       182 TO        182 STEP          1

          0  ELEMENTS (OF       8478  DEFINED) SELECTED BY  ESEL  COMMAND.

 *GET  INUM182   FROM  ELEM  ITEM=COUN           VALUE=  0.00000000    

 *IF  iNum182  ( =   0.00000     )  GT  
      0  ( =   0.00000     )  THEN    

 *ENDIF

 SELECT      COMPONENT PIEZOELECTRIC BODY34                                                                                                                                                                                                                                            

 SELECT      ONLY ELEMENTS COMPLETELY CONTAINED WITHIN NODE SET.

        640 ELEMENTS (OF       8478  DEFINED) SELECTED FROM
      979 SELECTED NODES BY  ESLN COMMAND.

 RESELECT     FOR ITEM=ENAM COMPONENT=    
  IN RANGE       183 TO        183 STEP          1

          0  ELEMENTS (OF       8478  DEFINED) SELECTED BY  ESEL  COMMAND.

 *GET  INUM183   FROM  ELEM  ITEM=COUN           VALUE=  0.00000000    

 *IF  iNum183  ( =   0.00000     )  GT  
      0  ( =   0.00000     )  THEN    

 *ENDIF

 EM UNITS = USER  EPZERO= 0.88540E-11


 ***** ROUTINE COMPLETED *****  CP =         1.516



 *****  MAPDL SOLUTION ROUTINE  *****

 SELECT ALL ENTITIES OF TYPE= ALL  AND BELOW

 WRITE FGRA ITEMS TO THE DATABASE WITH A FREQUENCY OF ALL 
   FOR ALL APPLICABLE ENTITIES
  
 ***********  C2-V067 ***********
  
 CMBLOCK read of NODE component VOLTAGE67                                                                                                                                                                                                                                                         completed

 SELECT      COMPONENT VOLTAGE67                                                                                                                                                                                                                                                       

 *GET  _NUMMIN   FROM  NODE  ITEM=NUM  MIN   VALUE=  17050.0000     

 PARAMETER _ISCP =     0.000000000    

 *** WARNING ***                         CP =       1.516   TIME= 19:13:38
 The data for *GET entity NODE item CPS and NODE= 17050 is not defined.  
                                                                         
  The *GET command is ignored.                                           

 *IF  _isCP  ( =   0.00000     )  EQ  
      0  ( =   0.00000     )  THEN    

 COUPLED SET =          1  DIRECTION= VOLT  TOTAL NODES=      417
 MAXIMUM COUPLED SET NUMBER =          1

 *ENDIF

 SPECIFIED CONSTRAINT VOLT FOR SELECTED NODES        17050 TO       17050 BY           1
 REAL=  0.00000000       IMAG=  0.00000000    

 SELECT ALL ENTITIES OF TYPE= ALL  AND BELOW
  
 ***********  C1-V1127 ***********
  

 SELECT      COMPONENT PZT_CONNECTION                                                                                                                                                                                                                                                  

 *GET  _NUMMIN   FROM  NODE  ITEM=NUM  MIN   VALUE=  16121.0000     

 PARAMETER _ISCP =     0.000000000    

 *** WARNING ***                         CP =       1.516   TIME= 19:13:38
 The data for *GET entity NODE item CPS and NODE= 16121 is not defined.  
                                                                         
  The *GET command is ignored.                                           

 *IF  _isCP  ( =   0.00000     )  EQ  
      0  ( =   0.00000     )  THEN    

 COUPLED SET =          2  DIRECTION= VOLT  TOTAL NODES=      397
 MAXIMUM COUPLED SET NUMBER =          2

 *ENDIF

 SPECIFIED CONSTRAINT VOLT FOR SELECTED NODES        16121 TO       16121 BY           1
 REAL=  1.00000000       IMAG=  0.00000000    

 SELECT ALL ENTITIES OF TYPE= ALL  AND BELOW
  
 ***********  C1-V0167 ***********
  
 CMBLOCK read of NODE component VOLTAGE167                                                                                                                                                                                                                                                        completed

 SELECT      COMPONENT VOLTAGE167                                                                                                                                                                                                                                                      

 *GET  _NUMMIN   FROM  NODE  ITEM=NUM  MIN   VALUE=  16117.0000     

 PARAMETER _ISCP =     0.000000000    

 *** WARNING ***                         CP =       1.516   TIME= 19:13:38
 The data for *GET entity NODE item CPS and NODE= 16117 is not defined.  
                                                                         
  The *GET command is ignored.                                           

 *IF  _isCP  ( =   0.00000     )  EQ  
      0  ( =   0.00000     )  THEN    

 COUPLED SET =          3  DIRECTION= VOLT  TOTAL NODES=      397
 MAXIMUM COUPLED SET NUMBER =          3

 *ENDIF

 SPECIFIED CONSTRAINT VOLT FOR SELECTED NODES        16117 TO       16117 BY           1
 REAL=  0.00000000       IMAG=  0.00000000    

 SELECT ALL ENTITIES OF TYPE= ALL  AND BELOW

 *GET  ANSINTER_  FROM  ACTI  ITEM=INT        VALUE=  0.00000000    

 *IF  ANSINTER_  ( =   0.00000     )  NE  
      0  ( =   0.00000     )  THEN    

 *ENDIF

 *** NOTE ***                            CP =       1.641   TIME= 19:13:38
 The automatic domain decomposition logic has selected the FREQ domain   
 decomposition method with 1 processes per frequency solution.           

 *****  MAPDL SOLVE    COMMAND  *****



   D I S T R I B U T E D   D O M A I N   D E C O M P O S E R

 ...Number of frequency solutions:  101
 ...Decompose to 4 frequency domains (with 1 processes per domain)


 *** WARNING ***                         CP =       3.109   TIME= 19:13:39
 Element shape checking is currently inactive.  Issue SHPP,ON or         
 SHPP,WARN to reactivate, if desired.                                    

 *** NOTE ***                            CP =       3.172   TIME= 19:13:39
 The model data was checked and warning messages were found.             
  Please review output or errors file (                                  
 C:\Users\stolf\dev\EsercitazioniSensori\esercitazione_b\esercizio_2\_Pr 
 rojectScratch\ScrD191\file0.err ) for these warning messages.           

 *** SELECTION OF ELEMENT TECHNOLOGIES FOR APPLICABLE ELEMENTS ***
      --- GIVE SUGGESTIONS AND RESET THE KEY OPTIONS ---

 ELEMENT TYPE         1 IS SOLID186. KEYOPT(2) IS ALREADY SET AS SUGGESTED FOR A COUPLED FIELD ANALYSIS.

 ELEMENT TYPE         2 IS SOLID186. KEYOPT(2) IS ALREADY SET AS SUGGESTED FOR A COUPLED FIELD ANALYSIS.

 ELEMENT TYPE         5 IS SOLID186. KEYOPT(2) IS ALREADY SET AS SUGGESTED FOR A COUPLED FIELD ANALYSIS.

 ELEMENT TYPE         6 IS SOLID186. KEYOPT(2) IS ALREADY SET AS SUGGESTED FOR A COUPLED FIELD ANALYSIS.



 *** MAPDL - ENGINEERING ANALYSIS SYSTEM  RELEASE 2025 R2          25.2     ***
 Ansys Mechanical Enterprise Academic Student      
 01055371  VERSION=WINDOWS x64   19:13:39  NOV 29, 2025 CP=      3.172

 simulazioneTrasduttoreUltrasonicoConConcentratore--Harmonic Response (D3)     



                       S O L U T I O N   O P T I O N S

   PROBLEM DIMENSIONALITY. . . . . . . . . . . . .3-D                  
   DEGREES OF FREEDOM. . . . . . UX   UY   UZ   VOLT
   ANALYSIS TYPE . . . . . . . . . . . . . . . . .HARMONIC             
      SOLUTION METHOD. . . . . . . . . . . . . . .FULL
   OFFSET TEMPERATURE FROM ABSOLUTE ZERO . . . . .  273.15    
   THERMAL EXPANSION . . . . . . . . . . . . . . .OFF
   COMPLEX DISPLACEMENT PRINT OPTION . . . . . . .REAL AND IMAGINARY       
   GLOBALLY ASSEMBLED MATRIX . . . . . . . . . . .SYMMETRIC  

 *** NOTE ***                            CP =       3.234   TIME= 19:13:39
 The structural-electrostatic analysis with KEYOPT(1) = 1001 of element  
 SOLID226 will be piezoelectric.                                         

 *** NOTE ***                            CP =       3.234   TIME= 19:13:39
 The structural-electrostatic analysis with KEYOPT(1) = 1001 of element  
 SOLID226 will be piezoelectric.                                         

 *** NOTE ***                            CP =       3.234   TIME= 19:13:39
 The conditions for direct assembly have been met.  No .emat or .erot    
 files will be produced.                                                 

 *** WARNING ***                         CP =       3.797   TIME= 19:13:39
 Contact element 10087 is missing DOF VOLT (and possibly others) of      
 underlying base element 3421.  Similar mismatches may exist elsewhere,  
 but checking for this is discontinued.                                  

 *** NOTE ***                            CP =       4.688   TIME= 19:13:39
 Symmetric Deformable- deformable contact pair identified by real        
 constant set 7 and contact element type 7 has been set up.  The         
 companion pair has real constant set ID 8.  Both pairs should have the  
 same behavior.                                                          
 MAPDL will deactivate the current pair and keep its companion pair,     
 resulting in asymmetric contact.                                        
 Auto surface constraint is built
 Contact algorithm: MPC based approach

 *** NOTE ***                            CP =       4.688   TIME= 19:13:39
 Contact related postprocess items (ETABLE, pressure ...) are not        
 available.                                                              
 Contact detection at: nodal point (normal to target surface)
 MPC will be built internally to handle bonded contact.
 Average contact surface length               0.18345E-02
 Average contact pair depth                   0.20444E-02
 Average target surface length                0.16086E-02
 Default pinball region factor PINB           0.25000    
 The resulting pinball region                 0.51111E-03
 Default target edge extension factor TOLS     2.0000    
 Initial penetration/gap is excluded.
 Bonded contact (always) is defined.

 *** NOTE ***                            CP =       4.688   TIME= 19:13:39
 Max.  Initial penetration 8.199999993E-10 was detected between contact  
 element 10022 and target element 10325.                                 
 ****************************************
  

 *** WARNING ***                         CP =       4.688   TIME= 19:13:39
 Element shape checking is currently inactive.  Issue SHPP,ON or         
 SHPP,WARN to reactivate, if desired.                                    

 *** WARNING ***                         CP =       4.688   TIME= 19:13:39
 Element shape checking is currently inactive.  Issue SHPP,ON or         
 SHPP,WARN to reactivate, if desired.                                    

 *** WARNING ***                         CP =       4.688   TIME= 19:13:39
 Element shape checking is currently inactive.  Issue SHPP,ON or         
 SHPP,WARN to reactivate, if desired.                                    

 *** NOTE ***                            CP =       4.688   TIME= 19:13:39
 Symmetric Deformable- deformable contact pair identified by real        
 constant set 8 and contact element type 7 has been set up.  The         
 companion pair has real constant set ID 7.  Both pairs should have the  
 same behavior.                                                          
 MAPDL will keep the current pair and deactivate its companion pair,     
 resulting in asymmetric contact.                                        
 Auto surface constraint is built
 Contact algorithm: MPC based approach

 *** NOTE ***                            CP =       4.688   TIME= 19:13:39
 Contact related postprocess items (ETABLE, pressure ...) are not        
 available.                                                              
 Contact detection at: nodal point (normal to target surface)
 MPC will be built internally to handle bonded contact.
 Average contact surface length               0.16172E-02
 Average contact pair depth                   0.10000E-02
 Average target surface length                0.18141E-02
 Default pinball region factor PINB           0.25000    
 The resulting pinball region                 0.25000E-03
 Default target edge extension factor TOLS     2.0000    
 Initial penetration/gap is excluded.
 Bonded contact (always) is defined.

 *** NOTE ***                            CP =       4.688   TIME= 19:13:39
 Max.  Initial penetration 8.200004772E-10 was detected between contact  
 element 10177 and target element 9919.                                  
 ****************************************
  

 *** WARNING ***                         CP =       4.688   TIME= 19:13:39
 Contact element 10087 is missing DOF VOLT (and possibly others) of      
 underlying base element 3421.  Similar mismatches may exist elsewhere,  
 but checking for this is discontinued.                                  

 *** WARNING ***                         CP =       4.688   TIME= 19:13:39
 Contact element 10087 is missing DOF VOLT (and possibly others) of      
 underlying base element 3421.  Similar mismatches may exist elsewhere,  
 but checking for this is discontinued.                                  

 *** NOTE ***                            CP =       4.688   TIME= 19:13:39
 Symmetric Deformable- deformable contact pair identified by real        
 constant set 9 and contact element type 9 has been set up.  The         
 companion pair has real constant set ID 10.  Both pairs should have     
 the same behavior.                                                      
 MAPDL will keep the current pair and deactivate its companion pair,     
 resulting in asymmetric contact.                                        
 Auto surface constraint is built
 Contact algorithm: MPC based approach

 *** NOTE ***                            CP =       4.688   TIME= 19:13:39
 Contact related postprocess items (ETABLE, pressure ...) are not        
 available.                                                              
 Contact detection at: nodal point (normal to target surface)
 MPC will be built internally to handle bonded contact.
 Average contact surface length               0.15725E-02
 Average contact pair depth                   0.10000E-02
 Average target surface length                0.18328E-02
 Default pinball region factor PINB           0.25000    
 The resulting pinball region                 0.25000E-03
 Default target edge extension factor TOLS     2.0000    
 Initial penetration/gap is excluded.
 Bonded contact (always) is defined.

 *** NOTE ***                            CP =       4.688   TIME= 19:13:39
 Max.  Initial penetration 1.244154998E-09 was detected between contact  
 element 10530 and target element 10755.                                 
 You may move entire target surface by : x= 6.62213929E-17, y=           
 2.56176278E-17, z= 1.244154998E-09,to reduce initial penetration.       
 ****************************************
  

 *** WARNING ***                         CP =       4.688   TIME= 19:13:39
 Contact element 10087 is missing DOF VOLT (and possibly others) of      
 underlying base element 3421.  Similar mismatches may exist elsewhere,  
 but checking for this is discontinued.                                  

 *** NOTE ***                            CP =       4.688   TIME= 19:13:39
 Symmetric Deformable- deformable contact pair identified by real        
 constant set 10 and contact element type 9 has been set up.  The        
 companion pair has real constant set ID 9.  Both pairs should have the  
 same behavior.                                                          
 MAPDL will deactivate the current pair and keep its companion pair,     
 resulting in asymmetric contact.                                        
 Auto surface constraint is built
 Contact algorithm: MPC based approach

 *** NOTE ***                            CP =       4.688   TIME= 19:13:39
 Contact related postprocess items (ETABLE, pressure ...) are not        
 available.                                                              
 Contact detection at: nodal point (normal to target surface)
 MPC will be built internally to handle bonded contact.
 Average contact surface length               0.18535E-02
 Average contact pair depth                   0.20389E-02
 Average target surface length                0.15496E-02
 Default pinball region factor PINB           0.25000    
 The resulting pinball region                 0.50972E-03
 Default target edge extension factor TOLS     2.0000    
 Initial penetration/gap is excluded.
 Bonded contact (always) is defined.

 *** NOTE ***                            CP =       4.688   TIME= 19:13:39
 Max.  Initial penetration 1.292393692E-09 was detected between contact  
 element 10634 and target element 10372.                                 
 ****************************************
  

 *** NOTE ***                            CP =       4.688   TIME= 19:13:39
 Symmetric Deformable- deformable contact pair identified by real        
 constant set 11 and contact element type 11 has been set up.  The       
 companion pair has real constant set ID 12.  Both pairs should have     
 the same behavior.                                                      
 MAPDL will deactivate the current pair and keep its companion pair,     
 resulting in asymmetric contact.                                        
 Auto surface constraint is built
 Contact algorithm: MPC based approach

 *** NOTE ***                            CP =       4.688   TIME= 19:13:39
 Contact related postprocess items (ETABLE, pressure ...) are not        
 available.                                                              
 Contact detection at: nodal point (normal to target surface)
 MPC will be built internally to handle bonded contact.
 Average contact surface length               0.16229E-02
 Average contact pair depth                   0.10000E-02
 Average target surface length                0.15496E-02
 Default pinball region factor PINB           0.25000    
 The resulting pinball region                 0.25000E-03
 Default target edge extension factor TOLS     2.0000    
 Initial penetration/gap is excluded.
 Bonded contact (always) is defined.

 *** NOTE ***                            CP =       4.688   TIME= 19:13:39
 Max.  Initial penetration 9.868541574E-10 was detected between contact  
 element 10906 and target element 11262.                                 
 ****************************************
  

 *** NOTE ***                            CP =       4.688   TIME= 19:13:39
 Symmetric Deformable- deformable contact pair identified by real        
 constant set 12 and contact element type 11 has been set up.  The       
 companion pair has real constant set ID 11.  Both pairs should have     
 the same behavior.                                                      
 MAPDL will keep the current pair and deactivate its companion pair,     
 resulting in asymmetric contact.                                        
 Auto surface constraint is built
 Contact algorithm: MPC based approach

 *** NOTE ***                            CP =       4.688   TIME= 19:13:39
 Contact related postprocess items (ETABLE, pressure ...) are not        
 available.                                                              
 Contact detection at: nodal point (normal to target surface)
 MPC will be built internally to handle bonded contact.
 Average contact surface length               0.15725E-02
 Average contact pair depth                   0.10000E-02
 Average target surface length                0.16087E-02
 Default pinball region factor PINB           0.25000    
 The resulting pinball region                 0.25000E-03
 Default target edge extension factor TOLS     2.0000    
 Initial penetration/gap is excluded.
 Bonded contact (always) is defined.

 *** NOTE ***                            CP =       4.688   TIME= 19:13:39
 Max.  Initial penetration 9.899868304E-10 was detected between contact  
 element 11019 and target element 10859.                                 
 ****************************************
  

 *** NOTE ***                            CP =       4.688   TIME= 19:13:39
 Symmetric Deformable- deformable contact pair identified by real        
 constant set 13 and contact element type 13 has been set up.  The       
 companion pair has real constant set ID 14.  Both pairs should have     
 the same behavior.                                                      
 MAPDL will keep the current pair and deactivate its companion pair,     
 resulting in asymmetric contact.                                        
 Auto surface constraint is built
 Contact algorithm: MPC based approach

 *** NOTE ***                            CP =       4.688   TIME= 19:13:39
 Contact related postprocess items (ETABLE, pressure ...) are not        
 available.                                                              
 Contact detection at: nodal point (normal to target surface)
 MPC will be built internally to handle bonded contact.
 Average contact surface length               0.18570E-02
 Average contact pair depth                   0.20389E-02
 Average target surface length                0.18528E-02
 Default pinball region factor PINB           0.25000    
 The resulting pinball region                 0.50972E-03
 Default target edge extension factor TOLS     2.0000    
 Initial penetration/gap is excluded.
 Bonded contact (always) is defined.

 *** NOTE ***                            CP =       4.688   TIME= 19:13:39
 Min.  Initial gap 9.999993231E-05 was detected between contact element  
 11447 and target element 11563.                                         
 Contact is detected due to initial settings.                            
 ****************************************
  

 *** NOTE ***                            CP =       4.688   TIME= 19:13:39
 Symmetric Deformable- deformable contact pair identified by real        
 constant set 14 and contact element type 13 has been set up.  The       
 companion pair has real constant set ID 13.  Both pairs should have     
 the same behavior.                                                      
 MAPDL will deactivate the current pair and keep its companion pair,     
 resulting in asymmetric contact.                                        
 Auto surface constraint is built
 Contact algorithm: MPC based approach

 *** NOTE ***                            CP =       4.688   TIME= 19:13:39
 Contact related postprocess items (ETABLE, pressure ...) are not        
 available.                                                              
 Contact detection at: nodal point (normal to target surface)
 MPC will be built internally to handle bonded contact.
 Average contact surface length               0.18739E-02
 Average contact pair depth                   0.20053E-02
 Average target surface length                0.18328E-02
 Default pinball region factor PINB           0.25000    
 The resulting pinball region                 0.50132E-03
 Default target edge extension factor TOLS     2.0000    
 Initial penetration/gap is excluded.
 Bonded contact (always) is defined.

 *** NOTE ***                            CP =       4.688   TIME= 19:13:39
 Min.  Initial gap 9.999988565E-05 was detected between contact element  
 11484 and target element 11267.                                         
 Contact is detected due to initial settings.                            
 ****************************************
  

 *** NOTE ***                            CP =       4.688   TIME= 19:13:39
 Symmetric Deformable- deformable contact pair identified by real        
 constant set 15 and contact element type 15 has been set up.  The       
 companion pair has real constant set ID 16.  Both pairs should have     
 the same behavior.                                                      
 MAPDL will deactivate the current pair and keep its companion pair,     
 resulting in asymmetric contact.                                        
 Auto surface constraint is built
 Contact algorithm: MPC based approach

 *** NOTE ***                            CP =       4.688   TIME= 19:13:39
 Contact related postprocess items (ETABLE, pressure ...) are not        
 available.                                                              
 Contact detection at: nodal point (normal to target surface)
 MPC will be built internally to handle bonded contact.
 Average contact surface length               0.18830E-02
 Average contact pair depth                   0.20053E-02
 Average target surface length                0.17154E-02
 Default pinball region factor PINB           0.25000    
 The resulting pinball region                 0.50132E-03
 Default target edge extension factor TOLS     2.0000    
 Initial penetration/gap is excluded.
 Bonded contact (always) is defined.

 *** NOTE ***                            CP =       4.688   TIME= 19:13:39
 Max.  Initial penetration 2.415185343E-09 was detected between contact  
 element 11785 and target element 11903.                                 
 You may move entire target surface by : x= -3.201999457E-15, y=         
 -9.14907243E-15, z= 2.415185343E-09,to reduce initial penetration.      
 ****************************************
  

 *** NOTE ***                            CP =       4.688   TIME= 19:13:39
 Symmetric Deformable- deformable contact pair identified by real        
 constant set 16 and contact element type 15 has been set up.  The       
 companion pair has real constant set ID 15.  Both pairs should have     
 the same behavior.                                                      
 MAPDL will keep the current pair and deactivate its companion pair,     
 resulting in asymmetric contact.                                        
 Auto surface constraint is built
 Contact algorithm: MPC based approach

 *** NOTE ***                            CP =       4.688   TIME= 19:13:39
 Contact related postprocess items (ETABLE, pressure ...) are not        
 available.                                                              
 Contact detection at: nodal point (normal to target surface)
 MPC will be built internally to handle bonded contact.
 Average contact surface length               0.17457E-02
 Average contact pair depth                   0.20053E-02
 Average target surface length                0.18528E-02
 Default pinball region factor PINB           0.25000    
 The resulting pinball region                 0.50132E-03
 Default target edge extension factor TOLS     2.0000    
 Initial penetration/gap is excluded.
 Bonded contact (always) is defined.

 *** NOTE ***                            CP =       4.688   TIME= 19:13:39
 Max.  Initial penetration 2.771616787E-09 was detected between contact  
 element 11854 and target element 11699.                                 
 You may move entire target surface by : x= 2.100788566E-17, y=          
 -1.073985404E-15, z= -2.771616787E-09,to reduce initial penetration.    
 ****************************************
  
  
  

                      L O A D   S T E P   O P T I O N S

   LOAD STEP NUMBER. . . . . . . . . . . . . . . .     1
   FREQUENCY RANGE . . . . . . . . . . . . . . . .  15000.     TO   72000.    
   NUMBER OF SUBSTEPS. . . . . . . . . . . . . . .   100
   EXCITATION FREQUENCY ARRAY. . . . . . . . . . .  _HARMUSERFORCINGFREQSTEPS
   STEP CHANGE BOUNDARY CONDITIONS . . . . . . . .   YES
   PRINT OUTPUT CONTROLS . . . . . . . . . . . . .NO PRINTOUT
   DATABASE OUTPUT CONTROLS
      ITEM     FREQUENCY   COMPONENT
       ALL       NONE               
      NSOL        ALL               
      EANG        ALL               
      ETMP        ALL               
      VENG        ALL               
      STRS        ALL               
      EPEL        ALL               
      RSOL        ALL               
      CONT        ALL               
      NLOA        ALL               
      FGRA        ALL               


 *** NOTE ***                            CP =       6.328   TIME= 19:13:40
 Symmetric Deformable- deformable contact pair identified by real        
 constant set 7 and contact element type 7 has been set up.  The         
 companion pair has real constant set ID 8.  Both pairs should have the  
 same behavior.                                                          
 MAPDL will deactivate the current pair and keep its companion pair,     
 resulting in asymmetric contact.                                        
 Auto surface constraint is built
 Contact algorithm: MPC based approach

 *** NOTE ***                            CP =       6.328   TIME= 19:13:40
 Contact related postprocess items (ETABLE, pressure ...) are not        
 available.                                                              
 Contact detection at: nodal point (normal to target surface)
 MPC will be built internally to handle bonded contact.
 Average contact surface length               0.18345E-02
 Average contact pair depth                   0.20444E-02
 Average target surface length                0.16086E-02
 Default pinball region factor PINB           0.25000    
 The resulting pinball region                 0.51111E-03
 Default target edge extension factor TOLS     2.0000    
 Initial penetration/gap is excluded.
 Bonded contact (always) is defined.

 *** NOTE ***                            CP =       6.328   TIME= 19:13:40
 Max.  Initial penetration 8.199999993E-10 was detected between contact  
 element 10022 and target element 10325.                                 
 ****************************************
  

 *** NOTE ***                            CP =       6.328   TIME= 19:13:40
 Symmetric Deformable- deformable contact pair identified by real        
 constant set 8 and contact element type 7 has been set up.  The         
 companion pair has real constant set ID 7.  Both pairs should have the  
 same behavior.                                                          
 MAPDL will keep the current pair and deactivate its companion pair,     
 resulting in asymmetric contact.                                        
 Auto surface constraint is built
 Contact algorithm: MPC based approach

 *** NOTE ***                            CP =       6.328   TIME= 19:13:40
 Contact related postprocess items (ETABLE, pressure ...) are not        
 available.                                                              
 Contact detection at: nodal point (normal to target surface)
 MPC will be built internally to handle bonded contact.
 Average contact surface length               0.16172E-02
 Average contact pair depth                   0.10000E-02
 Average target surface length                0.18141E-02
 Default pinball region factor PINB           0.25000    
 The resulting pinball region                 0.25000E-03
 Default target edge extension factor TOLS     2.0000    
 Initial penetration/gap is excluded.
 Bonded contact (always) is defined.

 *** NOTE ***                            CP =       6.328   TIME= 19:13:40
 Max.  Initial penetration 8.200004772E-10 was detected between contact  
 element 10177 and target element 9919.                                  
 ****************************************
  

 *** NOTE ***                            CP =       6.328   TIME= 19:13:40
 Symmetric Deformable- deformable contact pair identified by real        
 constant set 9 and contact element type 9 has been set up.  The         
 companion pair has real constant set ID 10.  Both pairs should have     
 the same behavior.                                                      
 MAPDL will keep the current pair and deactivate its companion pair,     
 resulting in asymmetric contact.                                        
 Auto surface constraint is built
 Contact algorithm: MPC based approach

 *** NOTE ***                            CP =       6.328   TIME= 19:13:40
 Contact related postprocess items (ETABLE, pressure ...) are not        
 available.                                                              
 Contact detection at: nodal point (normal to target surface)
 MPC will be built internally to handle bonded contact.
 Average contact surface length               0.15725E-02
 Average contact pair depth                   0.10000E-02
 Average target surface length                0.18328E-02
 Default pinball region factor PINB           0.25000    
 The resulting pinball region                 0.25000E-03
 Default target edge extension factor TOLS     2.0000    
 Initial penetration/gap is excluded.
 Bonded contact (always) is defined.

 *** NOTE ***                            CP =       6.328   TIME= 19:13:40
 Max.  Initial penetration 1.244154998E-09 was detected between contact  
 element 10530 and target element 10755.                                 
 You may move entire target surface by : x= 6.62213929E-17, y=           
 2.56176278E-17, z= 1.244154998E-09,to reduce initial penetration.       
 ****************************************
  

 *** NOTE ***                            CP =       6.328   TIME= 19:13:40
 Symmetric Deformable- deformable contact pair identified by real        
 constant set 10 and contact element type 9 has been set up.  The        
 companion pair has real constant set ID 9.  Both pairs should have the  
 same behavior.                                                          
 MAPDL will deactivate the current pair and keep its companion pair,     
 resulting in asymmetric contact.                                        
 Auto surface constraint is built
 Contact algorithm: MPC based approach

 *** NOTE ***                            CP =       6.328   TIME= 19:13:40
 Contact related postprocess items (ETABLE, pressure ...) are not        
 available.                                                              
 Contact detection at: nodal point (normal to target surface)
 MPC will be built internally to handle bonded contact.
 Average contact surface length               0.18535E-02
 Average contact pair depth                   0.20389E-02
 Average target surface length                0.15496E-02
 Default pinball region factor PINB           0.25000    
 The resulting pinball region                 0.50972E-03
 Default target edge extension factor TOLS     2.0000    
 Initial penetration/gap is excluded.
 Bonded contact (always) is defined.

 *** NOTE ***                            CP =       6.328   TIME= 19:13:40
 Max.  Initial penetration 1.292393692E-09 was detected between contact  
 element 10634 and target element 10372.                                 
 ****************************************
  

 *** NOTE ***                            CP =       6.328   TIME= 19:13:40
 Symmetric Deformable- deformable contact pair identified by real        
 constant set 11 and contact element type 11 has been set up.  The       
 companion pair has real constant set ID 12.  Both pairs should have     
 the same behavior.                                                      
 MAPDL will deactivate the current pair and keep its companion pair,     
 resulting in asymmetric contact.                                        
 Auto surface constraint is built
 Contact algorithm: MPC based approach

 *** NOTE ***                            CP =       6.328   TIME= 19:13:40
 Contact related postprocess items (ETABLE, pressure ...) are not        
 available.                                                              
 Contact detection at: nodal point (normal to target surface)
 MPC will be built internally to handle bonded contact.
 Average contact surface length               0.16229E-02
 Average contact pair depth                   0.10000E-02
 Average target surface length                0.15496E-02
 Default pinball region factor PINB           0.25000    
 The resulting pinball region                 0.25000E-03
 Default target edge extension factor TOLS     2.0000    
 Initial penetration/gap is excluded.
 Bonded contact (always) is defined.

 *** NOTE ***                            CP =       6.328   TIME= 19:13:40
 Max.  Initial penetration 9.868541574E-10 was detected between contact  
 element 10906 and target element 11262.                                 
 ****************************************
  

 *** NOTE ***                            CP =       6.328   TIME= 19:13:40
 Symmetric Deformable- deformable contact pair identified by real        
 constant set 12 and contact element type 11 has been set up.  The       
 companion pair has real constant set ID 11.  Both pairs should have     
 the same behavior.                                                      
 MAPDL will keep the current pair and deactivate its companion pair,     
 resulting in asymmetric contact.                                        
 Auto surface constraint is built
 Contact algorithm: MPC based approach

 *** NOTE ***                            CP =       6.328   TIME= 19:13:40
 Contact related postprocess items (ETABLE, pressure ...) are not        
 available.                                                              
 Contact detection at: nodal point (normal to target surface)
 MPC will be built internally to handle bonded contact.
 Average contact surface length               0.15725E-02
 Average contact pair depth                   0.10000E-02
 Average target surface length                0.16087E-02
 Default pinball region factor PINB           0.25000    
 The resulting pinball region                 0.25000E-03
 Default target edge extension factor TOLS     2.0000    
 Initial penetration/gap is excluded.
 Bonded contact (always) is defined.

 *** NOTE ***                            CP =       6.328   TIME= 19:13:40
 Max.  Initial penetration 9.899868304E-10 was detected between contact  
 element 11019 and target element 10859.                                 
 ****************************************
  

 *** NOTE ***                            CP =       6.328   TIME= 19:13:40
 Symmetric Deformable- deformable contact pair identified by real        
 constant set 13 and contact element type 13 has been set up.  The       
 companion pair has real constant set ID 14.  Both pairs should have     
 the same behavior.                                                      
 MAPDL will keep the current pair and deactivate its companion pair,     
 resulting in asymmetric contact.                                        
 Auto surface constraint is built
 Contact algorithm: MPC based approach

 *** NOTE ***                            CP =       6.328   TIME= 19:13:40
 Contact related postprocess items (ETABLE, pressure ...) are not        
 available.                                                              
 Contact detection at: nodal point (normal to target surface)
 MPC will be built internally to handle bonded contact.
 Average contact surface length               0.18570E-02
 Average contact pair depth                   0.20389E-02
 Average target surface length                0.18528E-02
 Default pinball region factor PINB           0.25000    
 The resulting pinball region                 0.50972E-03
 Default target edge extension factor TOLS     2.0000    
 Initial penetration/gap is excluded.
 Bonded contact (always) is defined.

 *** NOTE ***                            CP =       6.328   TIME= 19:13:40
 Min.  Initial gap 9.999993231E-05 was detected between contact element  
 11447 and target element 11563.                                         
 Contact is detected due to initial settings.                            
 ****************************************
  

 *** NOTE ***                            CP =       6.328   TIME= 19:13:40
 Symmetric Deformable- deformable contact pair identified by real        
 constant set 14 and contact element type 13 has been set up.  The       
 companion pair has real constant set ID 13.  Both pairs should have     
 the same behavior.                                                      
 MAPDL will deactivate the current pair and keep its companion pair,     
 resulting in asymmetric contact.                                        
 Auto surface constraint is built
 Contact algorithm: MPC based approach

 *** NOTE ***                            CP =       6.328   TIME= 19:13:40
 Contact related postprocess items (ETABLE, pressure ...) are not        
 available.                                                              
 Contact detection at: nodal point (normal to target surface)
 MPC will be built internally to handle bonded contact.
 Average contact surface length               0.18739E-02
 Average contact pair depth                   0.20053E-02
 Average target surface length                0.18328E-02
 Default pinball region factor PINB           0.25000    
 The resulting pinball region                 0.50132E-03
 Default target edge extension factor TOLS     2.0000    
 Initial penetration/gap is excluded.
 Bonded contact (always) is defined.

 *** NOTE ***                            CP =       6.328   TIME= 19:13:40
 Min.  Initial gap 9.999988565E-05 was detected between contact element  
 11484 and target element 11267.                                         
 Contact is detected due to initial settings.                            
 ****************************************
  

 *** NOTE ***                            CP =       6.328   TIME= 19:13:40
 Symmetric Deformable- deformable contact pair identified by real        
 constant set 15 and contact element type 15 has been set up.  The       
 companion pair has real constant set ID 16.  Both pairs should have     
 the same behavior.                                                      
 MAPDL will deactivate the current pair and keep its companion pair,     
 resulting in asymmetric contact.                                        
 Auto surface constraint is built
 Contact algorithm: MPC based approach

 *** NOTE ***                            CP =       6.328   TIME= 19:13:40
 Contact related postprocess items (ETABLE, pressure ...) are not        
 available.                                                              
 Contact detection at: nodal point (normal to target surface)
 MPC will be built internally to handle bonded contact.
 Average contact surface length               0.18830E-02
 Average contact pair depth                   0.20053E-02
 Average target surface length                0.17154E-02
 Default pinball region factor PINB           0.25000    
 The resulting pinball region                 0.50132E-03
 Default target edge extension factor TOLS     2.0000    
 Initial penetration/gap is excluded.
 Bonded contact (always) is defined.

 *** NOTE ***                            CP =       6.328   TIME= 19:13:40
 Max.  Initial penetration 2.415185343E-09 was detected between contact  
 element 11785 and target element 11903.                                 
 You may move entire target surface by : x= -3.201999457E-15, y=         
 -9.14907243E-15, z= 2.415185343E-09,to reduce initial penetration.      
 ****************************************
  

 *** NOTE ***                            CP =       6.328   TIME= 19:13:40
 Symmetric Deformable- deformable contact pair identified by real        
 constant set 16 and contact element type 15 has been set up.  The       
 companion pair has real constant set ID 15.  Both pairs should have     
 the same behavior.                                                      
 MAPDL will keep the current pair and deactivate its companion pair,     
 resulting in asymmetric contact.                                        
 Auto surface constraint is built
 Contact algorithm: MPC based approach

 *** NOTE ***                            CP =       6.328   TIME= 19:13:40
 Contact related postprocess items (ETABLE, pressure ...) are not        
 available.                                                              
 Contact detection at: nodal point (normal to target surface)
 MPC will be built internally to handle bonded contact.
 Average contact surface length               0.17457E-02
 Average contact pair depth                   0.20053E-02
 Average target surface length                0.18528E-02
 Default pinball region factor PINB           0.25000    
 The resulting pinball region                 0.50132E-03
 Default target edge extension factor TOLS     2.0000    
 Initial penetration/gap is excluded.
 Bonded contact (always) is defined.

 *** NOTE ***                            CP =       6.328   TIME= 19:13:40
 Max.  Initial penetration 2.771616787E-09 was detected between contact  
 element 11854 and target element 11699.                                 
 You may move entire target surface by : x= 2.100788566E-17, y=          
 -1.073985404E-15, z= -2.771616787E-09,to reduce initial penetration.    
 ****************************************
  


                         ***********  PRECISE MASS SUMMARY  ***********

   TOTAL RIGID BODY MASS MATRIX ABOUT ORIGIN
               Translational mass               |   Coupled translational/rotational mass
        0.18894        0.0000        0.0000     |     0.0000       0.12752E-01   0.28999E-08
         0.0000       0.18894        0.0000     |   -0.12752E-01    0.0000      -0.42743E-10
         0.0000        0.0000       0.18894     |   -0.28999E-08   0.42743E-10    0.0000    
     ------------------------------------------ | ------------------------------------------
                                                |         Rotational mass (inertia)
                                                |    0.11757E-02   0.61704E-12   0.19816E-11
                                                |    0.61704E-12   0.11757E-02   0.10712E-09
                                                |    0.19816E-11   0.10712E-09   0.87766E-05

   TOTAL MASS = 0.18894    
     The mass principal axes coincide with the global Cartesian axes

   CENTER OF MASS (X,Y,Z)=  -0.22623E-09  -0.15348E-07   0.67491E-01

   TOTAL INERTIA ABOUT CENTER OF MASS
        0.31507E-03   0.61704E-12  -0.90322E-12
        0.61704E-12   0.31507E-03  -0.88599E-10
       -0.90322E-12  -0.88599E-10   0.87766E-05
     The inertia principal axes coincide with the global Cartesian axes


  *** MASS SUMMARY BY ELEMENT TYPE ***

  TYPE      MASS
     1  0.517934E-01
     2  0.516526E-01
     3  0.241872E-02
     4  0.241902E-02
     5  0.270312E-01
     6  0.536231E-01

 Range of element maximum matrix coefficients in global coordinates
 Maximum = 518043929 at element 3521.                                    
 Minimum = 95381467.6 at element 3589.                                   

   *** ELEMENT MATRIX FORMULATION TIMES
     TYPE    NUMBER   ENAME      TOTAL CP  AVE CP

        1      1728  SOLID186      0.547   0.000316
        2      1692  SOLID186      0.531   0.000314
        3       120  SOLID226      0.094   0.000781
        4       128  SOLID226      0.094   0.000732
        5      1026  SOLID186      0.312   0.000305
        6      1748  SOLID186      0.484   0.000277
        7       216  CONTA174      0.062   0.000289
        8       216  TARGE170      0.016   0.000072
        9       222  CONTA174      0.047   0.000211
       10       222  TARGE170      0.000   0.000000
       11       248  CONTA174      0.078   0.000315
       12       248  TARGE170      0.000   0.000000
       13       186  CONTA174      0.062   0.000336
       14       186  TARGE170      0.000   0.000000
       15       146  CONTA174      0.016   0.000107
       16       146  TARGE170      0.000   0.000000
 Time at end of element matrix formulation CP = 9.40625.                 

 *** NOTE ***                            CP =      10.578   TIME= 19:13:45
 The initial memory allocation (-m) has been exceeded.                   
  Supplemental memory allocations are being used.                        

 SPARSE MATRIX DIRECT SOLVER.
  Number of equations =       89384,    Maximum wavefront =   1036


  Memory allocated on this process
  -------------------------------------------------------------------
  Equation solver memory allocated                     =  1913.203 MB
  Equation solver memory required for in-core mode     =  1831.272 MB
  Equation solver memory required for out-of-core mode =   534.955 MB
  Total (solver and non-solver) memory allocated       =  3388.457 MB

 *** NOTE ***                            CP =      11.531   TIME= 19:13:46
 The Sparse Matrix Solver is currently running in the in-core memory     
 mode.  This memory mode uses the most amount of memory in order to      
 avoid using the hard drive as much as possible, which most often        
 results in the fastest solution time.  This mode is recommended if      
 enough physical memory is present to accommodate all of the solver      
 data.                                                                   
 Sparse solver maximum pivot= 5.461436024E+09 at node 20168 UY.          
 Sparse solver minimum pivot= 23534801.5 at node 4749 UY.                
 Sparse solver minimum pivot in absolute value= 23534801.5 at node 4749  
 UY.                                                                     

   *** ELEMENT RESULT CALCULATION TIMES
     TYPE    NUMBER   ENAME      TOTAL CP  AVE CP

        1      1728  SOLID186      0.391   0.000226
        2      1692  SOLID186      0.344   0.000203
        3       120  SOLID226      0.078   0.000651
        4       128  SOLID226      0.078   0.000610
        5      1026  SOLID186      0.203   0.000198
        6      1748  SOLID186      0.359   0.000206

   *** NODAL LOAD CALCULATION TIMES
     TYPE    NUMBER   ENAME      TOTAL CP  AVE CP

        1      1728  SOLID186      0.047   0.000027
        2      1692  SOLID186      0.062   0.000037
        3       120  SOLID226      0.016   0.000130
        4       128  SOLID226      0.016   0.000122
        5      1026  SOLID186      0.000   0.000000
        6      1748  SOLID186      0.047   0.000027
 *** LOAD STEP     1   SUBSTEP     1  COMPLETED.  FREQUENCY=   15570.0    
 *** LOAD STEP     1   SUBSTEP     2  COMPLETED.  FREQUENCY=   16140.0    
 *** LOAD STEP     1   SUBSTEP     3  COMPLETED.  FREQUENCY=   16710.0    
 *** LOAD STEP     1   SUBSTEP     4  COMPLETED.  FREQUENCY=   17280.0    
 *** LOAD STEP     1   SUBSTEP     5  COMPLETED.  FREQUENCY=   17850.0    
 *** LOAD STEP     1   SUBSTEP     6  COMPLETED.  FREQUENCY=   18420.0    
 *** LOAD STEP     1   SUBSTEP     7  COMPLETED.  FREQUENCY=   18990.0    
 *** LOAD STEP     1   SUBSTEP     8  COMPLETED.  FREQUENCY=   19560.0    
 *** LOAD STEP     1   SUBSTEP     9  COMPLETED.  FREQUENCY=   20130.0    
 *** LOAD STEP     1   SUBSTEP    10  COMPLETED.  FREQUENCY=   20700.0    
 *** LOAD STEP     1   SUBSTEP    11  COMPLETED.  FREQUENCY=   21270.0    
 *** LOAD STEP     1   SUBSTEP    12  COMPLETED.  FREQUENCY=   21840.0    
 *** LOAD STEP     1   SUBSTEP    13  COMPLETED.  FREQUENCY=   22410.0    
 *** LOAD STEP     1   SUBSTEP    14  COMPLETED.  FREQUENCY=   22980.0    
 *** LOAD STEP     1   SUBSTEP    15  COMPLETED.  FREQUENCY=   23550.0    
 *** LOAD STEP     1   SUBSTEP    16  COMPLETED.  FREQUENCY=   24120.0    
 *** LOAD STEP     1   SUBSTEP    17  COMPLETED.  FREQUENCY=   24690.0    
 *** LOAD STEP     1   SUBSTEP    18  COMPLETED.  FREQUENCY=   25260.0    
 *** LOAD STEP     1   SUBSTEP    19  COMPLETED.  FREQUENCY=   25830.0    
 *** LOAD STEP     1   SUBSTEP    20  COMPLETED.  FREQUENCY=   26400.0    
 *** LOAD STEP     1   SUBSTEP    21  COMPLETED.  FREQUENCY=   26970.0    
 *** LOAD STEP     1   SUBSTEP    22  COMPLETED.  FREQUENCY=   27540.0    
 *** LOAD STEP     1   SUBSTEP    23  COMPLETED.  FREQUENCY=   28110.0    
 *** LOAD STEP     1   SUBSTEP    24  COMPLETED.  FREQUENCY=   28680.0    
 *** LOAD STEP     1   SUBSTEP    25  COMPLETED.  FREQUENCY=   29250.0    
 *** LOAD STEP     1   SUBSTEP    26  COMPLETED.  FREQUENCY=   29820.0    
 *** LOAD STEP     1   SUBSTEP    27  COMPLETED.  FREQUENCY=   30390.0    
 *** LOAD STEP     1   SUBSTEP    28  COMPLETED.  FREQUENCY=   30960.0    
 *** LOAD STEP     1   SUBSTEP    29  COMPLETED.  FREQUENCY=   31530.0    
 *** LOAD STEP     1   SUBSTEP    30  COMPLETED.  FREQUENCY=   32100.0    
 *** LOAD STEP     1   SUBSTEP    31  COMPLETED.  FREQUENCY=   32670.0    
 *** LOAD STEP     1   SUBSTEP    32  COMPLETED.  FREQUENCY=   33240.0    
 *** LOAD STEP     1   SUBSTEP    33  COMPLETED.  FREQUENCY=   33810.0    
 *** LOAD STEP     1   SUBSTEP    34  COMPLETED.  FREQUENCY=   34380.0    
 *** LOAD STEP     1   SUBSTEP    35  COMPLETED.  FREQUENCY=   34950.0    
 *** LOAD STEP     1   SUBSTEP    36  COMPLETED.  FREQUENCY=   35520.0    
 *** LOAD STEP     1   SUBSTEP    37  COMPLETED.  FREQUENCY=   36090.0    
 *** LOAD STEP     1   SUBSTEP    38  COMPLETED.  FREQUENCY=   36660.0    
 *** LOAD STEP     1   SUBSTEP    39  COMPLETED.  FREQUENCY=   37230.0    
 *** LOAD STEP     1   SUBSTEP    40  COMPLETED.  FREQUENCY=   37800.0    
 *** LOAD STEP     1   SUBSTEP    41  COMPLETED.  FREQUENCY=   38370.0    
 *** LOAD STEP     1   SUBSTEP    42  COMPLETED.  FREQUENCY=   38940.0    
 *** LOAD STEP     1   SUBSTEP    43  COMPLETED.  FREQUENCY=   39510.0    
 *** LOAD STEP     1   SUBSTEP    44  COMPLETED.  FREQUENCY=   40080.0    
 *** LOAD STEP     1   SUBSTEP    45  COMPLETED.  FREQUENCY=   40650.0    
 *** LOAD STEP     1   SUBSTEP    46  COMPLETED.  FREQUENCY=   41220.0    
 *** LOAD STEP     1   SUBSTEP    47  COMPLETED.  FREQUENCY=   41790.0    
 *** LOAD STEP     1   SUBSTEP    48  COMPLETED.  FREQUENCY=   42360.0    
 *** LOAD STEP     1   SUBSTEP    49  COMPLETED.  FREQUENCY=   42930.0    
 *** LOAD STEP     1   SUBSTEP    50  COMPLETED.  FREQUENCY=   43500.0    
 *** LOAD STEP     1   SUBSTEP    51  COMPLETED.  FREQUENCY=   44070.0    
 *** LOAD STEP     1   SUBSTEP    52  COMPLETED.  FREQUENCY=   44640.0    
 *** LOAD STEP     1   SUBSTEP    53  COMPLETED.  FREQUENCY=   45210.0    
 *** LOAD STEP     1   SUBSTEP    54  COMPLETED.  FREQUENCY=   45780.0    
 *** LOAD STEP     1   SUBSTEP    55  COMPLETED.  FREQUENCY=   46350.0    
 *** LOAD STEP     1   SUBSTEP    56  COMPLETED.  FREQUENCY=   46920.0    
 *** LOAD STEP     1   SUBSTEP    57  COMPLETED.  FREQUENCY=   47490.0    
 *** LOAD STEP     1   SUBSTEP    58  COMPLETED.  FREQUENCY=   48060.0    
 *** LOAD STEP     1   SUBSTEP    59  COMPLETED.  FREQUENCY=   48263.0    
 *** LOAD STEP     1   SUBSTEP    60  COMPLETED.  FREQUENCY=   48630.0    
 *** LOAD STEP     1   SUBSTEP    61  COMPLETED.  FREQUENCY=   49200.0    
 *** LOAD STEP     1   SUBSTEP    62  COMPLETED.  FREQUENCY=   49770.0    
 *** LOAD STEP     1   SUBSTEP    63  COMPLETED.  FREQUENCY=   50340.0    
 *** LOAD STEP     1   SUBSTEP    64  COMPLETED.  FREQUENCY=   50910.0    
 *** LOAD STEP     1   SUBSTEP    65  COMPLETED.  FREQUENCY=   51480.0    
 *** LOAD STEP     1   SUBSTEP    66  COMPLETED.  FREQUENCY=   52050.0    
 *** LOAD STEP     1   SUBSTEP    67  COMPLETED.  FREQUENCY=   52620.0    
 *** LOAD STEP     1   SUBSTEP    68  COMPLETED.  FREQUENCY=   53190.0    
 *** LOAD STEP     1   SUBSTEP    69  COMPLETED.  FREQUENCY=   53760.0    
 *** LOAD STEP     1   SUBSTEP    70  COMPLETED.  FREQUENCY=   54330.0    
 *** LOAD STEP     1   SUBSTEP    71  COMPLETED.  FREQUENCY=   54900.0    
 *** LOAD STEP     1   SUBSTEP    72  COMPLETED.  FREQUENCY=   55470.0    
 *** LOAD STEP     1   SUBSTEP    73  COMPLETED.  FREQUENCY=   56040.0    
 *** LOAD STEP     1   SUBSTEP    74  COMPLETED.  FREQUENCY=   56610.0    
 *** LOAD STEP     1   SUBSTEP    75  COMPLETED.  FREQUENCY=   57180.0    
 *** LOAD STEP     1   SUBSTEP    76  COMPLETED.  FREQUENCY=   57750.0    
 *** LOAD STEP     1   SUBSTEP    77  COMPLETED.  FREQUENCY=   58320.0    
 *** LOAD STEP     1   SUBSTEP    78  COMPLETED.  FREQUENCY=   58890.0    
 *** LOAD STEP     1   SUBSTEP    79  COMPLETED.  FREQUENCY=   59460.0    
 *** LOAD STEP     1   SUBSTEP    80  COMPLETED.  FREQUENCY=   60030.0    
 *** LOAD STEP     1   SUBSTEP    81  COMPLETED.  FREQUENCY=   60600.0    
 *** LOAD STEP     1   SUBSTEP    82  COMPLETED.  FREQUENCY=   61170.0    
 *** LOAD STEP     1   SUBSTEP    83  COMPLETED.  FREQUENCY=   61740.0    
 *** LOAD STEP     1   SUBSTEP    84  COMPLETED.  FREQUENCY=   62310.0    
 *** LOAD STEP     1   SUBSTEP    85  COMPLETED.  FREQUENCY=   62880.0    
 *** LOAD STEP     1   SUBSTEP    86  COMPLETED.  FREQUENCY=   63450.0    
 *** LOAD STEP     1   SUBSTEP    87  COMPLETED.  FREQUENCY=   64020.0    
 *** LOAD STEP     1   SUBSTEP    88  COMPLETED.  FREQUENCY=   64590.0    
 *** LOAD STEP     1   SUBSTEP    89  COMPLETED.  FREQUENCY=   65160.0    
 *** LOAD STEP     1   SUBSTEP    90  COMPLETED.  FREQUENCY=   65730.0    
 *** LOAD STEP     1   SUBSTEP    91  COMPLETED.  FREQUENCY=   66300.0    
 *** LOAD STEP     1   SUBSTEP    92  COMPLETED.  FREQUENCY=   66870.0    
 *** LOAD STEP     1   SUBSTEP    93  COMPLETED.  FREQUENCY=   67440.0    
 *** LOAD STEP     1   SUBSTEP    94  COMPLETED.  FREQUENCY=   68010.0    
 *** LOAD STEP     1   SUBSTEP    95  COMPLETED.  FREQUENCY=   68580.0    
 *** LOAD STEP     1   SUBSTEP    96  COMPLETED.  FREQUENCY=   69150.0    
 *** LOAD STEP     1   SUBSTEP    97  COMPLETED.  FREQUENCY=   69720.0    
 *** LOAD STEP     1   SUBSTEP    98  COMPLETED.  FREQUENCY=   70290.0    
 *** LOAD STEP     1   SUBSTEP    99  COMPLETED.  FREQUENCY=   70860.0    
 *** LOAD STEP     1   SUBSTEP   100  COMPLETED.  FREQUENCY=   71430.0    
 *** LOAD STEP     1   SUBSTEP   101  COMPLETED.  FREQUENCY=   72000.0    


 *** MAPDL BINARY FILE STATISTICS
  BUFFER SIZE USED= 16384
       22.125 MB WRITTEN ON ELEMENT SAVED DATA FILE: file0.esav
      131.625 MB WRITTEN ON ASSEMBLED MATRIX FILE: file0.full
      217.938 MB WRITTEN ON RESULTS FILE: file0.rst
 *************** Write FE CONNECTORS *********

 WRITE OUT CONSTRAINT EQUATIONS TO FILE= file.ce                                                                                                                                                                                                                                                             

 ALL CURRENT MAPDL DATA WRITTEN TO FILE NAME= file.db
  FOR POSSIBLE RESUME FROM THIS POINT

 FINISH SOLUTION PROCESSING


 ***** ROUTINE COMPLETED *****  CP =       614.156



 PRINTOUT RESUMED BY /GOP

 *GET  _WALLASOL  FROM  ACTI  ITEM=TIME WALL  VALUE=  19.3980556    

 *** MAPDL - ENGINEERING ANALYSIS SYSTEM  RELEASE 2025 R2          25.2     ***
 Ansys Mechanical Enterprise Academic Student      
 01055371  VERSION=WINDOWS x64   19:23:53  NOV 29, 2025 CP=    614.172

 simulazioneTrasduttoreUltrasonicoConConcentratore--Harmonic Response (D3)     



          ***** MAPDL RESULTS INTERPRETATION (POST1) *****

 *** NOTE ***                            CP =     614.172   TIME= 19:23:53
 Reading results into the database (SET command) will update the current 
 displacement and force boundary conditions in the database with the     
 values from the results file for that load set.  Note that any          
 subsequent solutions will use these values unless action is taken to    
 either SAVE the current values or not overwrite them (/EXIT,NOSAVE).    

 Set Encoding of XML File to:ISO-8859-1

 Set Output of XML File to:
     PARM,     ,     ,     ,     ,     ,     ,     ,     ,     ,     ,     ,
         ,     ,     ,     ,     ,     ,     ,

 DATABASE WRITTEN ON FILE  parm.xml                                                                                                                                                                                                                                                            

 EXIT THE MAPDL POST1 DATABASE PROCESSOR


 ***** ROUTINE COMPLETED *****  CP =       614.172



 PRINTOUT RESUMED BY /GOP

 *GET  _WALLDONE  FROM  ACTI  ITEM=TIME WALL  VALUE=  19.3980556    

 PARAMETER _PREPTIME =     0.000000000    

 PARAMETER _SOLVTIME =     615.0000000    

 PARAMETER _POSTTIME =     0.000000000    

 PARAMETER _TOTALTIM =     615.0000000    

 *GET  _DLBRATIO  FROM  ACTI  ITEM=SOLU DLBR  VALUE=  0.00000000    

 *GET  _COMBTIME  FROM  ACTI  ITEM=SOLU COMB  VALUE=  1.68905530    

 *GET  _SSMODE   FROM  ACTI  ITEM=SOLU SSMM  VALUE=  2.00000000    

 *GET  _NDOFS    FROM  ACTI  ITEM=SOLU NDOF  VALUE=  89384.0000    

 /FCLEAN COMMAND REMOVING ALL LOCAL FILES
 --- Total number of nodes = 31292
 --- Total number of elements = 8478
 --- Element load balance ratio = 0
 --- Time to combine distributed files = 1.6890553
 --- Sparse memory mode = 2
 --- Number of DOF = 89384

 EXIT MAPDL WITHOUT SAVING DATABASE


 NUMBER OF WARNING MESSAGES ENCOUNTERED=         11
 NUMBER OF ERROR   MESSAGES ENCOUNTERED=          0

 *** NOTE ***                            CP =     614.469   TIME= 19:24:05
 The solution for the current simulation was performed using 1 cores.    
 The parallel performance of this simulation on this hardware indicates  
 that this simulation would benefit from using additional CPU cores.     
 Consider using more CPU cores, which may require additional HPC         
 licenses, when running this simulation again on the same hardware.      

+--------------------- M A P D L   S T A T I S T I C S ------------------------+

Release: 2025 R2            Build: 25.2       Update: UP20250519   Platform: WINDOWS x64 
Date Run: 11/29/2025   Time: 19:24     Process ID: 6832
Operating System: Windows 11  (Build: 26100)

Processor Model: Intel(R) Core(TM) i9-10885H CPU @ 2.40GHz

Compiler: Intel(R) Fortran Compiler Classic Version 2021.9  (Build: 20230302)
          Intel(R) C/C++ Compiler Classic Version 2021.9  (Build: 20230302)
          Intel(R) oneAPI Math Kernel Library Version 2024.2.3-Product Build 20250403

Number of machines requested            :    1
Total number of cores available         :   16
Number of physical cores available      :    8
Number of processes requested           :    4
Number of threads per process requested :    1
Total number of cores requested         :    4 (Distributed Memory Parallel)               
MPI Type: INTELMPI
MPI Version: Intel(R) MPI Library 2021.14 for Windows* OS


GPU Acceleration: Not Requested

Job Name: file0
Input File: dummy.dat

  Core                Machine Name   Working Directory
 -----------------------------------------------------
     0         Dell-XPS-di-Michael   C:\Users\stolf\dev\EsercitazioniSensori\esercitazione_b\esercizio_2\_ProjectScratch\ScrD191
     1         Dell-XPS-di-Michael   C:\Users\stolf\dev\EsercitazioniSensori\esercitazione_b\esercizio_2\_ProjectScratch\ScrD191
     2         Dell-XPS-di-Michael   C:\Users\stolf\dev\EsercitazioniSensori\esercitazione_b\esercizio_2\_ProjectScratch\ScrD191
     3         Dell-XPS-di-Michael   C:\Users\stolf\dev\EsercitazioniSensori\esercitazione_b\esercizio_2\_ProjectScratch\ScrD191
 
Latency time from master to core     1 =    5.286 microseconds
Latency time from master to core     2 =    6.182 microseconds
Latency time from master to core     3 =    6.848 microseconds
 
Communication speed from master to core     1 =  4467.13 MB/sec
Communication speed from master to core     2 =  4925.90 MB/sec
Communication speed from master to core     3 =  5860.38 MB/sec

Total CPU time for main thread                    :      610.8 seconds
Total CPU time summed for all threads             :      614.5 seconds

Elapsed time spent obtaining a license            :        0.5 seconds
Elapsed time spent pre-processing model (/PREP7)  :        0.2 seconds
Elapsed time spent solution - preprocessing       :        1.2 seconds
Elapsed time spent computing solution             :      611.2 seconds
Elapsed time spent solution - postprocessing      :        1.7 seconds
Elapsed time spent post-processing model (/POST1) :        0.0 seconds
 
Equation solver used                              :            Sparse (symmetric)
Equation solver computational rate                :        5.9 Gflops

Sum of disk space used on all processes           :     2112.6 MB

Sum of memory used on all processes               :     8525.0 MB
Sum of memory allocated on all processes          :    11907.0 MB
Physical memory available                         :         32 GB
Total amount of I/O written to disk               :        1.9 GB
Total amount of I/O read from disk                :        3.4 GB

+------------------ E N D   M A P D L   S T A T I S T I C S -------------------+


 *-----------------------------------------------------------------------------*
 |                                                                             |
 |                               RUN COMPLETED                                 |
 |                                                                             |
 |-----------------------------------------------------------------------------|
 |                                                                             |
 |  Ansys MAPDL 2025 R2         Build 25.2         UP20250519    WINDOWS x64   |
 |                                                                             |
 |-----------------------------------------------------------------------------|
 |                                                                             |
 |  Database Requested(-db)     1024 MB     Scratch Memory Requested   1024 MB |
 |  Max Database Used(Master)     20 MB     Max Scratch Used(Master)   2112 MB |
 |  Max Database Used(Workers)    20 MB     Max Scratch Used(Workers)  2111 MB |
 |  Sum Database Used(All)        80 MB     Sum Scratch Used(All)      8445 MB |
 |                                                                             |
 |-----------------------------------------------------------------------------|
 |                                                                             |
 |        CP Time      (sec) =        614.469       Time  =  19:24:05          |
 |        Elapsed Time (sec) =        633.000       Date  =  11/29/2025        |
 |                                                                             |
 *-----------------------------------------------------------------------------*
