
 Ansys Mechanical Enterprise Academic Student      


 *------------------------------------------------------------------*
 |                                                                  |
 |   W E L C O M E   T O   T H E   A N S Y S (R)  P R O G R A M     |
 |                                                                  |
 *------------------------------------------------------------------*




 ***************************************************************
 *         ANSYS MAPDL 2025 R2          LEGAL NOTICES          *
 ***************************************************************
 *                                                             *
 * Copyright 1971-2025 Ansys, Inc.  All rights reserved.       *
 * Unauthorized use, distribution or duplication is            *
 * prohibited.                                                 *
 *                                                             *
 * Ansys is a registered trademark of Ansys, Inc. or its       *
 * subsidiaries in the United States or other countries.       *
 * See the Ansys, Inc. online documentation or the Ansys, Inc. *
 * documentation CD or online help for the complete Legal      *
 * Notice.                                                     *
 *                                                             *
 ***************************************************************
 *                                                             *
 * THIS ANSYS SOFTWARE PRODUCT AND PROGRAM DOCUMENTATION       *
 * INCLUDE TRADE SECRETS AND CONFIDENTIAL AND PROPRIETARY      *
 * PRODUCTS OF ANSYS, INC., ITS SUBSIDIARIES, OR LICENSORS.    *
 * The software products and documentation are furnished by    *
 * Ansys, Inc. or its subsidiaries under a software license    *
 * agreement that contains provisions concerning               *
 * non-disclosure, copying, length and nature of use,          *
 * compliance with exporting laws, warranties, disclaimers,    *
 * limitations of liability, and remedies, and other           *
 * provisions.  The software products and documentation may be *
 * used, disclosed, transferred, or copied only in accordance  *
 * with the terms and conditions of that software license      *
 * agreement.                                                  *
 *                                                             *
 * Ansys, Inc. is a UL registered                              *
 * ISO 9001:2015 company.                                      *
 *                                                             *
 ***************************************************************
 *                                                             *
 * This product is subject to U.S. laws governing export and   *
 * re-export.                                                  *
 *                                                             *
 * For U.S. Government users, except as specifically granted   *
 * by the Ansys, Inc. software license agreement, the use,     *
 * duplication, or disclosure by the United States Government  *
 * is subject to restrictions stated in the Ansys, Inc.        *
 * software license agreement and FAR 12.212 (for non-DOD      *
 * licenses).                                                  *
 *                                                             *
 ***************************************************************

 2025 R2 
     
 Point Releases and Patches installed:   
     
 Discovery 2025 R2   
 Core WB Files 2025 R2   
 optiSLang 2025 R2   
 CFX (includes CFD-Post) 2025 R2 
 Chemkin 2025 R2 
 EnSight 2025 R2 
 FENSAP-ICE 2025 R2  
 Fluent (includes CFD-Post) 2025 R2  
 Polyflow (includes CFD-Post) 2025 R2
 Forte (includes EnSight) 2025 R2
 Rocky 2025 R2   
 TurboGrid 2025 R2   
 ACIS Geometry Interface 2025 R2 
 AutoCAD Geometry Interface 2025 R2  
 Catia, Version 4 Geometry Interface 2025 R2 
 Catia, Version 5 Geometry Interface 2025 R2 
 Catia, Version 6 Geometry Interface 2025 R2 
 Creo Elements/Direct Modeling Geometry Interface 2025 R2
 Creo Parametric Geometry Interface 2025 R2  
 Inventor Geometry Interface 2025 R2 
 JTOpen Geometry Interface 2025 R2   
 NX Geometry Interface 2025 R2   
 Parasolid Geometry Interface  2025 R2   
 Solid Edge Geometry Interface 2025 R2   
 SOLIDWORKS Geometry Interface 2025 R2   
 Speos 2025 R2   
 SpaceClaim 2025 R2  
 Speos RPC 2025 R2   
 Zemax OpticStudio 2025 R2   
 Dynamic Reporting 2025 R2   
 Aqwa 2025 R2
 Autodyn 2025 R2 
 Material Calibration App 2025 R2
 Mechanical Products 2025 R2 
 Motion 2025 R2  
 Academic Student 2025 R2


          *****  MAPDL COMMAND LINE ARGUMENTS  *****
  BATCH MODE REQUESTED (-b)    = NOLIST
  INPUT FILE COPY MODE (-c)    = COPY
  DISTRIBUTED MEMORY PARALLEL REQUESTED
       4 PARALLEL PROCESSES REQUESTED WITH SINGLE THREAD PER PROCESS
    TOTAL OF     4 CORES REQUESTED
  INPUT FILE NAME              = C:\Users\stolf\dev\EsercitazioniSensori\esercitazione_b\esercizio_1\_ProjectScratch\Scr4407\dummy.dat
  OUTPUT FILE NAME             = C:\Users\stolf\dev\EsercitazioniSensori\esercitazione_b\esercizio_1\_ProjectScratch\Scr4407\solve.out
  START-UP FILE MODE           = NOREAD
  STOP FILE MODE               = NOREAD

 RELEASE= 2025 R2              BUILD= 25.2      UP20250519   VERSION=WINDOWS x64 
 CURRENT JOBNAME=file0  20:00:32  NOV 29, 2025 CP=      0.125


 PARAMETER _DS_PROGRESS =     999.0000000    

 /INPUT FILE= ds.dat  LINE=       0



 *** NOTE ***                            CP =       0.438   TIME= 20:00:32
 The /CONFIG,NOELDB command is not valid in a distributed memory         
 parallel solution.  Command is ignored.                                 

 *GET  _WALLSTRT  FROM  ACTI  ITEM=TIME WALL  VALUE=  20.0088889    

 TITLE= 
 simulazioneTrasduttoreUltrasonico--Modal (C3)                                 

  ACT Extensions:
      PiezoAndMEMS, 2020.1
      0cd64874-101b-4182-aef8-530cf9982bb6, wbex
 /COM,     LSDYNA, 2025.2
      5f463412-bd3e-484b-87e7-cbc0a665e474, wbex
 /COM,     ANSYSMotion, 2025.2
      20180725-3f81-49eb-9f31-41364844c769, wbex
  

 SET PARAMETER DIMENSIONS ON  _WB_PROJECTSCRATCH_DIR
  TYPE=STRI  DIMENSIONS=      248        1        1

 PARAMETER _WB_PROJECTSCRATCH_DIR(1) = C:\Users\stolf\dev\EsercitazioniSensori\esercitazione_b\esercizio_1\_ProjectScratch\Scr4407\

 SET PARAMETER DIMENSIONS ON  _WB_SOLVERFILES_DIR
  TYPE=STRI  DIMENSIONS=      248        1        1

 PARAMETER _WB_SOLVERFILES_DIR(1) = C:\Users\stolf\dev\EsercitazioniSensori\esercitazione_b\esercizio_1\simulazioneTrasduttoreUltrasonico_files\dp0\SYS-3\MECH\

 SET PARAMETER DIMENSIONS ON  _WB_USERFILES_DIR
  TYPE=STRI  DIMENSIONS=      248        1        1

 PARAMETER _WB_USERFILES_DIR(1) = C:\Users\stolf\dev\EsercitazioniSensori\esercitazione_b\esercizio_1\simulazioneTrasduttoreUltrasonico_files\user_files\
 --- Data in consistent MKS units. See Solving Units in the help system for more

 MKS UNITS SPECIFIED FOR INTERNAL    
  LENGTH        (l)  = METER (M)
  MASS          (M)  = KILOGRAM (KG)
  TIME          (t)  = SECOND (SEC)
  TEMPERATURE   (T)  = CELSIUS (C)
  TOFFSET            = 273.0
  CHARGE        (Q)  = COULOMB
  FORCE         (f)  = NEWTON (N) (KG-M/SEC2)
  HEAT               = JOULE (N-M)

  PRESSURE           = PASCAL (NEWTON/M**2)
  ENERGY        (W)  = JOULE (N-M)
  POWER         (P)  = WATT (N-M/SEC)
  CURRENT       (i)  = AMPERE (COULOMBS/SEC)
  CAPACITANCE   (C)  = FARAD
  INDUCTANCE    (L)  = HENRY
  MAGNETIC FLUX      = WEBER
  RESISTANCE    (R)  = OHM
  ELECTRIC POTENTIAL = VOLT

 INPUT  UNITS ARE ALSO SET TO MKS 

 *** MAPDL - ENGINEERING ANALYSIS SYSTEM  RELEASE 2025 R2          25.2     ***
 Ansys Mechanical Enterprise Academic Student      
 01055371  VERSION=WINDOWS x64   20:00:32  NOV 29, 2025 CP=      0.469

 simulazioneTrasduttoreUltrasonico--Modal (C3)                                 



          ***** MAPDL ANALYSIS DEFINITION (PREP7) *****
 *********** Send User Defined Coordinate System(s) ***********
 *********** Nodes for the whole assembly ***********
 *********** Elements for Body 1 'M1(Mechanical Model)' ***********
 *********** Elements for Body 2 'M2(Mechanical Model)' ***********
 *********** Elements for Body 3 'C1(Mechanical Model)' ***********
 *********** Elements for Body 4 'C2(Mechanical Model)' ***********
 *********** Set Reference Temperature ***********
 *********** Send Materials ***********
 *********** Create Contact "Bonded - M1 To C1(Mechanical Model)" ***********
             Real Constant Set For Above Contact Is 6 & 5
 *********** Create Contact "Bonded - C2 To M2(Mechanical Model)" ***********
             Real Constant Set For Above Contact Is 8 & 7
 *********** Create Contact "Bonded - C1 To C2(Mechanical Model)" ***********
             Real Constant Set For Above Contact Is 10 & 9
 *********** Send Named Selection as Node Component ***********


 ***** ROUTINE COMPLETED *****  CP =         0.938


 --- Number of total nodes = 31908
 --- Number of contact elements = 1896
 --- Number of spring elements = 0
 --- Number of bearing elements = 0
 --- Number of solid elements = 6709
 --- Number of condensed parts = 0
 --- Number of total elements = 8605

 *GET  _WALLBSOL  FROM  ACTI  ITEM=TIME WALL  VALUE=  20.0088889    

 *****  MAPDL SOLUTION ROUTINE  *****


 PERFORM A MODAL ANALYSIS
  THIS WILL BE A NEW ANALYSIS

 PARAMETER _THICKRATIO =     1.000000000    

 THERMAL STRAINS ARE NOT INCLUDED IN THE LOAD VECTOR.


 USE SYM. BLOCK LANCZOS MODE EXTRACTION METHOD
  EXTRACT AS MANY MODES AS THERE ARE MDOF
  EXTRACT FREQUENCIES IN THE RANGE   36000.     TO   44000.    
  NORMALIZE THE MODE SHAPES TO THE MASS MATRIX

 ERASE THE CURRENT DATABASE OUTPUT CONTROL TABLE.


 WRITE ALL  ITEMS TO THE DATABASE WITH A FREQUENCY OF NONE
   FOR ALL APPLICABLE ENTITIES

 WRITE NSOL ITEMS TO THE DATABASE WITH A FREQUENCY OF ALL 
   FOR ALL APPLICABLE ENTITIES

 WRITE VENG ITEMS TO THE DATABASE WITH A FREQUENCY OF ALL 
   FOR ALL APPLICABLE ENTITIES

 WRITE STRS ITEMS TO THE DATABASE WITH A FREQUENCY OF ALL 
   FOR ALL APPLICABLE ENTITIES

 WRITE EPEL ITEMS TO THE DATABASE WITH A FREQUENCY OF ALL 
   FOR ALL APPLICABLE ENTITIES

 WRITE EPPL ITEMS TO THE DATABASE WITH A FREQUENCY OF ALL 
   FOR ALL APPLICABLE ENTITIES

 WRITE RSOL ITEMS TO THE DATABASE WITH A FREQUENCY OF ALL 
   FOR ALL APPLICABLE ENTITIES

 WRITE NLOA ITEMS TO THE DATABASE WITH A FREQUENCY OF ALL 
   FOR ALL APPLICABLE ENTITIES

 WRITE CONT ITEMS TO THE DATABASE WITH A FREQUENCY OF ALL 
   FOR ALL APPLICABLE ENTITIES


 EXPAND ALL EXTRACTED MODES
  CALCULATE ELEMENT RESULTS AND NODAL DOF SOLUTION
  CALCULATE STRESSES IN ANY DOWNSTREAM MODE SUPERPOSITION EXPANSION PASS

 DO NOT COMBINE ELEMENT SAVE DATA FILES (.esav) AFTER DISTRIBUTED PARALLEL SOLUTION

 DO NOT COMBINE ELEMENT MATRIX FILES (.emat) AFTER DISTRIBUTED PARALLEL SOLUTION

 DO NOT COMBINE ASSEMBLED MATRIX FILES (.full) AFTER DISTRIBUTED PARALLEL SOLUTION
  
 ***********  Piezoelectric Properties C11 ***********
  
 CMBLOCK read of NODE component PIEZOELECTRIC BODY1                                                                                                                                                                                                                                               completed

 FINISH SOLUTION PROCESSING


 ***** ROUTINE COMPLETED *****  CP =         0.969



 *** MAPDL - ENGINEERING ANALYSIS SYSTEM  RELEASE 2025 R2          25.2     ***
 Ansys Mechanical Enterprise Academic Student      
 01055371  VERSION=WINDOWS x64   20:00:32  NOV 29, 2025 CP=      0.969

 simulazioneTrasduttoreUltrasonico--Modal (C3)                                 



          ***** MAPDL ANALYSIS DEFINITION (PREP7) *****

 SELECT      COMPONENT PIEZOELECTRIC BODY1                                                                                                                                                                                                                                             

 SELECT      ONLY ELEMENTS COMPLETELY CONTAINED WITHIN NODE SET.

        700 ELEMENTS (OF       8605  DEFINED) SELECTED FROM
     1088 SELECTED NODES BY  ESLN COMMAND.

 RESELECT     FOR ITEM=ENAM COMPONENT=    
  IN RANGE       185 TO        185 STEP          1

          0  ELEMENTS (OF       8605  DEFINED) SELECTED BY  ESEL  COMMAND.

 *GET  INUM185   FROM  ELEM  ITEM=COUN           VALUE=  0.00000000    

 *IF  iNum185  ( =   0.00000     )  GT  
      0  ( =   0.00000     )  THEN    

 *ENDIF

 SELECT      COMPONENT PIEZOELECTRIC BODY1                                                                                                                                                                                                                                             

 SELECT      ONLY ELEMENTS COMPLETELY CONTAINED WITHIN NODE SET.

        700 ELEMENTS (OF       8605  DEFINED) SELECTED FROM
     1088 SELECTED NODES BY  ESLN COMMAND.

 RESELECT     FOR ITEM=ENAM COMPONENT=    
  IN RANGE       186 TO        186 STEP          1

        140  ELEMENTS (OF       8605  DEFINED) SELECTED BY  ESEL  COMMAND.

 *GET  INUM186   FROM  ELEM  ITEM=COUN           VALUE=  140.000000    

 *IF  iNum186  ( =   140.000     )  GT  
      0  ( =   0.00000     )  THEN    

 PARAMETER _ICURRENTELEM =     0.000000000    

 *DO LOOP ON PARAMETER= AR30 FROM  1.0000     TO  140.00     BY  1.0000    

 PARAMETER _ICURRENTELEM =     6381.000000    

 MODIFY ELEMENT      6381 (IF SELECTED) TO HAVE  ESYS =     12
     ELEM    MAT   TYP   REL   SEC   ESYS         NODES
    6381   3   3      3      3   12   29616 29450 29689 29618 29615 29448 29690 29617
                                      29773 30488 30462 29832 30233 30489 30463 30239
                                      30234 29914 30385 30240

 *GET  _ICURRENTETYP  FROM  ELEM      6381  ITEM=ATTR TYPE      VALUE=  3.00000000    

 ELEMENT TYPE          3 IS SOLID226     3-D 20-NODE STRU-ELECT SOLID
  KEYOPT( 1- 6)=     1001      0      0        0      0      0
  KEYOPT( 7-12)=        0      0      0        0      0      0
  KEYOPT(13-18)=        0      0      0        0      0      0

 CURRENT NODAL DOF SET IS  UX    UY    UZ    VOLT
  THREE-DIMENSIONAL MODEL

 *GET  _ICURRENTMAT  FROM  ELEM      6381  ITEM=ATTR MAT       VALUE=  3.00000000    

 DELETE PROPERTY  RSVX  FROM MATERIAL          3 TO          3 BY          1

 DELETE PROPERTY  RSVY  FROM MATERIAL          3 TO          3 BY          1

 DELETE PROPERTY  RSVZ  FROM MATERIAL          3 TO          3 BY          1

 DEFINE DATA TABLE  PIEZ  FOR MATERIAL     3

 DATA FOR  PIEZ  TABLE FOR MATERIAL   3
 LOC=  3 -2.8000      0.0000      0.0000      0.0000      0.0000      0.0000    

 DATA FOR  PIEZ  TABLE FOR MATERIAL   3
 LOC=  6 -2.8000      0.0000      0.0000      0.0000      0.0000      0.0000    

 DATA FOR  PIEZ  TABLE FOR MATERIAL   3
 LOC=  9  14.700      0.0000      0.0000      0.0000      0.0000      0.0000    

 DATA FOR  PIEZ  TABLE FOR MATERIAL   3
 LOC= 14  9.8600      0.0000      0.0000      0.0000      0.0000    

 DATA FOR  PIEZ  TABLE FOR MATERIAL   3
 LOC= 16  9.8600      0.0000      0.0000    

 DEFINE DATA TABLE  DPER  FOR MATERIAL     3

 DATA FOR  DPER  TABLE FOR MATERIAL   3
 LOC=  1  828.30      828.30      699.67      0.0000      0.0000      0.0000    

 *ENDDO  INDEX= AR30                            

 *ENDIF

 SELECT      COMPONENT PIEZOELECTRIC BODY1                                                                                                                                                                                                                                             

 SELECT      ONLY ELEMENTS COMPLETELY CONTAINED WITHIN NODE SET.

        700 ELEMENTS (OF       8605  DEFINED) SELECTED FROM
     1088 SELECTED NODES BY  ESLN COMMAND.

 RESELECT     FOR ITEM=ENAM COMPONENT=    
  IN RANGE       187 TO        187 STEP          1

          0  ELEMENTS (OF       8605  DEFINED) SELECTED BY  ESEL  COMMAND.

 *GET  INUM187   FROM  ELEM  ITEM=COUN           VALUE=  0.00000000    

 *IF  iNum187  ( =   0.00000     )  GT  
      0  ( =   0.00000     )  THEN    

 *ENDIF

 SELECT      COMPONENT PIEZOELECTRIC BODY1                                                                                                                                                                                                                                             

 SELECT      ONLY ELEMENTS COMPLETELY CONTAINED WITHIN NODE SET.

        700 ELEMENTS (OF       8605  DEFINED) SELECTED FROM
     1088 SELECTED NODES BY  ESLN COMMAND.

 RESELECT     FOR ITEM=ENAM COMPONENT=    
  IN RANGE       182 TO        182 STEP          1

          0  ELEMENTS (OF       8605  DEFINED) SELECTED BY  ESEL  COMMAND.

 *GET  INUM182   FROM  ELEM  ITEM=COUN           VALUE=  0.00000000    

 *IF  iNum182  ( =   0.00000     )  GT  
      0  ( =   0.00000     )  THEN    

 *ENDIF

 SELECT      COMPONENT PIEZOELECTRIC BODY1                                                                                                                                                                                                                                             

 SELECT      ONLY ELEMENTS COMPLETELY CONTAINED WITHIN NODE SET.

        700 ELEMENTS (OF       8605  DEFINED) SELECTED FROM
     1088 SELECTED NODES BY  ESLN COMMAND.

 RESELECT     FOR ITEM=ENAM COMPONENT=    
  IN RANGE       183 TO        183 STEP          1

          0  ELEMENTS (OF       8605  DEFINED) SELECTED BY  ESEL  COMMAND.

 *GET  INUM183   FROM  ELEM  ITEM=COUN           VALUE=  0.00000000    

 *IF  iNum183  ( =   0.00000     )  GT  
      0  ( =   0.00000     )  THEN    

 *ENDIF

 EM UNITS = USER  EPZERO= 0.88540E-11


 ***** ROUTINE COMPLETED *****  CP =         1.219



 *****  MAPDL SOLUTION ROUTINE  *****

 SELECT ALL ENTITIES OF TYPE= ALL  AND BELOW

 WRITE FGRA ITEMS TO THE DATABASE WITH A FREQUENCY OF ALL 
   FOR ALL APPLICABLE ENTITIES
  
 ***********  Piezoelectric Properties C267 ***********
  
 CMBLOCK read of NODE component PIEZOELECTRIC BODY67                                                                                                                                                                                                                                              completed

 FINISH SOLUTION PROCESSING


 ***** ROUTINE COMPLETED *****  CP =         1.219



 *** MAPDL - ENGINEERING ANALYSIS SYSTEM  RELEASE 2025 R2          25.2     ***
 Ansys Mechanical Enterprise Academic Student      
 01055371  VERSION=WINDOWS x64   20:00:32  NOV 29, 2025 CP=      1.219

 simulazioneTrasduttoreUltrasonico--Modal (C3)                                 



          ***** MAPDL ANALYSIS DEFINITION (PREP7) *****

 SELECT      COMPONENT PIEZOELECTRIC BODY67                                                                                                                                                                                                                                            

 SELECT      ONLY ELEMENTS COMPLETELY CONTAINED WITHIN NODE SET.

        945 ELEMENTS (OF       8605  DEFINED) SELECTED FROM
     1416 SELECTED NODES BY  ESLN COMMAND.

 RESELECT     FOR ITEM=ENAM COMPONENT=    
  IN RANGE       185 TO        185 STEP          1

          0  ELEMENTS (OF       8605  DEFINED) SELECTED BY  ESEL  COMMAND.

 *GET  INUM185   FROM  ELEM  ITEM=COUN           VALUE=  0.00000000    

 *IF  iNum185  ( =   0.00000     )  GT  
      0  ( =   0.00000     )  THEN    

 *ENDIF

 SELECT      COMPONENT PIEZOELECTRIC BODY67                                                                                                                                                                                                                                            

 SELECT      ONLY ELEMENTS COMPLETELY CONTAINED WITHIN NODE SET.

        945 ELEMENTS (OF       8605  DEFINED) SELECTED FROM
     1416 SELECTED NODES BY  ESLN COMMAND.

 RESELECT     FOR ITEM=ENAM COMPONENT=    
  IN RANGE       186 TO        186 STEP          1

        189  ELEMENTS (OF       8605  DEFINED) SELECTED BY  ESEL  COMMAND.

 *GET  INUM186   FROM  ELEM  ITEM=COUN           VALUE=  189.000000    

 *IF  iNum186  ( =   189.000     )  GT  
      0  ( =   0.00000     )  THEN    

 PARAMETER _ICURRENTELEM =     0.000000000    

 *DO LOOP ON PARAMETER= AR30 FROM  1.0000     TO  189.00     BY  1.0000    

 PARAMETER _ICURRENTELEM =     6521.000000    

 MODIFY ELEMENT      6521 (IF SELECTED) TO HAVE  ESYS =     12
     ELEM    MAT   TYP   REL   SEC   ESYS         NODES
    6521   4   4      4      4   12   30907 30908 30733 30734 30533 30534 30554 30553
                                      31888 31907 31501 31908 31041 31087 31089 31092
                                      31892 31891 31549 31547

 *GET  _ICURRENTETYP  FROM  ELEM      6521  ITEM=ATTR TYPE      VALUE=  4.00000000    

 ELEMENT TYPE          4 IS SOLID226     3-D 20-NODE STRU-ELECT SOLID
  KEYOPT( 1- 6)=     1001      0      0        0      0      0
  KEYOPT( 7-12)=        0      0      0        0      0      0
  KEYOPT(13-18)=        0      0      0        0      0      0

 CURRENT NODAL DOF SET IS  UX    UY    UZ    VOLT
  THREE-DIMENSIONAL MODEL

 *GET  _ICURRENTMAT  FROM  ELEM      6521  ITEM=ATTR MAT       VALUE=  4.00000000    

 DELETE PROPERTY  RSVX  FROM MATERIAL          4 TO          4 BY          1

 DELETE PROPERTY  RSVY  FROM MATERIAL          4 TO          4 BY          1

 DELETE PROPERTY  RSVZ  FROM MATERIAL          4 TO          4 BY          1

 DEFINE DATA TABLE  PIEZ  FOR MATERIAL     4

 DATA FOR  PIEZ  TABLE FOR MATERIAL   4
 LOC=  3  2.8000      0.0000      0.0000      0.0000      0.0000      0.0000    

 DATA FOR  PIEZ  TABLE FOR MATERIAL   4
 LOC=  6  2.8000      0.0000      0.0000      0.0000      0.0000      0.0000    

 DATA FOR  PIEZ  TABLE FOR MATERIAL   4
 LOC=  9 -14.700      0.0000      0.0000      0.0000      0.0000      0.0000    

 DATA FOR  PIEZ  TABLE FOR MATERIAL   4
 LOC= 14 -9.8600      0.0000      0.0000      0.0000      0.0000    

 DATA FOR  PIEZ  TABLE FOR MATERIAL   4
 LOC= 16 -9.8600      0.0000      0.0000    

 DEFINE DATA TABLE  DPER  FOR MATERIAL     4

 DATA FOR  DPER  TABLE FOR MATERIAL   4
 LOC=  1  828.30      828.30      699.67      0.0000      0.0000      0.0000    

 *ENDDO  INDEX= AR30                            

 *ENDIF

 SELECT      COMPONENT PIEZOELECTRIC BODY67                                                                                                                                                                                                                                            

 SELECT      ONLY ELEMENTS COMPLETELY CONTAINED WITHIN NODE SET.

        945 ELEMENTS (OF       8605  DEFINED) SELECTED FROM
     1416 SELECTED NODES BY  ESLN COMMAND.

 RESELECT     FOR ITEM=ENAM COMPONENT=    
  IN RANGE       187 TO        187 STEP          1

          0  ELEMENTS (OF       8605  DEFINED) SELECTED BY  ESEL  COMMAND.

 *GET  INUM187   FROM  ELEM  ITEM=COUN           VALUE=  0.00000000    

 *IF  iNum187  ( =   0.00000     )  GT  
      0  ( =   0.00000     )  THEN    

 *ENDIF

 SELECT      COMPONENT PIEZOELECTRIC BODY67                                                                                                                                                                                                                                            

 SELECT      ONLY ELEMENTS COMPLETELY CONTAINED WITHIN NODE SET.

        945 ELEMENTS (OF       8605  DEFINED) SELECTED FROM
     1416 SELECTED NODES BY  ESLN COMMAND.

 RESELECT     FOR ITEM=ENAM COMPONENT=    
  IN RANGE       182 TO        182 STEP          1

          0  ELEMENTS (OF       8605  DEFINED) SELECTED BY  ESEL  COMMAND.

 *GET  INUM182   FROM  ELEM  ITEM=COUN           VALUE=  0.00000000    

 *IF  iNum182  ( =   0.00000     )  GT  
      0  ( =   0.00000     )  THEN    

 *ENDIF

 SELECT      COMPONENT PIEZOELECTRIC BODY67                                                                                                                                                                                                                                            

 SELECT      ONLY ELEMENTS COMPLETELY CONTAINED WITHIN NODE SET.

        945 ELEMENTS (OF       8605  DEFINED) SELECTED FROM
     1416 SELECTED NODES BY  ESLN COMMAND.

 RESELECT     FOR ITEM=ENAM COMPONENT=    
  IN RANGE       183 TO        183 STEP          1

          0  ELEMENTS (OF       8605  DEFINED) SELECTED BY  ESEL  COMMAND.

 *GET  INUM183   FROM  ELEM  ITEM=COUN           VALUE=  0.00000000    

 *IF  iNum183  ( =   0.00000     )  GT  
      0  ( =   0.00000     )  THEN    

 *ENDIF

 EM UNITS = USER  EPZERO= 0.88540E-11


 ***** ROUTINE COMPLETED *****  CP =         1.469



 *****  MAPDL SOLUTION ROUTINE  *****

 SELECT ALL ENTITIES OF TYPE= ALL  AND BELOW

 WRITE FGRA ITEMS TO THE DATABASE WITH A FREQUENCY OF ALL 
   FOR ALL APPLICABLE ENTITIES

 *GET  ANSINTER_  FROM  ACTI  ITEM=INT        VALUE=  0.00000000    

 *IF  ANSINTER_  ( =   0.00000     )  NE  
      0  ( =   0.00000     )  THEN    

 *ENDIF

 *** NOTE ***                            CP =       1.594   TIME= 20:00:33
 The automatic domain decomposition logic has selected the MESH domain   
 decomposition method with 4 processes per solution.                     

 *****  MAPDL SOLVE    COMMAND  *****

 *** WARNING ***                         CP =       1.906   TIME= 20:00:33
 Element shape checking is currently inactive.  Issue SHPP,ON or         
 SHPP,WARN to reactivate, if desired.                                    

 *** NOTE ***                            CP =       1.969   TIME= 20:00:33
 The model data was checked and warning messages were found.             
  Please review output or errors file (                                  
 C:\Users\stolf\dev\EsercitazioniSensori\esercitazione_b\esercizio_1\_Pr 
 rojectScratch\Scr4407\file0.err ) for these warning messages.           

 *** SELECTION OF ELEMENT TECHNOLOGIES FOR APPLICABLE ELEMENTS ***
      --- GIVE SUGGESTIONS AND RESET THE KEY OPTIONS ---

 ELEMENT TYPE         1 IS SOLID186. KEYOPT(2) IS ALREADY SET AS SUGGESTED FOR A COUPLED FIELD ANALYSIS.

 ELEMENT TYPE         2 IS SOLID186. KEYOPT(2) IS ALREADY SET AS SUGGESTED FOR A COUPLED FIELD ANALYSIS.



 *** MAPDL - ENGINEERING ANALYSIS SYSTEM  RELEASE 2025 R2          25.2     ***
 Ansys Mechanical Enterprise Academic Student      
 01055371  VERSION=WINDOWS x64   20:00:33  NOV 29, 2025 CP=      1.969

 simulazioneTrasduttoreUltrasonico--Modal (C3)                                 



                       S O L U T I O N   O P T I O N S

   PROBLEM DIMENSIONALITY. . . . . . . . . . . . .3-D                  
   DEGREES OF FREEDOM. . . . . . UX   UY   UZ   VOLT
   ANALYSIS TYPE . . . . . . . . . . . . . . . . .MODAL                
      EXTRACTION METHOD. . . . . . . . . . . . . .BLOCK LANCZOS
   OFFSET TEMPERATURE FROM ABSOLUTE ZERO . . . . .  273.15    
   THERMAL EXPANSION . . . . . . . . . . . . . . .OFF
   NUMBER OF MODES TO EXTRACT. . . . . . . . . . .    -1
   MODAL EXTRACTION RANGE. . . . . . . . . . . . .  36000.     TO   44000.    
   GLOBALLY ASSEMBLED MATRIX . . . . . . . . . . .SYMMETRIC  
   NUMBER OF MODES TO EXPAND . . . . . . . . . . .ALL
   ELEMENT RESULTS CALCULATION . . . . . . . . . .ON 

 *** NOTE ***                            CP =       1.969   TIME= 20:00:33
 The structural-electrostatic analysis with KEYOPT(1) = 1001 of element  
 SOLID226 will be piezoelectric.                                         

 *** NOTE ***                            CP =       1.969   TIME= 20:00:33
 The structural-electrostatic analysis with KEYOPT(1) = 1001 of element  
 SOLID226 will be piezoelectric.                                         

 *** WARNING ***                         CP =       1.969   TIME= 20:00:33
 No constraints have been defined using the D command.                   

 *** NOTE ***                            CP =       1.969   TIME= 20:00:33
 The step data was checked and warning messages were found.              
  Please review output or errors file (                                  
 C:\Users\stolf\dev\EsercitazioniSensori\esercitazione_b\esercizio_1\_Pr 
 rojectScratch\Scr4407\file0.err ) for these warning messages.           

 *** NOTE ***                            CP =       1.969   TIME= 20:00:33
 The conditions for direct assembly have been met.  No .emat or .erot    
 files will be produced.                                                 

 *** WARNING ***                         CP =       2.406   TIME= 20:00:33
 Contact element 10208 is missing DOF VOLT (and possibly others) of      
 underlying base element 6519.  Similar mismatches may exist elsewhere,  
 but checking for this is discontinued.                                  

 *** NOTE ***                            CP =       3.156   TIME= 20:00:33
 Symmetric Deformable- deformable contact pair identified by real        
 constant set 5 and contact element type 5 has been set up.  The         
 companion pair has real constant set ID 6.  Both pairs should have the  
 same behavior.                                                          
 MAPDL will deactivate the current pair and keep its companion pair,     
 resulting in asymmetric contact.                                        
 Auto surface constraint is built
 Contact algorithm: MPC based approach

 *** NOTE ***                            CP =       3.156   TIME= 20:00:33
 Contact related postprocess items (ETABLE, pressure ...) are not        
 available.                                                              
 Contact detection at: nodal point (normal to target surface)
 MPC will be built internally to handle bonded contact.
 Average contact surface length               0.15061E-02
 Average contact pair depth                   0.16727E-02
 Average target surface length                0.14897E-02
 Default pinball region factor PINB           0.25000    
 The resulting pinball region                 0.41818E-03
 Default target edge extension factor TOLS     2.0000    
 Initial penetration/gap is excluded.
 Bonded contact (always) is defined.

 *** NOTE ***                            CP =       3.156   TIME= 20:00:33
 Max.  Initial penetration 8.19999648E-10 was detected between contact   
 element 10183 and target element 10417.                                 
 ****************************************
  

 *** NOTE ***                            CP =       3.156   TIME= 20:00:33
 Symmetric Deformable- deformable contact pair identified by real        
 constant set 6 and contact element type 5 has been set up.  The         
 companion pair has real constant set ID 5.  Both pairs should have the  
 same behavior.                                                          
 MAPDL will keep the current pair and deactivate its companion pair,     
 resulting in asymmetric contact.                                        
 Auto surface constraint is built
 Contact algorithm: MPC based approach

 *** NOTE ***                            CP =       3.156   TIME= 20:00:33
 Contact related postprocess items (ETABLE, pressure ...) are not        
 available.                                                              
 Contact detection at: nodal point (normal to target surface)
 MPC will be built internally to handle bonded contact.
 Average contact surface length               0.15136E-02
 Average contact pair depth                   0.10004E-02
 Average target surface length                0.14765E-02
 Default pinball region factor PINB           0.25000    
 The resulting pinball region                 0.25010E-03
 Default target edge extension factor TOLS     2.0000    
 Initial penetration/gap is excluded.
 Bonded contact (always) is defined.

 *** NOTE ***                            CP =       3.156   TIME= 20:00:33
 Max.  Initial penetration 8.200005932E-10 was detected between contact  
 element 10208 and target element 9967.                                  
 ****************************************
  

 *** NOTE ***                            CP =       3.156   TIME= 20:00:33
 Symmetric Deformable- deformable contact pair identified by real        
 constant set 7 and contact element type 7 has been set up.  The         
 companion pair has real constant set ID 8.  Both pairs should have the  
 same behavior.                                                          
 MAPDL will keep the current pair and deactivate its companion pair,     
 resulting in asymmetric contact.                                        
 Auto surface constraint is built
 Contact algorithm: MPC based approach

 *** NOTE ***                            CP =       3.156   TIME= 20:00:33
 Contact related postprocess items (ETABLE, pressure ...) are not        
 available.                                                              
 Contact detection at: nodal point (normal to target surface)
 MPC will be built internally to handle bonded contact.
 Average contact surface length               0.12825E-02
 Average contact pair depth                   0.10000E-02
 Average target surface length                0.14636E-02
 Default pinball region factor PINB           0.25000    
 The resulting pinball region                 0.25000E-03
 Default target edge extension factor TOLS     2.0000    
 Initial penetration/gap is excluded.
 Bonded contact (always) is defined.

 *** NOTE ***                            CP =       3.156   TIME= 20:00:33
 Max.  Initial penetration 1.281125976E-09 was detected between contact  
 element 10721 and target element 11022.                                 
 You may move entire target surface by : x= 9.70211789E-17, y=           
 -2.210082824E-17, z= 1.281125976E-09,to reduce initial penetration.     
 ****************************************
  

 *** NOTE ***                            CP =       3.156   TIME= 20:00:33
 Symmetric Deformable- deformable contact pair identified by real        
 constant set 8 and contact element type 7 has been set up.  The         
 companion pair has real constant set ID 7.  Both pairs should have the  
 same behavior.                                                          
 MAPDL will deactivate the current pair and keep its companion pair,     
 resulting in asymmetric contact.                                        
 Auto surface constraint is built
 Contact algorithm: MPC based approach

 *** NOTE ***                            CP =       3.156   TIME= 20:00:33
 Contact related postprocess items (ETABLE, pressure ...) are not        
 available.                                                              
 Contact detection at: nodal point (normal to target surface)
 MPC will be built internally to handle bonded contact.
 Average contact surface length               0.14872E-02
 Average contact pair depth                   0.16682E-02
 Average target surface length                0.12765E-02
 Default pinball region factor PINB           0.25000    
 The resulting pinball region                 0.41705E-03
 Default target edge extension factor TOLS     2.0000    
 Initial penetration/gap is excluded.
 Bonded contact (always) is defined.

 *** NOTE ***                            CP =       3.156   TIME= 20:00:33
 Max.  Initial penetration 1.282117419E-09 was detected between contact  
 element 10867 and target element 10534.                                 
 ****************************************
  

 *** NOTE ***                            CP =       3.156   TIME= 20:00:33
 Symmetric Deformable- deformable contact pair identified by real        
 constant set 9 and contact element type 9 has been set up.  The         
 companion pair has real constant set ID 10.  Both pairs should have     
 the same behavior.                                                      
 MAPDL will deactivate the current pair and keep its companion pair,     
 resulting in asymmetric contact.                                        
 Auto surface constraint is built
 Contact algorithm: MPC based approach

 *** NOTE ***                            CP =       3.156   TIME= 20:00:33
 Contact related postprocess items (ETABLE, pressure ...) are not        
 available.                                                              
 Contact detection at: nodal point (normal to target surface)
 MPC will be built internally to handle bonded contact.
 Average contact surface length               0.15041E-02
 Average contact pair depth                   0.10003E-02
 Average target surface length                0.12765E-02
 Default pinball region factor PINB           0.25000    
 The resulting pinball region                 0.25008E-03
 Default target edge extension factor TOLS     2.0000    
 Initial penetration/gap is excluded.
 Bonded contact (always) is defined.

 *** NOTE ***                            CP =       3.156   TIME= 20:00:33
 Max.  Initial penetration 9.936250087E-10 was detected between contact  
 element 11304 and target element 11726.                                 
 ****************************************
  

 *** NOTE ***                            CP =       3.156   TIME= 20:00:33
 Symmetric Deformable- deformable contact pair identified by real        
 constant set 10 and contact element type 9 has been set up.  The        
 companion pair has real constant set ID 9.  Both pairs should have the  
 same behavior.                                                          
 MAPDL will keep the current pair and deactivate its companion pair,     
 resulting in asymmetric contact.                                        
 Auto surface constraint is built
 Contact algorithm: MPC based approach

 *** NOTE ***                            CP =       3.156   TIME= 20:00:33
 Contact related postprocess items (ETABLE, pressure ...) are not        
 available.                                                              
 Contact detection at: nodal point (normal to target surface)
 MPC will be built internally to handle bonded contact.
 Average contact surface length               0.12825E-02
 Average contact pair depth                   0.10000E-02
 Average target surface length                0.14895E-02
 Default pinball region factor PINB           0.25000    
 The resulting pinball region                 0.25000E-03
 Default target edge extension factor TOLS     2.0000    
 Initial penetration/gap is excluded.
 Bonded contact (always) is defined.

 *** NOTE ***                            CP =       3.156   TIME= 20:00:33
 Max.  Initial penetration 9.228590695E-10 was detected between contact  
 element 11537 and target element 11165.                                 
 ****************************************
  
  
  

  
  
     D I S T R I B U T E D   D O M A I N   D E C O M P O S E R
  
  ...Number of elements: 8605
  ...Number of nodes:    31908
  ...Decompose to 4 CPU domains
  ...Element load balance ratio =     1.048


                      L O A D   S T E P   O P T I O N S

   LOAD STEP NUMBER. . . . . . . . . . . . . . . .     1
   THERMAL STRAINS INCLUDED IN THE LOAD VECTOR . .    NO
   PRINT OUTPUT CONTROLS . . . . . . . . . . . . .NO PRINTOUT
   DATABASE OUTPUT CONTROLS
      ITEM     FREQUENCY   COMPONENT
       ALL       NONE               
      NSOL        ALL               
      VENG        ALL               
      STRS        ALL               
      EPEL        ALL               
      EPPL        ALL               
      RSOL        ALL               
      NLOA        ALL               
      CONT        ALL               
      FGRA        ALL               



                         ***********  PRECISE MASS SUMMARY  ***********

   TOTAL RIGID BODY MASS MATRIX ABOUT ORIGIN
               Translational mass               |   Coupled translational/rotational mass
        0.10828        0.0000        0.0000     |     0.0000       0.40878E-02   0.25180E-11
         0.0000       0.10828        0.0000     |   -0.40878E-02    0.0000       0.89883E-11
         0.0000        0.0000       0.10828     |   -0.25180E-11  -0.89883E-11    0.0000    
     ------------------------------------------ | ------------------------------------------
                                                |         Rotational mass (inertia)
                                                |    0.20750E-03   0.32031E-12  -0.35924E-12
                                                |    0.32031E-12   0.20750E-03   0.12043E-12
                                                |   -0.35924E-12   0.12043E-12   0.54142E-05

   TOTAL MASS = 0.10828    
     The mass principal axes coincide with the global Cartesian axes

   CENTER OF MASS (X,Y,Z)=   0.83007E-10  -0.23254E-10   0.37751E-01

   TOTAL INERTIA ABOUT CENTER OF MASS
        0.53184E-04   0.32031E-12  -0.19920E-13
        0.32031E-12   0.53184E-04   0.25372E-13
       -0.19920E-13   0.25372E-13   0.54142E-05
     The inertia principal axes coincide with the global Cartesian axes


  *** MASS SUMMARY BY ELEMENT TYPE ***

  TYPE      MASS
     1  0.517935E-01
     2  0.516527E-01
     3  0.241902E-02
     4  0.241903E-02

 Range of element maximum matrix coefficients in global coordinates
 Maximum = 605393236 at element 6497.                                    
 Minimum = 88331744.7 at element 6646.                                   

   *** ELEMENT MATRIX FORMULATION TIMES
     TYPE    NUMBER   ENAME      TOTAL CP  AVE CP

        1      3168  SOLID186      0.812   0.000256
        2      3212  SOLID186      0.875   0.000272
        3       140  SOLID226      0.078   0.000558
        4       189  SOLID226      0.125   0.000661
        5       284  CONTA174      0.062   0.000220
        6       284  TARGE170      0.000   0.000000
        7       335  CONTA174      0.109   0.000326
        8       335  TARGE170      0.000   0.000000
        9       329  CONTA174      0.094   0.000285
       10       329  TARGE170      0.000   0.000000
 Time at end of element matrix formulation CP = 6.015625.                

  BLOCK LANCZOS CALCULATION OF ALL EIGENVECTORS.
  NUMBER OF EQUATIONS              =        93215
  MAXIMUM WAVEFRONT                =          999
  MAXIMUM MODES STORED             =        93215
  MINIMUM EIGENVALUE               =  0.36000E+05
  MAXIMUM EIGENVALUE               =  0.44000E+05



  Memory allocated on only this MPI rank (rank     0)
  -------------------------------------------------------------------
  Equation solver memory allocated                     =   275.335 MB
  Equation solver memory required for in-core mode     =   262.281 MB
  Equation solver memory required for out-of-core mode =    81.692 MB
  Total (solver and non-solver) memory allocated       =   992.663 MB


  Total memory summed across all MPI ranks on this machines
  -------------------------------------------------------------------
  Equation solver memory allocated                     =  1188.402 MB
  Equation solver memory required for in-core mode     =  1132.112 MB
  Equation solver memory required for out-of-core mode =   289.706 MB
  Total (solver and non-solver) memory allocated       =  2975.066 MB

 *** NOTE ***                            CP =       7.766   TIME= 20:00:37
 The Distributed Sparse Matrix Solver used by the Block Lanczos          
 eigensolver is currently running in the in-core memory mode.  This      
 memory mode uses the most amount of memory in order to avoid using the  
 hard drive as much as possible, which most often results in the         
 fastest solution time.  This mode is recommended if enough physical     
 memory is present to accommodate all of the solver data.                

  Process memory required for in-core LANCZOS Workspace             =     216.117203 MB
  Process memory required for out-of-core LANCZOS Workspace         =     4.456253 MB

  Total   memory required for in-core LANCZOS Workspace             =     707.167847 MB
  Total   memory required for out-of-core LANCZOS Workspace         =     15.906708 MB

  Lanczos Memory Mode : INCORE


  >> Shift # 1 :  |                                  : 3 Eigenvalues Converged


 *** MAPDL - ENGINEERING ANALYSIS SYSTEM  RELEASE 2025 R2          25.2     ***
 Ansys Mechanical Enterprise Academic Student      
 01055371  VERSION=WINDOWS x64   20:00:43  NOV 29, 2025 CP=     13.516

 simulazioneTrasduttoreUltrasonico--Modal (C3)                                 



 *** FREQUENCIES FROM BLOCK LANCZOS ITERATION ***

  MODE    FREQUENCY (HERTZ)      



   FREQUENCY RANGE REQUESTED=   36000.0       44000.0    
    1     37218.60472988    
    2     37222.31417749    
    3     39257.19897299    

   *** ELEMENT RESULT CALCULATION TIMES
     TYPE    NUMBER   ENAME      TOTAL CP  AVE CP

        1      3168  SOLID186      0.828   0.000261
        2      3212  SOLID186      0.734   0.000229
        3       140  SOLID226      0.141   0.001004
        4       189  SOLID226      0.125   0.000661

   *** NODAL LOAD CALCULATION TIMES
     TYPE    NUMBER   ENAME      TOTAL CP  AVE CP

        1      3168  SOLID186      0.031   0.000010
        2      3212  SOLID186      0.094   0.000029
        3       140  SOLID226      0.000   0.000000
        4       189  SOLID226      0.016   0.000083

 *** MAPDL - ENGINEERING ANALYSIS SYSTEM  RELEASE 2025 R2          25.2     ***
 Ansys Mechanical Enterprise Academic Student      
 01055371  VERSION=WINDOWS x64   20:00:44  NOV 29, 2025 CP=     15.328

 simulazioneTrasduttoreUltrasonico--Modal (C3)                                 





          ***** PARTICIPATION FACTOR CALCULATION *****  X  DIRECTION
                                                                                  CUMULATIVE     RATIO EFF.MASS
  MODE   FREQUENCY       PERIOD      PARTIC.FACTOR     RATIO    EFFECTIVE MASS   MASS FRACTION   TO TOTAL MASS
     1     37218.6       0.26868E-04    0.0000        0.000000     0.00000         0.00000         0.00000    
     2     37222.3       0.26866E-04    0.0000        0.000000     0.00000         0.00000         0.00000    
     3     39257.2       0.25473E-04    0.0000        0.000000     0.00000         0.00000         0.00000    



          ***** PARTICIPATION FACTOR CALCULATION *****  Y  DIRECTION
                                                                                  CUMULATIVE     RATIO EFF.MASS
  MODE   FREQUENCY       PERIOD      PARTIC.FACTOR     RATIO    EFFECTIVE MASS   MASS FRACTION   TO TOTAL MASS
     1     37218.6       0.26868E-04    0.0000        0.000000     0.00000         0.00000         0.00000    
     2     37222.3       0.26866E-04    0.0000        0.000000     0.00000         0.00000         0.00000    
     3     39257.2       0.25473E-04    0.0000        0.000000     0.00000         0.00000         0.00000    



          ***** PARTICIPATION FACTOR CALCULATION *****  Z  DIRECTION
                                                                                  CUMULATIVE     RATIO EFF.MASS
  MODE   FREQUENCY       PERIOD      PARTIC.FACTOR     RATIO    EFFECTIVE MASS   MASS FRACTION   TO TOTAL MASS
     1     37218.6       0.26868E-04    0.0000        0.000000     0.00000         0.00000         0.00000    
     2     37222.3       0.26866E-04    0.0000        0.000000     0.00000         0.00000         0.00000    
     3     39257.2       0.25473E-04    0.0000        0.000000     0.00000         0.00000         0.00000    



          ***** PARTICIPATION FACTOR CALCULATION *****ROTX DIRECTION
                                                                                  CUMULATIVE     RATIO EFF.MASS
  MODE   FREQUENCY       PERIOD      PARTIC.FACTOR     RATIO    EFFECTIVE MASS   MASS FRACTION   TO TOTAL MASS
     1     37218.6       0.26868E-04    0.0000        0.000000     0.00000         0.00000         0.00000    
     2     37222.3       0.26866E-04    0.0000        0.000000     0.00000         0.00000         0.00000    
     3     39257.2       0.25473E-04    0.0000        0.000000     0.00000         0.00000         0.00000    



          ***** PARTICIPATION FACTOR CALCULATION *****ROTY DIRECTION
                                                                                  CUMULATIVE     RATIO EFF.MASS
  MODE   FREQUENCY       PERIOD      PARTIC.FACTOR     RATIO    EFFECTIVE MASS   MASS FRACTION   TO TOTAL MASS
     1     37218.6       0.26868E-04    0.0000        0.000000     0.00000         0.00000         0.00000    
     2     37222.3       0.26866E-04    0.0000        0.000000     0.00000         0.00000         0.00000    
     3     39257.2       0.25473E-04    0.0000        0.000000     0.00000         0.00000         0.00000    



          ***** PARTICIPATION FACTOR CALCULATION *****ROTZ DIRECTION
                                                                                  CUMULATIVE     RATIO EFF.MASS
  MODE   FREQUENCY       PERIOD      PARTIC.FACTOR     RATIO    EFFECTIVE MASS   MASS FRACTION   TO TOTAL MASS
     1     37218.6       0.26868E-04    0.0000        0.000000     0.00000         0.00000         0.00000    
     2     37222.3       0.26866E-04    0.0000        0.000000     0.00000         0.00000         0.00000    
     3     39257.2       0.25473E-04    0.0000        0.000000     0.00000         0.00000         0.00000    





 *** NOTE ***                            CP =      15.328   TIME= 20:00:44
 The modes requested are mass normalized (Nrmkey on MODOPT).  However,   
 the modal masses and kinetic energies below are calculated with unit    
 normalized modes.                                                       

        ***** MODAL MASSES, KINETIC ENERGIES, AND TRANSLATIONAL EFFECTIVE MASSES SUMMARY *****

                                                                         EFFECTIVE MASS
  MODE  FREQUENCY   MODAL MASS     KENE      |      X-DIR      RATIO%   Y-DIR      RATIO%   Z-DIR      RATIO% 
     1  0.3722E+05  0.3184E-19  0.8706E-09   |     0.000        0.00   0.000        0.00   0.000        0.00
     2  0.3722E+05  0.2398E-19  0.6558E-09   |     0.000        0.00   0.000        0.00   0.000        0.00
     3  0.3926E+05  0.1309E-17  0.3981E-07   |     0.000        0.00   0.000        0.00   0.000        0.00


 *** MAPDL BINARY FILE STATISTICS
  BUFFER SIZE USED= 16384
        2.125 MB WRITTEN ON ELEMENT SAVED DATA FILE: file0.esav
       39.438 MB WRITTEN ON ASSEMBLED MATRIX FILE: file0.full
        0.875 MB WRITTEN ON MODAL MATRIX FILE: file0.mode
        8.688 MB WRITTEN ON RESULTS FILE: file0.rst
 *************** Write FE CONNECTORS *********

 WRITE OUT CONSTRAINT EQUATIONS TO FILE= file.ce                                                                                                                                                                                                                                                             

 *GET  _NMODALSOLPROC  FROM  ACTI  ITEM=NUMC       VALUE=  4.00000000    

 FINISH SOLUTION PROCESSING


 ***** ROUTINE COMPLETED *****  CP =        15.672



 ALL CURRENT MAPDL DATA WRITTEN TO FILE NAME= file.db
  FOR POSSIBLE RESUME FROM THIS POINT

 PRINTOUT RESUMED BY /GOP

 *GET  _WALLASOL  FROM  ACTI  ITEM=TIME WALL  VALUE=  20.0125000    

 *** MAPDL - ENGINEERING ANALYSIS SYSTEM  RELEASE 2025 R2          25.2     ***
 Ansys Mechanical Enterprise Academic Student      
 01055371  VERSION=WINDOWS x64   20:00:45  NOV 29, 2025 CP=     15.812

 simulazioneTrasduttoreUltrasonico--Modal (C3)                                 



          ***** MAPDL RESULTS INTERPRETATION (POST1) *****

 *** NOTE ***                            CP =      15.812   TIME= 20:00:45
 Reading results into the database (SET command) will update the current 
 displacement and force boundary conditions in the database with the     
 values from the results file for that load set.  Note that any          
 subsequent solutions will use these values unless action is taken to    
 either SAVE the current values or not overwrite them (/EXIT,NOSAVE).    

 PRINTOUT RESUMED BY /GOP

 Set Encoding of XML File to:ISO-8859-1

 Set Output of XML File to:
     PARM,     ,     ,     ,     ,     ,     ,     ,     ,     ,     ,     ,
         ,     ,     ,     ,     ,     ,     ,

 DATABASE WRITTEN ON FILE  parm.xml                                                                                                                                                                                                                                                            

 EXIT THE MAPDL POST1 DATABASE PROCESSOR


 ***** ROUTINE COMPLETED *****  CP =        15.828



 PRINTOUT RESUMED BY /GOP

 *GET  _WALLDONE  FROM  ACTI  ITEM=TIME WALL  VALUE=  20.0125000    

 PARAMETER _PREPTIME =     0.000000000    

 PARAMETER _SOLVTIME =     13.00000000    

 PARAMETER _POSTTIME =     0.000000000    

 PARAMETER _TOTALTIM =     13.00000000    

 *GET  _DLBRATIO  FROM  ACTI  ITEM=SOLU DLBR  VALUE=  1.04801239    

 *GET  _COMBTIME  FROM  ACTI  ITEM=SOLU COMB  VALUE= 0.185805300    

 *GET  _SSMODE   FROM  ACTI  ITEM=SOLU SSMM  VALUE=  2.00000000    

 *GET  _NDOFS    FROM  ACTI  ITEM=SOLU NDOF  VALUE=  93215.0000    
 --- Total number of nodes = 31908
 --- Total number of elements = 8605
 --- Element load balance ratio = 1.04801239
 --- Time to combine distributed files = 0.1858053
 --- Sparse memory mode = 2
 --- Number of DOF = 93215

 EXIT MAPDL WITHOUT SAVING DATABASE


 NUMBER OF WARNING MESSAGES ENCOUNTERED=          3
 NUMBER OF ERROR   MESSAGES ENCOUNTERED=          0

+--------------------- M A P D L   S T A T I S T I C S ------------------------+

Release: 2025 R2            Build: 25.2       Update: UP20250519   Platform: WINDOWS x64 
Date Run: 11/29/2025   Time: 20:00     Process ID: 14996
Operating System: Windows 11  (Build: 26100)

Processor Model: Intel(R) Core(TM) i9-10885H CPU @ 2.40GHz

Compiler: Intel(R) Fortran Compiler Classic Version 2021.9  (Build: 20230302)
          Intel(R) C/C++ Compiler Classic Version 2021.9  (Build: 20230302)
          Intel(R) oneAPI Math Kernel Library Version 2024.2.3-Product Build 20250403

Number of machines requested            :    1
Total number of cores available         :   16
Number of physical cores available      :    8
Number of processes requested           :    4
Number of threads per process requested :    1
Total number of cores requested         :    4 (Distributed Memory Parallel)               
MPI Type: INTELMPI
MPI Version: Intel(R) MPI Library 2021.14 for Windows* OS


GPU Acceleration: Not Requested

Job Name: file0
Input File: dummy.dat

  Core                Machine Name   Working Directory
 -----------------------------------------------------
     0         Dell-XPS-di-Michael   C:\Users\stolf\dev\EsercitazioniSensori\esercitazione_b\esercizio_1\_ProjectScratch\Scr4407
     1         Dell-XPS-di-Michael   C:\Users\stolf\dev\EsercitazioniSensori\esercitazione_b\esercizio_1\_ProjectScratch\Scr4407
     2         Dell-XPS-di-Michael   C:\Users\stolf\dev\EsercitazioniSensori\esercitazione_b\esercizio_1\_ProjectScratch\Scr4407
     3         Dell-XPS-di-Michael   C:\Users\stolf\dev\EsercitazioniSensori\esercitazione_b\esercizio_1\_ProjectScratch\Scr4407
 
Latency time from master to core     1 =    5.129 microseconds
Latency time from master to core     2 =    6.647 microseconds
Latency time from master to core     3 =    6.094 microseconds
 
Communication speed from master to core     1 =  4840.39 MB/sec
Communication speed from master to core     2 =  4749.80 MB/sec
Communication speed from master to core     3 =  7587.11 MB/sec

Total CPU time for main thread                    :       13.4 seconds
Total CPU time summed for all threads             :       16.5 seconds

Elapsed time spent obtaining a license            :        0.5 seconds
Elapsed time spent pre-processing model (/PREP7)  :        0.3 seconds
Elapsed time spent solution - preprocessing       :        0.7 seconds
Elapsed time spent computing solution             :       11.1 seconds
Elapsed time spent solution - postprocessing      :        0.2 seconds
Elapsed time spent post-processing model (/POST1) :        0.0 seconds
 
Eigensolver used                                  :            Block Lanczos
Equation solver computational rate                :       65.9 Gflops

Sum of disk space used on all processes           :      228.5 MB

Sum of memory used on all processes               :     1900.0 MB
Sum of memory allocated on all processes          :     4075.0 MB
Physical memory available                         :         32 GB
Total amount of I/O written to disk               :        0.1 GB
Total amount of I/O read from disk                :        0.0 GB

+------------------ E N D   M A P D L   S T A T I S T I C S -------------------+


 *-----------------------------------------------------------------------------*
 |                                                                             |
 |                               RUN COMPLETED                                 |
 |                                                                             |
 |-----------------------------------------------------------------------------|
 |                                                                             |
 |  Ansys MAPDL 2025 R2         Build 25.2         UP20250519    WINDOWS x64   |
 |                                                                             |
 |-----------------------------------------------------------------------------|
 |                                                                             |
 |  Database Requested(-db)     1024 MB     Scratch Memory Requested   1024 MB |
 |  Max Database Used(Master)     20 MB     Max Scratch Used(Master)    464 MB |
 |  Max Database Used(Workers)     1 MB     Max Scratch Used(Workers)   568 MB |
 |  Sum Database Used(All)        23 MB     Sum Scratch Used(All)      1877 MB |
 |                                                                             |
 |-----------------------------------------------------------------------------|
 |                                                                             |
 |        CP Time      (sec) =         16.484       Time  =  20:00:56          |
 |        Elapsed Time (sec) =         30.000       Date  =  11/29/2025        |
 |                                                                             |
 *-----------------------------------------------------------------------------*
